[2023-03-07T20:23:29.605+0000] {processor.py:153} INFO - Started process (PID=51) to work on /home/airflow/.local/lib/python3.7/site-packages/airflow/example_dags/example_complex.py
[2023-03-07T20:23:29.611+0000] {processor.py:743} INFO - Processing file /home/airflow/.local/lib/python3.7/site-packages/airflow/example_dags/example_complex.py for tasks to queue
[2023-03-07T20:23:29.613+0000] {logging_mixin.py:137} INFO - [2023-03-07T20:23:29.613+0000] {dagbag.py:538} INFO - Filling up the DagBag from /home/airflow/.local/lib/python3.7/site-packages/airflow/example_dags/example_complex.py
[2023-03-07T20:23:29.668+0000] {logging_mixin.py:137} INFO - [2023-03-07T20:23:29.668+0000] {taskmixin.py:205} WARNING - Dependency <Task(BashOperator): create_entry_group>, delete_entry_group already registered for DAG: example_complex
[2023-03-07T20:23:29.671+0000] {logging_mixin.py:137} INFO - [2023-03-07T20:23:29.671+0000] {taskmixin.py:205} WARNING - Dependency <Task(BashOperator): delete_entry_group>, create_entry_group already registered for DAG: example_complex
[2023-03-07T20:23:29.672+0000] {logging_mixin.py:137} INFO - [2023-03-07T20:23:29.672+0000] {taskmixin.py:205} WARNING - Dependency <Task(BashOperator): create_entry_gcs>, delete_entry already registered for DAG: example_complex
[2023-03-07T20:23:29.673+0000] {logging_mixin.py:137} INFO - [2023-03-07T20:23:29.673+0000] {taskmixin.py:205} WARNING - Dependency <Task(BashOperator): delete_entry>, create_entry_gcs already registered for DAG: example_complex
[2023-03-07T20:23:29.674+0000] {logging_mixin.py:137} INFO - [2023-03-07T20:23:29.674+0000] {taskmixin.py:205} WARNING - Dependency <Task(BashOperator): create_tag>, delete_tag already registered for DAG: example_complex
[2023-03-07T20:23:29.674+0000] {logging_mixin.py:137} INFO - [2023-03-07T20:23:29.674+0000] {taskmixin.py:205} WARNING - Dependency <Task(BashOperator): delete_tag>, create_tag already registered for DAG: example_complex
[2023-03-07T20:23:29.701+0000] {processor.py:753} INFO - DAG(s) dict_keys(['example_complex']) retrieved from /home/airflow/.local/lib/python3.7/site-packages/airflow/example_dags/example_complex.py
[2023-03-07T20:23:29.786+0000] {logging_mixin.py:137} INFO - [2023-03-07T20:23:29.786+0000] {dag.py:2690} INFO - Sync 1 DAGs
[2023-03-07T20:23:29.858+0000] {logging_mixin.py:137} INFO - [2023-03-07T20:23:29.858+0000] {dag.py:3441} INFO - Setting next_dagrun for example_complex to None, run_after=None
[2023-03-07T20:23:29.947+0000] {processor.py:175} INFO - Processing /home/airflow/.local/lib/python3.7/site-packages/airflow/example_dags/example_complex.py took 0.358 seconds
[2023-03-07T20:24:35.206+0000] {processor.py:153} INFO - Started process (PID=124) to work on /home/airflow/.local/lib/python3.7/site-packages/airflow/example_dags/example_complex.py
[2023-03-07T20:24:35.255+0000] {processor.py:743} INFO - Processing file /home/airflow/.local/lib/python3.7/site-packages/airflow/example_dags/example_complex.py for tasks to queue
[2023-03-07T20:24:35.307+0000] {logging_mixin.py:137} INFO - [2023-03-07T20:24:35.279+0000] {dagbag.py:538} INFO - Filling up the DagBag from /home/airflow/.local/lib/python3.7/site-packages/airflow/example_dags/example_complex.py
[2023-03-07T20:24:37.371+0000] {logging_mixin.py:137} INFO - [2023-03-07T20:24:37.339+0000] {taskmixin.py:205} WARNING - Dependency <Task(BashOperator): create_entry_group>, delete_entry_group already registered for DAG: example_complex
[2023-03-07T20:24:37.415+0000] {logging_mixin.py:137} INFO - [2023-03-07T20:24:37.414+0000] {taskmixin.py:205} WARNING - Dependency <Task(BashOperator): delete_entry_group>, create_entry_group already registered for DAG: example_complex
[2023-03-07T20:24:37.418+0000] {logging_mixin.py:137} INFO - [2023-03-07T20:24:37.418+0000] {taskmixin.py:205} WARNING - Dependency <Task(BashOperator): create_entry_gcs>, delete_entry already registered for DAG: example_complex
[2023-03-07T20:24:37.422+0000] {logging_mixin.py:137} INFO - [2023-03-07T20:24:37.421+0000] {taskmixin.py:205} WARNING - Dependency <Task(BashOperator): delete_entry>, create_entry_gcs already registered for DAG: example_complex
[2023-03-07T20:24:37.431+0000] {logging_mixin.py:137} INFO - [2023-03-07T20:24:37.430+0000] {taskmixin.py:205} WARNING - Dependency <Task(BashOperator): create_tag>, delete_tag already registered for DAG: example_complex
[2023-03-07T20:24:37.453+0000] {logging_mixin.py:137} INFO - [2023-03-07T20:24:37.453+0000] {taskmixin.py:205} WARNING - Dependency <Task(BashOperator): delete_tag>, create_tag already registered for DAG: example_complex
[2023-03-07T20:24:39.334+0000] {processor.py:753} INFO - DAG(s) dict_keys(['example_complex']) retrieved from /home/airflow/.local/lib/python3.7/site-packages/airflow/example_dags/example_complex.py
