[2023-03-07T20:21:23.830+0000] {processor.py:153} INFO - Started process (PID=55) to work on /home/airflow/.local/lib/python3.7/site-packages/airflow/example_dags/example_local_kubernetes_executor.py
[2023-03-07T20:21:23.856+0000] {processor.py:743} INFO - Processing file /home/airflow/.local/lib/python3.7/site-packages/airflow/example_dags/example_local_kubernetes_executor.py for tasks to queue
[2023-03-07T20:21:23.871+0000] {logging_mixin.py:137} INFO - [2023-03-07T20:21:23.871+0000] {dagbag.py:538} INFO - Filling up the DagBag from /home/airflow/.local/lib/python3.7/site-packages/airflow/example_dags/example_local_kubernetes_executor.py
[2023-03-07T20:21:25.889+0000] {processor.py:753} INFO - DAG(s) dict_keys(['example_local_kubernetes_executor']) retrieved from /home/airflow/.local/lib/python3.7/site-packages/airflow/example_dags/example_local_kubernetes_executor.py
[2023-03-07T20:21:30.550+0000] {logging_mixin.py:137} INFO - [2023-03-07T20:21:30.493+0000] {dag.py:2690} INFO - Sync 1 DAGs
[2023-03-07T20:21:31.932+0000] {logging_mixin.py:137} INFO - [2023-03-07T20:21:31.888+0000] {dag.py:3441} INFO - Setting next_dagrun for example_local_kubernetes_executor to None, run_after=None
[2023-03-07T20:21:34.189+0000] {processor.py:175} INFO - Processing /home/airflow/.local/lib/python3.7/site-packages/airflow/example_dags/example_local_kubernetes_executor.py took 10.437 seconds
[2023-03-07T20:23:23.999+0000] {processor.py:153} INFO - Started process (PID=44) to work on /home/airflow/.local/lib/python3.7/site-packages/airflow/example_dags/example_local_kubernetes_executor.py
[2023-03-07T20:23:24.006+0000] {processor.py:743} INFO - Processing file /home/airflow/.local/lib/python3.7/site-packages/airflow/example_dags/example_local_kubernetes_executor.py for tasks to queue
[2023-03-07T20:23:24.017+0000] {logging_mixin.py:137} INFO - [2023-03-07T20:23:24.015+0000] {dagbag.py:538} INFO - Filling up the DagBag from /home/airflow/.local/lib/python3.7/site-packages/airflow/example_dags/example_local_kubernetes_executor.py
[2023-03-07T20:23:24.311+0000] {processor.py:753} INFO - DAG(s) dict_keys(['example_local_kubernetes_executor']) retrieved from /home/airflow/.local/lib/python3.7/site-packages/airflow/example_dags/example_local_kubernetes_executor.py
[2023-03-07T20:23:24.692+0000] {logging_mixin.py:137} INFO - [2023-03-07T20:23:24.691+0000] {dag.py:2690} INFO - Sync 1 DAGs
[2023-03-07T20:23:24.912+0000] {logging_mixin.py:137} INFO - [2023-03-07T20:23:24.912+0000] {dag.py:3441} INFO - Setting next_dagrun for example_local_kubernetes_executor to None, run_after=None
[2023-03-07T20:23:25.001+0000] {processor.py:175} INFO - Processing /home/airflow/.local/lib/python3.7/site-packages/airflow/example_dags/example_local_kubernetes_executor.py took 1.039 seconds
[2023-03-07T20:23:56.357+0000] {processor.py:153} INFO - Started process (PID=102) to work on /home/airflow/.local/lib/python3.7/site-packages/airflow/example_dags/example_local_kubernetes_executor.py
[2023-03-07T20:23:56.362+0000] {processor.py:743} INFO - Processing file /home/airflow/.local/lib/python3.7/site-packages/airflow/example_dags/example_local_kubernetes_executor.py for tasks to queue
[2023-03-07T20:23:56.386+0000] {logging_mixin.py:137} INFO - [2023-03-07T20:23:56.383+0000] {dagbag.py:538} INFO - Filling up the DagBag from /home/airflow/.local/lib/python3.7/site-packages/airflow/example_dags/example_local_kubernetes_executor.py
[2023-03-07T20:23:56.730+0000] {processor.py:753} INFO - DAG(s) dict_keys(['example_local_kubernetes_executor']) retrieved from /home/airflow/.local/lib/python3.7/site-packages/airflow/example_dags/example_local_kubernetes_executor.py
[2023-03-07T20:23:56.830+0000] {logging_mixin.py:137} INFO - [2023-03-07T20:23:56.830+0000] {dag.py:2690} INFO - Sync 1 DAGs
[2023-03-07T20:23:57.341+0000] {logging_mixin.py:137} INFO - [2023-03-07T20:23:57.339+0000] {dag.py:3441} INFO - Setting next_dagrun for example_local_kubernetes_executor to None, run_after=None
[2023-03-07T20:23:57.666+0000] {processor.py:175} INFO - Processing /home/airflow/.local/lib/python3.7/site-packages/airflow/example_dags/example_local_kubernetes_executor.py took 1.355 seconds
