[2023-03-07T20:21:36.185+0000] {processor.py:153} INFO - Started process (PID=65) to work on /home/airflow/.local/lib/python3.7/site-packages/airflow/example_dags/tutorial_taskflow_api.py
[2023-03-07T20:21:36.263+0000] {processor.py:743} INFO - Processing file /home/airflow/.local/lib/python3.7/site-packages/airflow/example_dags/tutorial_taskflow_api.py for tasks to queue
[2023-03-07T20:21:36.271+0000] {logging_mixin.py:137} INFO - [2023-03-07T20:21:36.270+0000] {dagbag.py:538} INFO - Filling up the DagBag from /home/airflow/.local/lib/python3.7/site-packages/airflow/example_dags/tutorial_taskflow_api.py
[2023-03-07T20:21:39.781+0000] {processor.py:753} INFO - DAG(s) dict_keys(['tutorial_taskflow_api']) retrieved from /home/airflow/.local/lib/python3.7/site-packages/airflow/example_dags/tutorial_taskflow_api.py
[2023-03-07T20:21:42.034+0000] {logging_mixin.py:137} INFO - [2023-03-07T20:21:42.004+0000] {dag.py:2690} INFO - Sync 1 DAGs
[2023-03-07T20:21:42.961+0000] {logging_mixin.py:137} INFO - [2023-03-07T20:21:42.896+0000] {dag.py:3441} INFO - Setting next_dagrun for tutorial_taskflow_api to None, run_after=None
[2023-03-07T20:21:44.848+0000] {processor.py:175} INFO - Processing /home/airflow/.local/lib/python3.7/site-packages/airflow/example_dags/tutorial_taskflow_api.py took 8.653 seconds
[2023-03-07T20:23:25.397+0000] {processor.py:153} INFO - Started process (PID=46) to work on /home/airflow/.local/lib/python3.7/site-packages/airflow/example_dags/tutorial_taskflow_api.py
[2023-03-07T20:23:25.408+0000] {processor.py:743} INFO - Processing file /home/airflow/.local/lib/python3.7/site-packages/airflow/example_dags/tutorial_taskflow_api.py for tasks to queue
[2023-03-07T20:23:25.410+0000] {logging_mixin.py:137} INFO - [2023-03-07T20:23:25.410+0000] {dagbag.py:538} INFO - Filling up the DagBag from /home/airflow/.local/lib/python3.7/site-packages/airflow/example_dags/tutorial_taskflow_api.py
[2023-03-07T20:23:25.787+0000] {processor.py:753} INFO - DAG(s) dict_keys(['tutorial_taskflow_api']) retrieved from /home/airflow/.local/lib/python3.7/site-packages/airflow/example_dags/tutorial_taskflow_api.py
[2023-03-07T20:23:25.963+0000] {logging_mixin.py:137} INFO - [2023-03-07T20:23:25.963+0000] {dag.py:2690} INFO - Sync 1 DAGs
[2023-03-07T20:23:26.170+0000] {logging_mixin.py:137} INFO - [2023-03-07T20:23:26.170+0000] {dag.py:3441} INFO - Setting next_dagrun for tutorial_taskflow_api to None, run_after=None
[2023-03-07T20:23:26.358+0000] {processor.py:175} INFO - Processing /home/airflow/.local/lib/python3.7/site-packages/airflow/example_dags/tutorial_taskflow_api.py took 0.985 seconds
[2023-03-07T20:23:59.121+0000] {processor.py:153} INFO - Started process (PID=106) to work on /home/airflow/.local/lib/python3.7/site-packages/airflow/example_dags/tutorial_taskflow_api.py
[2023-03-07T20:23:59.181+0000] {processor.py:743} INFO - Processing file /home/airflow/.local/lib/python3.7/site-packages/airflow/example_dags/tutorial_taskflow_api.py for tasks to queue
[2023-03-07T20:23:59.192+0000] {logging_mixin.py:137} INFO - [2023-03-07T20:23:59.192+0000] {dagbag.py:538} INFO - Filling up the DagBag from /home/airflow/.local/lib/python3.7/site-packages/airflow/example_dags/tutorial_taskflow_api.py
[2023-03-07T20:23:59.625+0000] {processor.py:753} INFO - DAG(s) dict_keys(['tutorial_taskflow_api']) retrieved from /home/airflow/.local/lib/python3.7/site-packages/airflow/example_dags/tutorial_taskflow_api.py
[2023-03-07T20:23:59.719+0000] {logging_mixin.py:137} INFO - [2023-03-07T20:23:59.719+0000] {dag.py:2690} INFO - Sync 1 DAGs
[2023-03-07T20:24:00.215+0000] {logging_mixin.py:137} INFO - [2023-03-07T20:24:00.214+0000] {dag.py:3441} INFO - Setting next_dagrun for tutorial_taskflow_api to None, run_after=None
[2023-03-07T20:24:00.474+0000] {processor.py:175} INFO - Processing /home/airflow/.local/lib/python3.7/site-packages/airflow/example_dags/tutorial_taskflow_api.py took 1.503 seconds
