[2023-03-17T21:15:11.345+0000] {processor.py:153} INFO - Started process (PID=33) to work on /opt/airflow/dags/rest_api.py
[2023-03-17T21:15:11.354+0000] {processor.py:743} INFO - Processing file /opt/airflow/dags/rest_api.py for tasks to queue
[2023-03-17T21:15:11.370+0000] {logging_mixin.py:137} INFO - [2023-03-17T21:15:11.370+0000] {dagbag.py:538} INFO - Filling up the DagBag from /opt/airflow/dags/rest_api.py
[2023-03-17T21:15:11.442+0000] {processor.py:753} INFO - DAG(s) dict_keys(['rest_api']) retrieved from /opt/airflow/dags/rest_api.py
[2023-03-17T21:15:11.487+0000] {logging_mixin.py:137} INFO - [2023-03-17T21:15:11.487+0000] {dag.py:2690} INFO - Sync 1 DAGs
[2023-03-17T21:15:11.528+0000] {logging_mixin.py:137} INFO - [2023-03-17T21:15:11.528+0000] {dag.py:3441} INFO - Setting next_dagrun for rest_api to 2023-03-16T00:00:00+00:00, run_after=2023-03-17T00:00:00+00:00
[2023-03-17T21:15:11.569+0000] {processor.py:175} INFO - Processing /opt/airflow/dags/rest_api.py took 0.228 seconds
[2023-03-17T21:15:41.921+0000] {processor.py:153} INFO - Started process (PID=72) to work on /opt/airflow/dags/rest_api.py
[2023-03-17T21:15:41.923+0000] {processor.py:743} INFO - Processing file /opt/airflow/dags/rest_api.py for tasks to queue
[2023-03-17T21:15:41.924+0000] {logging_mixin.py:137} INFO - [2023-03-17T21:15:41.924+0000] {dagbag.py:538} INFO - Filling up the DagBag from /opt/airflow/dags/rest_api.py
[2023-03-17T21:15:41.961+0000] {processor.py:753} INFO - DAG(s) dict_keys(['rest_api']) retrieved from /opt/airflow/dags/rest_api.py
[2023-03-17T21:15:42.007+0000] {logging_mixin.py:137} INFO - [2023-03-17T21:15:42.006+0000] {dag.py:2690} INFO - Sync 1 DAGs
[2023-03-17T21:15:42.034+0000] {logging_mixin.py:137} INFO - [2023-03-17T21:15:42.034+0000] {dag.py:3441} INFO - Setting next_dagrun for rest_api to 2023-03-16T00:00:00+00:00, run_after=2023-03-17T00:00:00+00:00
[2023-03-17T21:15:42.046+0000] {processor.py:175} INFO - Processing /opt/airflow/dags/rest_api.py took 0.136 seconds
[2023-03-17T21:16:12.508+0000] {processor.py:153} INFO - Started process (PID=98) to work on /opt/airflow/dags/rest_api.py
[2023-03-17T21:16:12.514+0000] {processor.py:743} INFO - Processing file /opt/airflow/dags/rest_api.py for tasks to queue
[2023-03-17T21:16:12.518+0000] {logging_mixin.py:137} INFO - [2023-03-17T21:16:12.517+0000] {dagbag.py:538} INFO - Filling up the DagBag from /opt/airflow/dags/rest_api.py
[2023-03-17T21:16:12.581+0000] {processor.py:753} INFO - DAG(s) dict_keys(['rest_api']) retrieved from /opt/airflow/dags/rest_api.py
[2023-03-17T21:16:12.618+0000] {logging_mixin.py:137} INFO - [2023-03-17T21:16:12.618+0000] {dag.py:2690} INFO - Sync 1 DAGs
[2023-03-17T21:16:12.662+0000] {logging_mixin.py:137} INFO - [2023-03-17T21:16:12.662+0000] {dag.py:3441} INFO - Setting next_dagrun for rest_api to 2023-03-16T00:00:00+00:00, run_after=2023-03-17T00:00:00+00:00
[2023-03-17T21:16:12.677+0000] {processor.py:175} INFO - Processing /opt/airflow/dags/rest_api.py took 0.180 seconds
[2023-03-17T21:16:44.204+0000] {processor.py:153} INFO - Started process (PID=133) to work on /opt/airflow/dags/rest_api.py
[2023-03-17T21:16:44.278+0000] {processor.py:743} INFO - Processing file /opt/airflow/dags/rest_api.py for tasks to queue
[2023-03-17T21:16:44.324+0000] {logging_mixin.py:137} INFO - [2023-03-17T21:16:44.324+0000] {dagbag.py:538} INFO - Filling up the DagBag from /opt/airflow/dags/rest_api.py
[2023-03-17T21:16:44.578+0000] {processor.py:753} INFO - DAG(s) dict_keys(['rest_api']) retrieved from /opt/airflow/dags/rest_api.py
[2023-03-17T21:16:44.786+0000] {logging_mixin.py:137} INFO - [2023-03-17T21:16:44.786+0000] {dag.py:2690} INFO - Sync 1 DAGs
[2023-03-17T21:16:44.915+0000] {logging_mixin.py:137} INFO - [2023-03-17T21:16:44.914+0000] {dag.py:3441} INFO - Setting next_dagrun for rest_api to 2023-03-16T00:00:00+00:00, run_after=2023-03-17T00:00:00+00:00
[2023-03-17T21:16:45.175+0000] {processor.py:175} INFO - Processing /opt/airflow/dags/rest_api.py took 1.048 seconds
[2023-03-17T21:17:15.453+0000] {processor.py:153} INFO - Started process (PID=149) to work on /opt/airflow/dags/rest_api.py
[2023-03-17T21:17:15.499+0000] {processor.py:743} INFO - Processing file /opt/airflow/dags/rest_api.py for tasks to queue
[2023-03-17T21:17:15.514+0000] {logging_mixin.py:137} INFO - [2023-03-17T21:17:15.512+0000] {dagbag.py:538} INFO - Filling up the DagBag from /opt/airflow/dags/rest_api.py
[2023-03-17T21:17:15.784+0000] {processor.py:753} INFO - DAG(s) dict_keys(['rest_api']) retrieved from /opt/airflow/dags/rest_api.py
[2023-03-17T21:17:15.889+0000] {logging_mixin.py:137} INFO - [2023-03-17T21:17:15.888+0000] {dag.py:2690} INFO - Sync 1 DAGs
[2023-03-17T21:17:16.051+0000] {logging_mixin.py:137} INFO - [2023-03-17T21:17:16.051+0000] {dag.py:3441} INFO - Setting next_dagrun for rest_api to 2023-03-16T00:00:00+00:00, run_after=2023-03-17T00:00:00+00:00
[2023-03-17T21:17:16.154+0000] {processor.py:175} INFO - Processing /opt/airflow/dags/rest_api.py took 0.726 seconds
[2023-03-17T21:17:47.162+0000] {processor.py:153} INFO - Started process (PID=176) to work on /opt/airflow/dags/rest_api.py
[2023-03-17T21:17:47.186+0000] {processor.py:743} INFO - Processing file /opt/airflow/dags/rest_api.py for tasks to queue
[2023-03-17T21:17:47.199+0000] {logging_mixin.py:137} INFO - [2023-03-17T21:17:47.196+0000] {dagbag.py:538} INFO - Filling up the DagBag from /opt/airflow/dags/rest_api.py
[2023-03-17T21:17:48.713+0000] {processor.py:753} INFO - DAG(s) dict_keys(['rest_api']) retrieved from /opt/airflow/dags/rest_api.py
[2023-03-17T21:17:53.517+0000] {logging_mixin.py:137} INFO - [2023-03-17T21:17:53.453+0000] {dag.py:2690} INFO - Sync 1 DAGs
[2023-03-17T21:17:55.036+0000] {logging_mixin.py:137} INFO - [2023-03-17T21:17:55.035+0000] {dag.py:3441} INFO - Setting next_dagrun for rest_api to 2023-03-16T00:00:00+00:00, run_after=2023-03-17T00:00:00+00:00
[2023-03-17T21:17:56.911+0000] {processor.py:175} INFO - Processing /opt/airflow/dags/rest_api.py took 9.810 seconds
[2023-03-17T21:18:30.095+0000] {processor.py:153} INFO - Started process (PID=199) to work on /opt/airflow/dags/rest_api.py
[2023-03-17T21:18:30.210+0000] {processor.py:743} INFO - Processing file /opt/airflow/dags/rest_api.py for tasks to queue
[2023-03-17T21:18:30.274+0000] {logging_mixin.py:137} INFO - [2023-03-17T21:18:30.251+0000] {dagbag.py:538} INFO - Filling up the DagBag from /opt/airflow/dags/rest_api.py
[2023-03-17T21:18:34.512+0000] {processor.py:753} INFO - DAG(s) dict_keys(['rest_api']) retrieved from /opt/airflow/dags/rest_api.py
[2023-03-17T21:18:36.997+0000] {logging_mixin.py:137} INFO - [2023-03-17T21:18:36.997+0000] {dag.py:2690} INFO - Sync 1 DAGs
[2023-03-17T21:18:37.203+0000] {logging_mixin.py:137} INFO - [2023-03-17T21:18:37.203+0000] {dag.py:3441} INFO - Setting next_dagrun for rest_api to 2023-03-16T00:00:00+00:00, run_after=2023-03-17T00:00:00+00:00
[2023-03-17T21:18:37.340+0000] {processor.py:175} INFO - Processing /opt/airflow/dags/rest_api.py took 7.278 seconds
[2023-03-17T21:19:07.846+0000] {processor.py:153} INFO - Started process (PID=224) to work on /opt/airflow/dags/rest_api.py
[2023-03-17T21:19:07.852+0000] {processor.py:743} INFO - Processing file /opt/airflow/dags/rest_api.py for tasks to queue
[2023-03-17T21:19:07.857+0000] {logging_mixin.py:137} INFO - [2023-03-17T21:19:07.857+0000] {dagbag.py:538} INFO - Filling up the DagBag from /opt/airflow/dags/rest_api.py
[2023-03-17T21:19:09.360+0000] {processor.py:753} INFO - DAG(s) dict_keys(['rest_api']) retrieved from /opt/airflow/dags/rest_api.py
[2023-03-17T21:19:10.335+0000] {logging_mixin.py:137} INFO - [2023-03-17T21:19:10.335+0000] {dag.py:2690} INFO - Sync 1 DAGs
[2023-03-17T21:19:11.037+0000] {logging_mixin.py:137} INFO - [2023-03-17T21:19:11.028+0000] {dag.py:3441} INFO - Setting next_dagrun for rest_api to 2023-03-16T00:00:00+00:00, run_after=2023-03-17T00:00:00+00:00
[2023-03-17T21:19:11.419+0000] {processor.py:175} INFO - Processing /opt/airflow/dags/rest_api.py took 3.588 seconds
[2023-03-17T21:19:42.004+0000] {processor.py:153} INFO - Started process (PID=250) to work on /opt/airflow/dags/rest_api.py
[2023-03-17T21:19:42.007+0000] {processor.py:743} INFO - Processing file /opt/airflow/dags/rest_api.py for tasks to queue
[2023-03-17T21:19:42.009+0000] {logging_mixin.py:137} INFO - [2023-03-17T21:19:42.008+0000] {dagbag.py:538} INFO - Filling up the DagBag from /opt/airflow/dags/rest_api.py
[2023-03-17T21:19:42.077+0000] {processor.py:753} INFO - DAG(s) dict_keys(['rest_api']) retrieved from /opt/airflow/dags/rest_api.py
[2023-03-17T21:19:42.121+0000] {logging_mixin.py:137} INFO - [2023-03-17T21:19:42.121+0000] {dag.py:2690} INFO - Sync 1 DAGs
[2023-03-17T21:19:42.156+0000] {logging_mixin.py:137} INFO - [2023-03-17T21:19:42.155+0000] {dag.py:3441} INFO - Setting next_dagrun for rest_api to 2023-03-16T00:00:00+00:00, run_after=2023-03-17T00:00:00+00:00
[2023-03-17T21:19:42.174+0000] {processor.py:175} INFO - Processing /opt/airflow/dags/rest_api.py took 0.177 seconds
[2023-03-17T21:20:12.820+0000] {processor.py:153} INFO - Started process (PID=277) to work on /opt/airflow/dags/rest_api.py
[2023-03-17T21:20:12.822+0000] {processor.py:743} INFO - Processing file /opt/airflow/dags/rest_api.py for tasks to queue
[2023-03-17T21:20:12.824+0000] {logging_mixin.py:137} INFO - [2023-03-17T21:20:12.824+0000] {dagbag.py:538} INFO - Filling up the DagBag from /opt/airflow/dags/rest_api.py
[2023-03-17T21:20:12.876+0000] {processor.py:753} INFO - DAG(s) dict_keys(['rest_api']) retrieved from /opt/airflow/dags/rest_api.py
[2023-03-17T21:20:12.952+0000] {logging_mixin.py:137} INFO - [2023-03-17T21:20:12.951+0000] {dag.py:2690} INFO - Sync 1 DAGs
[2023-03-17T21:20:13.075+0000] {logging_mixin.py:137} INFO - [2023-03-17T21:20:13.074+0000] {dag.py:3441} INFO - Setting next_dagrun for rest_api to 2023-03-16T00:00:00+00:00, run_after=2023-03-17T00:00:00+00:00
[2023-03-17T21:20:13.251+0000] {processor.py:175} INFO - Processing /opt/airflow/dags/rest_api.py took 0.436 seconds
[2023-03-17T21:20:44.069+0000] {processor.py:153} INFO - Started process (PID=315) to work on /opt/airflow/dags/rest_api.py
[2023-03-17T21:20:44.072+0000] {processor.py:743} INFO - Processing file /opt/airflow/dags/rest_api.py for tasks to queue
[2023-03-17T21:20:44.073+0000] {logging_mixin.py:137} INFO - [2023-03-17T21:20:44.073+0000] {dagbag.py:538} INFO - Filling up the DagBag from /opt/airflow/dags/rest_api.py
[2023-03-17T21:20:44.133+0000] {processor.py:753} INFO - DAG(s) dict_keys(['rest_api']) retrieved from /opt/airflow/dags/rest_api.py
[2023-03-17T21:20:44.190+0000] {logging_mixin.py:137} INFO - [2023-03-17T21:20:44.190+0000] {dag.py:2690} INFO - Sync 1 DAGs
[2023-03-17T21:20:44.224+0000] {logging_mixin.py:137} INFO - [2023-03-17T21:20:44.223+0000] {dag.py:3441} INFO - Setting next_dagrun for rest_api to 2023-03-16T00:00:00+00:00, run_after=2023-03-17T00:00:00+00:00
[2023-03-17T21:20:44.241+0000] {processor.py:175} INFO - Processing /opt/airflow/dags/rest_api.py took 0.182 seconds
[2023-03-17T21:21:14.930+0000] {processor.py:153} INFO - Started process (PID=341) to work on /opt/airflow/dags/rest_api.py
[2023-03-17T21:21:14.934+0000] {processor.py:743} INFO - Processing file /opt/airflow/dags/rest_api.py for tasks to queue
[2023-03-17T21:21:14.936+0000] {logging_mixin.py:137} INFO - [2023-03-17T21:21:14.936+0000] {dagbag.py:538} INFO - Filling up the DagBag from /opt/airflow/dags/rest_api.py
[2023-03-17T21:21:15.031+0000] {processor.py:753} INFO - DAG(s) dict_keys(['rest_api']) retrieved from /opt/airflow/dags/rest_api.py
[2023-03-17T21:21:15.118+0000] {logging_mixin.py:137} INFO - [2023-03-17T21:21:15.118+0000] {dag.py:2690} INFO - Sync 1 DAGs
[2023-03-17T21:21:15.181+0000] {logging_mixin.py:137} INFO - [2023-03-17T21:21:15.181+0000] {dag.py:3441} INFO - Setting next_dagrun for rest_api to 2023-03-16T00:00:00+00:00, run_after=2023-03-17T00:00:00+00:00
[2023-03-17T21:21:15.203+0000] {processor.py:175} INFO - Processing /opt/airflow/dags/rest_api.py took 0.288 seconds
[2023-03-17T21:21:45.706+0000] {processor.py:153} INFO - Started process (PID=380) to work on /opt/airflow/dags/rest_api.py
[2023-03-17T21:21:45.710+0000] {processor.py:743} INFO - Processing file /opt/airflow/dags/rest_api.py for tasks to queue
[2023-03-17T21:21:45.714+0000] {logging_mixin.py:137} INFO - [2023-03-17T21:21:45.714+0000] {dagbag.py:538} INFO - Filling up the DagBag from /opt/airflow/dags/rest_api.py
[2023-03-17T21:21:45.807+0000] {processor.py:753} INFO - DAG(s) dict_keys(['rest_api']) retrieved from /opt/airflow/dags/rest_api.py
[2023-03-17T21:21:45.870+0000] {logging_mixin.py:137} INFO - [2023-03-17T21:21:45.870+0000] {dag.py:2690} INFO - Sync 1 DAGs
[2023-03-17T21:21:45.909+0000] {logging_mixin.py:137} INFO - [2023-03-17T21:21:45.909+0000] {dag.py:3441} INFO - Setting next_dagrun for rest_api to 2023-03-16T00:00:00+00:00, run_after=2023-03-17T00:00:00+00:00
[2023-03-17T21:21:45.933+0000] {processor.py:175} INFO - Processing /opt/airflow/dags/rest_api.py took 0.239 seconds
[2023-03-17T21:22:16.379+0000] {processor.py:153} INFO - Started process (PID=406) to work on /opt/airflow/dags/rest_api.py
[2023-03-17T21:22:16.387+0000] {processor.py:743} INFO - Processing file /opt/airflow/dags/rest_api.py for tasks to queue
[2023-03-17T21:22:16.393+0000] {logging_mixin.py:137} INFO - [2023-03-17T21:22:16.393+0000] {dagbag.py:538} INFO - Filling up the DagBag from /opt/airflow/dags/rest_api.py
[2023-03-17T21:22:16.503+0000] {processor.py:753} INFO - DAG(s) dict_keys(['rest_api']) retrieved from /opt/airflow/dags/rest_api.py
[2023-03-17T21:22:16.593+0000] {logging_mixin.py:137} INFO - [2023-03-17T21:22:16.593+0000] {dag.py:2690} INFO - Sync 1 DAGs
[2023-03-17T21:22:16.661+0000] {logging_mixin.py:137} INFO - [2023-03-17T21:22:16.661+0000] {dag.py:3441} INFO - Setting next_dagrun for rest_api to 2023-03-16T00:00:00+00:00, run_after=2023-03-17T00:00:00+00:00
[2023-03-17T21:22:16.711+0000] {processor.py:175} INFO - Processing /opt/airflow/dags/rest_api.py took 0.357 seconds
[2023-03-17T21:22:47.061+0000] {processor.py:153} INFO - Started process (PID=444) to work on /opt/airflow/dags/rest_api.py
[2023-03-17T21:22:47.063+0000] {processor.py:743} INFO - Processing file /opt/airflow/dags/rest_api.py for tasks to queue
[2023-03-17T21:22:47.065+0000] {logging_mixin.py:137} INFO - [2023-03-17T21:22:47.064+0000] {dagbag.py:538} INFO - Filling up the DagBag from /opt/airflow/dags/rest_api.py
[2023-03-17T21:22:47.099+0000] {processor.py:753} INFO - DAG(s) dict_keys(['rest_api']) retrieved from /opt/airflow/dags/rest_api.py
[2023-03-17T21:22:47.142+0000] {logging_mixin.py:137} INFO - [2023-03-17T21:22:47.142+0000] {dag.py:2690} INFO - Sync 1 DAGs
[2023-03-17T21:22:47.165+0000] {logging_mixin.py:137} INFO - [2023-03-17T21:22:47.165+0000] {dag.py:3441} INFO - Setting next_dagrun for rest_api to 2023-03-16T00:00:00+00:00, run_after=2023-03-17T00:00:00+00:00
[2023-03-17T21:22:47.180+0000] {processor.py:175} INFO - Processing /opt/airflow/dags/rest_api.py took 0.126 seconds
[2023-03-17T21:23:18.006+0000] {processor.py:153} INFO - Started process (PID=470) to work on /opt/airflow/dags/rest_api.py
[2023-03-17T21:23:18.014+0000] {processor.py:743} INFO - Processing file /opt/airflow/dags/rest_api.py for tasks to queue
[2023-03-17T21:23:18.019+0000] {logging_mixin.py:137} INFO - [2023-03-17T21:23:18.019+0000] {dagbag.py:538} INFO - Filling up the DagBag from /opt/airflow/dags/rest_api.py
[2023-03-17T21:23:18.137+0000] {processor.py:753} INFO - DAG(s) dict_keys(['rest_api']) retrieved from /opt/airflow/dags/rest_api.py
[2023-03-17T21:23:18.191+0000] {logging_mixin.py:137} INFO - [2023-03-17T21:23:18.191+0000] {dag.py:2690} INFO - Sync 1 DAGs
[2023-03-17T21:23:18.249+0000] {logging_mixin.py:137} INFO - [2023-03-17T21:23:18.249+0000] {dag.py:3441} INFO - Setting next_dagrun for rest_api to 2023-03-16T00:00:00+00:00, run_after=2023-03-17T00:00:00+00:00
[2023-03-17T21:23:18.278+0000] {processor.py:175} INFO - Processing /opt/airflow/dags/rest_api.py took 0.311 seconds
[2023-03-17T21:23:48.825+0000] {processor.py:153} INFO - Started process (PID=508) to work on /opt/airflow/dags/rest_api.py
[2023-03-17T21:23:48.830+0000] {processor.py:743} INFO - Processing file /opt/airflow/dags/rest_api.py for tasks to queue
[2023-03-17T21:23:48.831+0000] {logging_mixin.py:137} INFO - [2023-03-17T21:23:48.831+0000] {dagbag.py:538} INFO - Filling up the DagBag from /opt/airflow/dags/rest_api.py
[2023-03-17T21:23:48.868+0000] {processor.py:753} INFO - DAG(s) dict_keys(['rest_api']) retrieved from /opt/airflow/dags/rest_api.py
[2023-03-17T21:23:48.922+0000] {logging_mixin.py:137} INFO - [2023-03-17T21:23:48.922+0000] {dag.py:2690} INFO - Sync 1 DAGs
[2023-03-17T21:23:48.971+0000] {logging_mixin.py:137} INFO - [2023-03-17T21:23:48.971+0000] {dag.py:3441} INFO - Setting next_dagrun for rest_api to 2023-03-16T00:00:00+00:00, run_after=2023-03-17T00:00:00+00:00
[2023-03-17T21:23:48.987+0000] {processor.py:175} INFO - Processing /opt/airflow/dags/rest_api.py took 0.177 seconds
[2023-03-17T21:24:19.199+0000] {processor.py:153} INFO - Started process (PID=533) to work on /opt/airflow/dags/rest_api.py
[2023-03-17T21:24:19.202+0000] {processor.py:743} INFO - Processing file /opt/airflow/dags/rest_api.py for tasks to queue
[2023-03-17T21:24:19.214+0000] {logging_mixin.py:137} INFO - [2023-03-17T21:24:19.213+0000] {dagbag.py:538} INFO - Filling up the DagBag from /opt/airflow/dags/rest_api.py
[2023-03-17T21:24:19.331+0000] {processor.py:753} INFO - DAG(s) dict_keys(['rest_api']) retrieved from /opt/airflow/dags/rest_api.py
[2023-03-17T21:24:19.399+0000] {logging_mixin.py:137} INFO - [2023-03-17T21:24:19.399+0000] {dag.py:2690} INFO - Sync 1 DAGs
[2023-03-17T21:24:19.434+0000] {logging_mixin.py:137} INFO - [2023-03-17T21:24:19.434+0000] {dag.py:3441} INFO - Setting next_dagrun for rest_api to 2023-03-16T00:00:00+00:00, run_after=2023-03-17T00:00:00+00:00
[2023-03-17T21:24:19.460+0000] {processor.py:175} INFO - Processing /opt/airflow/dags/rest_api.py took 0.286 seconds
[2023-03-17T21:24:50.061+0000] {processor.py:153} INFO - Started process (PID=572) to work on /opt/airflow/dags/rest_api.py
[2023-03-17T21:24:50.065+0000] {processor.py:743} INFO - Processing file /opt/airflow/dags/rest_api.py for tasks to queue
[2023-03-17T21:24:50.067+0000] {logging_mixin.py:137} INFO - [2023-03-17T21:24:50.067+0000] {dagbag.py:538} INFO - Filling up the DagBag from /opt/airflow/dags/rest_api.py
[2023-03-17T21:24:50.147+0000] {processor.py:753} INFO - DAG(s) dict_keys(['rest_api']) retrieved from /opt/airflow/dags/rest_api.py
[2023-03-17T21:24:50.209+0000] {logging_mixin.py:137} INFO - [2023-03-17T21:24:50.209+0000] {dag.py:2690} INFO - Sync 1 DAGs
[2023-03-17T21:24:50.251+0000] {logging_mixin.py:137} INFO - [2023-03-17T21:24:50.251+0000] {dag.py:3441} INFO - Setting next_dagrun for rest_api to 2023-03-16T00:00:00+00:00, run_after=2023-03-17T00:00:00+00:00
[2023-03-17T21:24:50.267+0000] {processor.py:175} INFO - Processing /opt/airflow/dags/rest_api.py took 0.225 seconds
[2023-03-17T21:25:20.725+0000] {processor.py:153} INFO - Started process (PID=607) to work on /opt/airflow/dags/rest_api.py
[2023-03-17T21:25:20.727+0000] {processor.py:743} INFO - Processing file /opt/airflow/dags/rest_api.py for tasks to queue
[2023-03-17T21:25:20.729+0000] {logging_mixin.py:137} INFO - [2023-03-17T21:25:20.729+0000] {dagbag.py:538} INFO - Filling up the DagBag from /opt/airflow/dags/rest_api.py
[2023-03-17T21:25:20.783+0000] {processor.py:753} INFO - DAG(s) dict_keys(['rest_api']) retrieved from /opt/airflow/dags/rest_api.py
[2023-03-17T21:25:20.838+0000] {logging_mixin.py:137} INFO - [2023-03-17T21:25:20.838+0000] {dag.py:2690} INFO - Sync 1 DAGs
[2023-03-17T21:25:20.870+0000] {logging_mixin.py:137} INFO - [2023-03-17T21:25:20.870+0000] {dag.py:3441} INFO - Setting next_dagrun for rest_api to 2023-03-16T00:00:00+00:00, run_after=2023-03-17T00:00:00+00:00
[2023-03-17T21:25:20.902+0000] {processor.py:175} INFO - Processing /opt/airflow/dags/rest_api.py took 0.182 seconds
[2023-03-17T21:25:51.493+0000] {processor.py:153} INFO - Started process (PID=637) to work on /opt/airflow/dags/rest_api.py
[2023-03-17T21:25:51.496+0000] {processor.py:743} INFO - Processing file /opt/airflow/dags/rest_api.py for tasks to queue
[2023-03-17T21:25:51.498+0000] {logging_mixin.py:137} INFO - [2023-03-17T21:25:51.498+0000] {dagbag.py:538} INFO - Filling up the DagBag from /opt/airflow/dags/rest_api.py
[2023-03-17T21:25:51.539+0000] {processor.py:753} INFO - DAG(s) dict_keys(['rest_api']) retrieved from /opt/airflow/dags/rest_api.py
[2023-03-17T21:25:51.599+0000] {logging_mixin.py:137} INFO - [2023-03-17T21:25:51.599+0000] {dag.py:2690} INFO - Sync 1 DAGs
[2023-03-17T21:25:51.639+0000] {logging_mixin.py:137} INFO - [2023-03-17T21:25:51.639+0000] {dag.py:3441} INFO - Setting next_dagrun for rest_api to 2023-03-16T00:00:00+00:00, run_after=2023-03-17T00:00:00+00:00
[2023-03-17T21:25:51.656+0000] {processor.py:175} INFO - Processing /opt/airflow/dags/rest_api.py took 0.194 seconds
[2023-03-17T21:26:22.225+0000] {processor.py:153} INFO - Started process (PID=673) to work on /opt/airflow/dags/rest_api.py
[2023-03-17T21:26:22.228+0000] {processor.py:743} INFO - Processing file /opt/airflow/dags/rest_api.py for tasks to queue
[2023-03-17T21:26:22.231+0000] {logging_mixin.py:137} INFO - [2023-03-17T21:26:22.231+0000] {dagbag.py:538} INFO - Filling up the DagBag from /opt/airflow/dags/rest_api.py
[2023-03-17T21:26:22.302+0000] {processor.py:753} INFO - DAG(s) dict_keys(['rest_api']) retrieved from /opt/airflow/dags/rest_api.py
[2023-03-17T21:26:22.359+0000] {logging_mixin.py:137} INFO - [2023-03-17T21:26:22.359+0000] {dag.py:2690} INFO - Sync 1 DAGs
[2023-03-17T21:26:22.387+0000] {logging_mixin.py:137} INFO - [2023-03-17T21:26:22.387+0000] {dag.py:3441} INFO - Setting next_dagrun for rest_api to 2023-03-16T00:00:00+00:00, run_after=2023-03-17T00:00:00+00:00
[2023-03-17T21:26:22.431+0000] {processor.py:175} INFO - Processing /opt/airflow/dags/rest_api.py took 0.212 seconds
[2023-03-17T21:26:52.799+0000] {processor.py:153} INFO - Started process (PID=702) to work on /opt/airflow/dags/rest_api.py
[2023-03-17T21:26:52.803+0000] {processor.py:743} INFO - Processing file /opt/airflow/dags/rest_api.py for tasks to queue
[2023-03-17T21:26:52.804+0000] {logging_mixin.py:137} INFO - [2023-03-17T21:26:52.804+0000] {dagbag.py:538} INFO - Filling up the DagBag from /opt/airflow/dags/rest_api.py
[2023-03-17T21:26:52.834+0000] {processor.py:753} INFO - DAG(s) dict_keys(['rest_api']) retrieved from /opt/airflow/dags/rest_api.py
[2023-03-17T21:26:52.861+0000] {logging_mixin.py:137} INFO - [2023-03-17T21:26:52.861+0000] {dag.py:2690} INFO - Sync 1 DAGs
[2023-03-17T21:26:52.884+0000] {logging_mixin.py:137} INFO - [2023-03-17T21:26:52.884+0000] {dag.py:3441} INFO - Setting next_dagrun for rest_api to 2023-03-16T00:00:00+00:00, run_after=2023-03-17T00:00:00+00:00
[2023-03-17T21:26:52.897+0000] {processor.py:175} INFO - Processing /opt/airflow/dags/rest_api.py took 0.102 seconds
[2023-03-17T21:27:23.319+0000] {processor.py:153} INFO - Started process (PID=740) to work on /opt/airflow/dags/rest_api.py
[2023-03-17T21:27:23.323+0000] {processor.py:743} INFO - Processing file /opt/airflow/dags/rest_api.py for tasks to queue
[2023-03-17T21:27:23.324+0000] {logging_mixin.py:137} INFO - [2023-03-17T21:27:23.324+0000] {dagbag.py:538} INFO - Filling up the DagBag from /opt/airflow/dags/rest_api.py
[2023-03-17T21:27:23.371+0000] {processor.py:753} INFO - DAG(s) dict_keys(['rest_api']) retrieved from /opt/airflow/dags/rest_api.py
[2023-03-17T21:27:23.429+0000] {logging_mixin.py:137} INFO - [2023-03-17T21:27:23.428+0000] {dag.py:2690} INFO - Sync 1 DAGs
[2023-03-17T21:27:23.470+0000] {logging_mixin.py:137} INFO - [2023-03-17T21:27:23.470+0000] {dag.py:3441} INFO - Setting next_dagrun for rest_api to 2023-03-16T00:00:00+00:00, run_after=2023-03-17T00:00:00+00:00
[2023-03-17T21:27:23.485+0000] {processor.py:175} INFO - Processing /opt/airflow/dags/rest_api.py took 0.171 seconds
[2023-03-17T21:27:53.925+0000] {processor.py:153} INFO - Started process (PID=766) to work on /opt/airflow/dags/rest_api.py
[2023-03-17T21:27:53.927+0000] {processor.py:743} INFO - Processing file /opt/airflow/dags/rest_api.py for tasks to queue
[2023-03-17T21:27:53.929+0000] {logging_mixin.py:137} INFO - [2023-03-17T21:27:53.929+0000] {dagbag.py:538} INFO - Filling up the DagBag from /opt/airflow/dags/rest_api.py
[2023-03-17T21:27:54.003+0000] {processor.py:753} INFO - DAG(s) dict_keys(['rest_api']) retrieved from /opt/airflow/dags/rest_api.py
[2023-03-17T21:27:54.075+0000] {logging_mixin.py:137} INFO - [2023-03-17T21:27:54.075+0000] {dag.py:2690} INFO - Sync 1 DAGs
[2023-03-17T21:27:54.110+0000] {logging_mixin.py:137} INFO - [2023-03-17T21:27:54.109+0000] {dag.py:3441} INFO - Setting next_dagrun for rest_api to 2023-03-16T00:00:00+00:00, run_after=2023-03-17T00:00:00+00:00
[2023-03-17T21:27:54.132+0000] {processor.py:175} INFO - Processing /opt/airflow/dags/rest_api.py took 0.213 seconds
[2023-03-17T21:28:24.553+0000] {processor.py:153} INFO - Started process (PID=805) to work on /opt/airflow/dags/rest_api.py
[2023-03-17T21:28:24.556+0000] {processor.py:743} INFO - Processing file /opt/airflow/dags/rest_api.py for tasks to queue
[2023-03-17T21:28:24.558+0000] {logging_mixin.py:137} INFO - [2023-03-17T21:28:24.558+0000] {dagbag.py:538} INFO - Filling up the DagBag from /opt/airflow/dags/rest_api.py
[2023-03-17T21:28:24.587+0000] {processor.py:753} INFO - DAG(s) dict_keys(['rest_api']) retrieved from /opt/airflow/dags/rest_api.py
[2023-03-17T21:28:24.627+0000] {logging_mixin.py:137} INFO - [2023-03-17T21:28:24.627+0000] {dag.py:2690} INFO - Sync 1 DAGs
[2023-03-17T21:28:24.648+0000] {logging_mixin.py:137} INFO - [2023-03-17T21:28:24.648+0000] {dag.py:3441} INFO - Setting next_dagrun for rest_api to 2023-03-16T00:00:00+00:00, run_after=2023-03-17T00:00:00+00:00
[2023-03-17T21:28:24.660+0000] {processor.py:175} INFO - Processing /opt/airflow/dags/rest_api.py took 0.111 seconds
[2023-03-17T21:28:55.114+0000] {processor.py:153} INFO - Started process (PID=831) to work on /opt/airflow/dags/rest_api.py
[2023-03-17T21:28:55.118+0000] {processor.py:743} INFO - Processing file /opt/airflow/dags/rest_api.py for tasks to queue
[2023-03-17T21:28:55.119+0000] {logging_mixin.py:137} INFO - [2023-03-17T21:28:55.119+0000] {dagbag.py:538} INFO - Filling up the DagBag from /opt/airflow/dags/rest_api.py
[2023-03-17T21:28:55.384+0000] {processor.py:753} INFO - DAG(s) dict_keys(['rest_api']) retrieved from /opt/airflow/dags/rest_api.py
[2023-03-17T21:28:55.855+0000] {logging_mixin.py:137} INFO - [2023-03-17T21:28:55.854+0000] {dag.py:2690} INFO - Sync 1 DAGs
[2023-03-17T21:28:55.956+0000] {logging_mixin.py:137} INFO - [2023-03-17T21:28:55.956+0000] {dag.py:3441} INFO - Setting next_dagrun for rest_api to 2023-03-16T00:00:00+00:00, run_after=2023-03-17T00:00:00+00:00
[2023-03-17T21:28:55.978+0000] {processor.py:175} INFO - Processing /opt/airflow/dags/rest_api.py took 0.876 seconds
[2023-03-17T21:29:26.550+0000] {processor.py:153} INFO - Started process (PID=869) to work on /opt/airflow/dags/rest_api.py
[2023-03-17T21:29:26.552+0000] {processor.py:743} INFO - Processing file /opt/airflow/dags/rest_api.py for tasks to queue
[2023-03-17T21:29:26.554+0000] {logging_mixin.py:137} INFO - [2023-03-17T21:29:26.553+0000] {dagbag.py:538} INFO - Filling up the DagBag from /opt/airflow/dags/rest_api.py
[2023-03-17T21:29:26.610+0000] {processor.py:753} INFO - DAG(s) dict_keys(['rest_api']) retrieved from /opt/airflow/dags/rest_api.py
[2023-03-17T21:29:26.660+0000] {logging_mixin.py:137} INFO - [2023-03-17T21:29:26.660+0000] {dag.py:2690} INFO - Sync 1 DAGs
[2023-03-17T21:29:26.686+0000] {logging_mixin.py:137} INFO - [2023-03-17T21:29:26.686+0000] {dag.py:3441} INFO - Setting next_dagrun for rest_api to 2023-03-16T00:00:00+00:00, run_after=2023-03-17T00:00:00+00:00
[2023-03-17T21:29:26.703+0000] {processor.py:175} INFO - Processing /opt/airflow/dags/rest_api.py took 0.157 seconds
[2023-03-17T21:29:57.203+0000] {processor.py:153} INFO - Started process (PID=907) to work on /opt/airflow/dags/rest_api.py
[2023-03-17T21:29:57.209+0000] {processor.py:743} INFO - Processing file /opt/airflow/dags/rest_api.py for tasks to queue
[2023-03-17T21:29:57.210+0000] {logging_mixin.py:137} INFO - [2023-03-17T21:29:57.210+0000] {dagbag.py:538} INFO - Filling up the DagBag from /opt/airflow/dags/rest_api.py
[2023-03-17T21:29:57.257+0000] {processor.py:753} INFO - DAG(s) dict_keys(['rest_api']) retrieved from /opt/airflow/dags/rest_api.py
[2023-03-17T21:29:57.418+0000] {logging_mixin.py:137} INFO - [2023-03-17T21:29:57.418+0000] {dag.py:2690} INFO - Sync 1 DAGs
[2023-03-17T21:29:57.582+0000] {logging_mixin.py:137} INFO - [2023-03-17T21:29:57.582+0000] {dag.py:3441} INFO - Setting next_dagrun for rest_api to 2023-03-16T00:00:00+00:00, run_after=2023-03-17T00:00:00+00:00
[2023-03-17T21:29:57.600+0000] {processor.py:175} INFO - Processing /opt/airflow/dags/rest_api.py took 0.405 seconds
[2023-03-17T21:30:28.339+0000] {processor.py:153} INFO - Started process (PID=932) to work on /opt/airflow/dags/rest_api.py
[2023-03-17T21:30:28.342+0000] {processor.py:743} INFO - Processing file /opt/airflow/dags/rest_api.py for tasks to queue
[2023-03-17T21:30:28.344+0000] {logging_mixin.py:137} INFO - [2023-03-17T21:30:28.344+0000] {dagbag.py:538} INFO - Filling up the DagBag from /opt/airflow/dags/rest_api.py
[2023-03-17T21:30:28.399+0000] {processor.py:753} INFO - DAG(s) dict_keys(['rest_api']) retrieved from /opt/airflow/dags/rest_api.py
[2023-03-17T21:30:28.455+0000] {logging_mixin.py:137} INFO - [2023-03-17T21:30:28.455+0000] {dag.py:2690} INFO - Sync 1 DAGs
[2023-03-17T21:30:28.492+0000] {logging_mixin.py:137} INFO - [2023-03-17T21:30:28.492+0000] {dag.py:3441} INFO - Setting next_dagrun for rest_api to 2023-03-16T00:00:00+00:00, run_after=2023-03-17T00:00:00+00:00
[2023-03-17T21:30:28.506+0000] {processor.py:175} INFO - Processing /opt/airflow/dags/rest_api.py took 0.184 seconds
[2023-03-17T21:30:59.128+0000] {processor.py:153} INFO - Started process (PID=971) to work on /opt/airflow/dags/rest_api.py
[2023-03-17T21:30:59.131+0000] {processor.py:743} INFO - Processing file /opt/airflow/dags/rest_api.py for tasks to queue
[2023-03-17T21:30:59.137+0000] {logging_mixin.py:137} INFO - [2023-03-17T21:30:59.137+0000] {dagbag.py:538} INFO - Filling up the DagBag from /opt/airflow/dags/rest_api.py
[2023-03-17T21:30:59.225+0000] {processor.py:753} INFO - DAG(s) dict_keys(['rest_api']) retrieved from /opt/airflow/dags/rest_api.py
[2023-03-17T21:30:59.281+0000] {logging_mixin.py:137} INFO - [2023-03-17T21:30:59.281+0000] {dag.py:2690} INFO - Sync 1 DAGs
[2023-03-17T21:30:59.316+0000] {logging_mixin.py:137} INFO - [2023-03-17T21:30:59.315+0000] {dag.py:3441} INFO - Setting next_dagrun for rest_api to 2023-03-16T00:00:00+00:00, run_after=2023-03-17T00:00:00+00:00
[2023-03-17T21:30:59.332+0000] {processor.py:175} INFO - Processing /opt/airflow/dags/rest_api.py took 0.210 seconds
[2023-03-17T21:31:30.285+0000] {processor.py:153} INFO - Started process (PID=998) to work on /opt/airflow/dags/rest_api.py
[2023-03-17T21:31:30.289+0000] {processor.py:743} INFO - Processing file /opt/airflow/dags/rest_api.py for tasks to queue
[2023-03-17T21:31:30.292+0000] {logging_mixin.py:137} INFO - [2023-03-17T21:31:30.292+0000] {dagbag.py:538} INFO - Filling up the DagBag from /opt/airflow/dags/rest_api.py
[2023-03-17T21:31:30.396+0000] {processor.py:753} INFO - DAG(s) dict_keys(['rest_api']) retrieved from /opt/airflow/dags/rest_api.py
[2023-03-17T21:31:30.474+0000] {logging_mixin.py:137} INFO - [2023-03-17T21:31:30.474+0000] {dag.py:2690} INFO - Sync 1 DAGs
[2023-03-17T21:31:30.499+0000] {logging_mixin.py:137} INFO - [2023-03-17T21:31:30.498+0000] {dag.py:3441} INFO - Setting next_dagrun for rest_api to 2023-03-16T00:00:00+00:00, run_after=2023-03-17T00:00:00+00:00
[2023-03-17T21:31:30.513+0000] {processor.py:175} INFO - Processing /opt/airflow/dags/rest_api.py took 0.245 seconds
[2023-03-17T21:32:01.144+0000] {processor.py:153} INFO - Started process (PID=1036) to work on /opt/airflow/dags/rest_api.py
[2023-03-17T21:32:01.147+0000] {processor.py:743} INFO - Processing file /opt/airflow/dags/rest_api.py for tasks to queue
[2023-03-17T21:32:01.150+0000] {logging_mixin.py:137} INFO - [2023-03-17T21:32:01.150+0000] {dagbag.py:538} INFO - Filling up the DagBag from /opt/airflow/dags/rest_api.py
[2023-03-17T21:32:01.206+0000] {processor.py:753} INFO - DAG(s) dict_keys(['rest_api']) retrieved from /opt/airflow/dags/rest_api.py
[2023-03-17T21:32:01.236+0000] {logging_mixin.py:137} INFO - [2023-03-17T21:32:01.236+0000] {dag.py:2690} INFO - Sync 1 DAGs
[2023-03-17T21:32:01.259+0000] {logging_mixin.py:137} INFO - [2023-03-17T21:32:01.259+0000] {dag.py:3441} INFO - Setting next_dagrun for rest_api to 2023-03-16T00:00:00+00:00, run_after=2023-03-17T00:00:00+00:00
[2023-03-17T21:32:01.271+0000] {processor.py:175} INFO - Processing /opt/airflow/dags/rest_api.py took 0.132 seconds
[2023-03-17T21:32:31.617+0000] {processor.py:153} INFO - Started process (PID=1071) to work on /opt/airflow/dags/rest_api.py
[2023-03-17T21:32:31.627+0000] {processor.py:743} INFO - Processing file /opt/airflow/dags/rest_api.py for tasks to queue
[2023-03-17T21:32:31.628+0000] {logging_mixin.py:137} INFO - [2023-03-17T21:32:31.628+0000] {dagbag.py:538} INFO - Filling up the DagBag from /opt/airflow/dags/rest_api.py
[2023-03-17T21:32:31.890+0000] {processor.py:753} INFO - DAG(s) dict_keys(['rest_api']) retrieved from /opt/airflow/dags/rest_api.py
[2023-03-17T21:32:31.986+0000] {logging_mixin.py:137} INFO - [2023-03-17T21:32:31.986+0000] {dag.py:2690} INFO - Sync 1 DAGs
[2023-03-17T21:32:32.049+0000] {logging_mixin.py:137} INFO - [2023-03-17T21:32:32.049+0000] {dag.py:3441} INFO - Setting next_dagrun for rest_api to 2023-03-16T00:00:00+00:00, run_after=2023-03-17T00:00:00+00:00
[2023-03-17T21:32:32.080+0000] {processor.py:175} INFO - Processing /opt/airflow/dags/rest_api.py took 0.472 seconds
