[2023-03-07T20:54:55.585+0000] {processor.py:153} INFO - Started process (PID=905) to work on /opt/airflow/dags/django_dag.py
[2023-03-07T20:54:55.588+0000] {processor.py:743} INFO - Processing file /opt/airflow/dags/django_dag.py for tasks to queue
[2023-03-07T20:54:55.593+0000] {logging_mixin.py:137} INFO - [2023-03-07T20:54:55.592+0000] {dagbag.py:538} INFO - Filling up the DagBag from /opt/airflow/dags/django_dag.py
[2023-03-07T20:54:55.923+0000] {processor.py:753} INFO - DAG(s) dict_keys(['check_connection_dag']) retrieved from /opt/airflow/dags/django_dag.py
[2023-03-07T20:54:56.333+0000] {logging_mixin.py:137} INFO - [2023-03-07T20:54:56.333+0000] {manager.py:504} INFO - Created Permission View: can edit on DAG:check_connection_dag
[2023-03-07T20:54:56.343+0000] {logging_mixin.py:137} INFO - [2023-03-07T20:54:56.343+0000] {manager.py:504} INFO - Created Permission View: can delete on DAG:check_connection_dag
[2023-03-07T20:54:56.351+0000] {logging_mixin.py:137} INFO - [2023-03-07T20:54:56.350+0000] {manager.py:504} INFO - Created Permission View: can read on DAG:check_connection_dag
[2023-03-07T20:54:56.352+0000] {logging_mixin.py:137} INFO - [2023-03-07T20:54:56.351+0000] {dag.py:2690} INFO - Sync 1 DAGs
[2023-03-07T20:54:56.374+0000] {logging_mixin.py:137} INFO - [2023-03-07T20:54:56.374+0000] {dag.py:2711} INFO - Creating ORM DAG for check_connection_dag
[2023-03-07T20:54:56.393+0000] {logging_mixin.py:137} INFO - [2023-03-07T20:54:56.393+0000] {dag.py:3441} INFO - Setting next_dagrun for check_connection_dag to None, run_after=None
[2023-03-07T20:54:56.420+0000] {processor.py:175} INFO - Processing /opt/airflow/dags/django_dag.py took 0.850 seconds
[2023-03-07T20:55:27.288+0000] {processor.py:153} INFO - Started process (PID=930) to work on /opt/airflow/dags/django_dag.py
[2023-03-07T20:55:27.290+0000] {processor.py:743} INFO - Processing file /opt/airflow/dags/django_dag.py for tasks to queue
[2023-03-07T20:55:27.292+0000] {logging_mixin.py:137} INFO - [2023-03-07T20:55:27.292+0000] {dagbag.py:538} INFO - Filling up the DagBag from /opt/airflow/dags/django_dag.py
[2023-03-07T20:55:27.323+0000] {processor.py:753} INFO - DAG(s) dict_keys(['check_connection_dag']) retrieved from /opt/airflow/dags/django_dag.py
[2023-03-07T20:55:27.385+0000] {logging_mixin.py:137} INFO - [2023-03-07T20:55:27.384+0000] {dag.py:2690} INFO - Sync 1 DAGs
[2023-03-07T20:55:27.422+0000] {logging_mixin.py:137} INFO - [2023-03-07T20:55:27.422+0000] {dag.py:3441} INFO - Setting next_dagrun for check_connection_dag to None, run_after=None
[2023-03-07T20:55:27.457+0000] {processor.py:175} INFO - Processing /opt/airflow/dags/django_dag.py took 0.182 seconds
[2023-03-07T20:55:57.766+0000] {processor.py:153} INFO - Started process (PID=966) to work on /opt/airflow/dags/django_dag.py
[2023-03-07T20:55:57.768+0000] {processor.py:743} INFO - Processing file /opt/airflow/dags/django_dag.py for tasks to queue
[2023-03-07T20:55:57.770+0000] {logging_mixin.py:137} INFO - [2023-03-07T20:55:57.769+0000] {dagbag.py:538} INFO - Filling up the DagBag from /opt/airflow/dags/django_dag.py
[2023-03-07T20:55:57.834+0000] {processor.py:753} INFO - DAG(s) dict_keys(['check_connection_dag']) retrieved from /opt/airflow/dags/django_dag.py
[2023-03-07T20:55:57.881+0000] {logging_mixin.py:137} INFO - [2023-03-07T20:55:57.881+0000] {dag.py:2690} INFO - Sync 1 DAGs
[2023-03-07T20:55:57.904+0000] {logging_mixin.py:137} INFO - [2023-03-07T20:55:57.904+0000] {dag.py:3441} INFO - Setting next_dagrun for check_connection_dag to None, run_after=None
[2023-03-07T20:55:57.919+0000] {processor.py:175} INFO - Processing /opt/airflow/dags/django_dag.py took 0.161 seconds
[2023-03-07T20:56:28.333+0000] {processor.py:153} INFO - Started process (PID=991) to work on /opt/airflow/dags/django_dag.py
[2023-03-07T20:56:28.337+0000] {processor.py:743} INFO - Processing file /opt/airflow/dags/django_dag.py for tasks to queue
[2023-03-07T20:56:28.338+0000] {logging_mixin.py:137} INFO - [2023-03-07T20:56:28.338+0000] {dagbag.py:538} INFO - Filling up the DagBag from /opt/airflow/dags/django_dag.py
[2023-03-07T20:56:28.379+0000] {processor.py:753} INFO - DAG(s) dict_keys(['check_connection_dag']) retrieved from /opt/airflow/dags/django_dag.py
[2023-03-07T20:56:28.422+0000] {logging_mixin.py:137} INFO - [2023-03-07T20:56:28.422+0000] {dag.py:2690} INFO - Sync 1 DAGs
[2023-03-07T20:56:28.449+0000] {logging_mixin.py:137} INFO - [2023-03-07T20:56:28.449+0000] {dag.py:3441} INFO - Setting next_dagrun for check_connection_dag to None, run_after=None
[2023-03-07T20:56:28.473+0000] {processor.py:175} INFO - Processing /opt/airflow/dags/django_dag.py took 0.147 seconds
[2023-03-07T20:56:58.894+0000] {processor.py:153} INFO - Started process (PID=1028) to work on /opt/airflow/dags/django_dag.py
[2023-03-07T20:56:58.896+0000] {processor.py:743} INFO - Processing file /opt/airflow/dags/django_dag.py for tasks to queue
[2023-03-07T20:56:58.897+0000] {logging_mixin.py:137} INFO - [2023-03-07T20:56:58.897+0000] {dagbag.py:538} INFO - Filling up the DagBag from /opt/airflow/dags/django_dag.py
[2023-03-07T20:56:58.933+0000] {processor.py:753} INFO - DAG(s) dict_keys(['check_connection_dag']) retrieved from /opt/airflow/dags/django_dag.py
[2023-03-07T20:56:58.973+0000] {logging_mixin.py:137} INFO - [2023-03-07T20:56:58.973+0000] {dag.py:2690} INFO - Sync 1 DAGs
[2023-03-07T20:56:58.994+0000] {logging_mixin.py:137} INFO - [2023-03-07T20:56:58.994+0000] {dag.py:3441} INFO - Setting next_dagrun for check_connection_dag to None, run_after=None
[2023-03-07T20:56:59.007+0000] {processor.py:175} INFO - Processing /opt/airflow/dags/django_dag.py took 0.118 seconds
[2023-03-07T20:57:15.552+0000] {processor.py:153} INFO - Started process (PID=1042) to work on /opt/airflow/dags/django_dag.py
[2023-03-07T20:57:15.556+0000] {processor.py:743} INFO - Processing file /opt/airflow/dags/django_dag.py for tasks to queue
[2023-03-07T20:57:15.559+0000] {logging_mixin.py:137} INFO - [2023-03-07T20:57:15.559+0000] {dagbag.py:538} INFO - Filling up the DagBag from /opt/airflow/dags/django_dag.py
[2023-03-07T20:57:15.633+0000] {processor.py:753} INFO - DAG(s) dict_keys(['check_connection_dag']) retrieved from /opt/airflow/dags/django_dag.py
[2023-03-07T20:57:15.696+0000] {logging_mixin.py:137} INFO - [2023-03-07T20:57:15.695+0000] {dag.py:2690} INFO - Sync 1 DAGs
[2023-03-07T20:57:15.724+0000] {logging_mixin.py:137} INFO - [2023-03-07T20:57:15.724+0000] {dag.py:3441} INFO - Setting next_dagrun for check_connection_dag to None, run_after=None
[2023-03-07T20:57:15.749+0000] {processor.py:175} INFO - Processing /opt/airflow/dags/django_dag.py took 0.205 seconds
[2023-03-07T20:57:46.376+0000] {processor.py:153} INFO - Started process (PID=1078) to work on /opt/airflow/dags/django_dag.py
[2023-03-07T20:57:46.380+0000] {processor.py:743} INFO - Processing file /opt/airflow/dags/django_dag.py for tasks to queue
[2023-03-07T20:57:46.383+0000] {logging_mixin.py:137} INFO - [2023-03-07T20:57:46.382+0000] {dagbag.py:538} INFO - Filling up the DagBag from /opt/airflow/dags/django_dag.py
[2023-03-07T20:57:46.446+0000] {processor.py:753} INFO - DAG(s) dict_keys(['check_connection_dag']) retrieved from /opt/airflow/dags/django_dag.py
[2023-03-07T20:57:46.581+0000] {logging_mixin.py:137} INFO - [2023-03-07T20:57:46.581+0000] {dag.py:2690} INFO - Sync 1 DAGs
[2023-03-07T20:57:46.627+0000] {logging_mixin.py:137} INFO - [2023-03-07T20:57:46.627+0000] {dag.py:3441} INFO - Setting next_dagrun for check_connection_dag to None, run_after=None
[2023-03-07T20:57:46.662+0000] {processor.py:175} INFO - Processing /opt/airflow/dags/django_dag.py took 0.293 seconds
[2023-03-07T20:58:17.160+0000] {processor.py:153} INFO - Started process (PID=1107) to work on /opt/airflow/dags/django_dag.py
[2023-03-07T20:58:17.163+0000] {processor.py:743} INFO - Processing file /opt/airflow/dags/django_dag.py for tasks to queue
[2023-03-07T20:58:17.173+0000] {logging_mixin.py:137} INFO - [2023-03-07T20:58:17.172+0000] {dagbag.py:538} INFO - Filling up the DagBag from /opt/airflow/dags/django_dag.py
[2023-03-07T20:58:17.281+0000] {processor.py:753} INFO - DAG(s) dict_keys(['check_connection_dag']) retrieved from /opt/airflow/dags/django_dag.py
[2023-03-07T20:58:17.375+0000] {logging_mixin.py:137} INFO - [2023-03-07T20:58:17.374+0000] {dag.py:2690} INFO - Sync 1 DAGs
[2023-03-07T20:58:17.468+0000] {logging_mixin.py:137} INFO - [2023-03-07T20:58:17.467+0000] {dag.py:3441} INFO - Setting next_dagrun for check_connection_dag to None, run_after=None
[2023-03-07T20:58:17.510+0000] {processor.py:175} INFO - Processing /opt/airflow/dags/django_dag.py took 0.364 seconds
[2023-03-07T20:58:47.880+0000] {processor.py:153} INFO - Started process (PID=1131) to work on /opt/airflow/dags/django_dag.py
[2023-03-07T20:58:47.882+0000] {processor.py:743} INFO - Processing file /opt/airflow/dags/django_dag.py for tasks to queue
[2023-03-07T20:58:47.883+0000] {logging_mixin.py:137} INFO - [2023-03-07T20:58:47.883+0000] {dagbag.py:538} INFO - Filling up the DagBag from /opt/airflow/dags/django_dag.py
[2023-03-07T20:58:47.926+0000] {processor.py:753} INFO - DAG(s) dict_keys(['check_connection_dag']) retrieved from /opt/airflow/dags/django_dag.py
[2023-03-07T20:58:47.959+0000] {logging_mixin.py:137} INFO - [2023-03-07T20:58:47.959+0000] {dag.py:2690} INFO - Sync 1 DAGs
[2023-03-07T20:58:47.980+0000] {logging_mixin.py:137} INFO - [2023-03-07T20:58:47.980+0000] {dag.py:3441} INFO - Setting next_dagrun for check_connection_dag to None, run_after=None
[2023-03-07T20:58:48.001+0000] {processor.py:175} INFO - Processing /opt/airflow/dags/django_dag.py took 0.129 seconds
[2023-03-07T20:59:18.458+0000] {processor.py:153} INFO - Started process (PID=1168) to work on /opt/airflow/dags/django_dag.py
[2023-03-07T20:59:18.474+0000] {processor.py:743} INFO - Processing file /opt/airflow/dags/django_dag.py for tasks to queue
[2023-03-07T20:59:18.481+0000] {logging_mixin.py:137} INFO - [2023-03-07T20:59:18.481+0000] {dagbag.py:538} INFO - Filling up the DagBag from /opt/airflow/dags/django_dag.py
[2023-03-07T20:59:18.588+0000] {processor.py:753} INFO - DAG(s) dict_keys(['check_connection_dag']) retrieved from /opt/airflow/dags/django_dag.py
[2023-03-07T20:59:18.669+0000] {logging_mixin.py:137} INFO - [2023-03-07T20:59:18.669+0000] {dag.py:2690} INFO - Sync 1 DAGs
[2023-03-07T20:59:18.728+0000] {logging_mixin.py:137} INFO - [2023-03-07T20:59:18.728+0000] {dag.py:3441} INFO - Setting next_dagrun for check_connection_dag to None, run_after=None
[2023-03-07T20:59:18.766+0000] {processor.py:175} INFO - Processing /opt/airflow/dags/django_dag.py took 0.318 seconds
[2023-03-07T20:59:48.895+0000] {processor.py:153} INFO - Started process (PID=1193) to work on /opt/airflow/dags/django_dag.py
[2023-03-07T20:59:48.897+0000] {processor.py:743} INFO - Processing file /opt/airflow/dags/django_dag.py for tasks to queue
[2023-03-07T20:59:48.898+0000] {logging_mixin.py:137} INFO - [2023-03-07T20:59:48.898+0000] {dagbag.py:538} INFO - Filling up the DagBag from /opt/airflow/dags/django_dag.py
[2023-03-07T20:59:48.949+0000] {processor.py:753} INFO - DAG(s) dict_keys(['check_connection_dag']) retrieved from /opt/airflow/dags/django_dag.py
[2023-03-07T20:59:48.987+0000] {logging_mixin.py:137} INFO - [2023-03-07T20:59:48.986+0000] {dag.py:2690} INFO - Sync 1 DAGs
[2023-03-07T20:59:49.014+0000] {logging_mixin.py:137} INFO - [2023-03-07T20:59:49.014+0000] {dag.py:3441} INFO - Setting next_dagrun for check_connection_dag to None, run_after=None
[2023-03-07T20:59:49.028+0000] {processor.py:175} INFO - Processing /opt/airflow/dags/django_dag.py took 0.138 seconds
[2023-03-07T21:00:19.543+0000] {processor.py:153} INFO - Started process (PID=1228) to work on /opt/airflow/dags/django_dag.py
[2023-03-07T21:00:19.547+0000] {processor.py:743} INFO - Processing file /opt/airflow/dags/django_dag.py for tasks to queue
[2023-03-07T21:00:19.555+0000] {logging_mixin.py:137} INFO - [2023-03-07T21:00:19.554+0000] {dagbag.py:538} INFO - Filling up the DagBag from /opt/airflow/dags/django_dag.py
[2023-03-07T21:00:19.665+0000] {processor.py:753} INFO - DAG(s) dict_keys(['check_connection_dag']) retrieved from /opt/airflow/dags/django_dag.py
[2023-03-07T21:00:19.732+0000] {logging_mixin.py:137} INFO - [2023-03-07T21:00:19.732+0000] {dag.py:2690} INFO - Sync 1 DAGs
[2023-03-07T21:00:19.761+0000] {logging_mixin.py:137} INFO - [2023-03-07T21:00:19.761+0000] {dag.py:3441} INFO - Setting next_dagrun for check_connection_dag to None, run_after=None
[2023-03-07T21:00:19.787+0000] {processor.py:175} INFO - Processing /opt/airflow/dags/django_dag.py took 0.252 seconds
[2023-03-07T21:00:50.464+0000] {processor.py:153} INFO - Started process (PID=1254) to work on /opt/airflow/dags/django_dag.py
[2023-03-07T21:00:50.467+0000] {processor.py:743} INFO - Processing file /opt/airflow/dags/django_dag.py for tasks to queue
[2023-03-07T21:00:50.469+0000] {logging_mixin.py:137} INFO - [2023-03-07T21:00:50.469+0000] {dagbag.py:538} INFO - Filling up the DagBag from /opt/airflow/dags/django_dag.py
[2023-03-07T21:00:50.535+0000] {processor.py:753} INFO - DAG(s) dict_keys(['check_connection_dag']) retrieved from /opt/airflow/dags/django_dag.py
[2023-03-07T21:00:50.586+0000] {logging_mixin.py:137} INFO - [2023-03-07T21:00:50.586+0000] {dag.py:2690} INFO - Sync 1 DAGs
[2023-03-07T21:00:50.618+0000] {logging_mixin.py:137} INFO - [2023-03-07T21:00:50.618+0000] {dag.py:3441} INFO - Setting next_dagrun for check_connection_dag to None, run_after=None
[2023-03-07T21:00:50.636+0000] {processor.py:175} INFO - Processing /opt/airflow/dags/django_dag.py took 0.184 seconds
[2023-03-07T21:01:21.201+0000] {processor.py:153} INFO - Started process (PID=1291) to work on /opt/airflow/dags/django_dag.py
[2023-03-07T21:01:21.223+0000] {processor.py:743} INFO - Processing file /opt/airflow/dags/django_dag.py for tasks to queue
[2023-03-07T21:01:21.233+0000] {logging_mixin.py:137} INFO - [2023-03-07T21:01:21.233+0000] {dagbag.py:538} INFO - Filling up the DagBag from /opt/airflow/dags/django_dag.py
[2023-03-07T21:01:21.387+0000] {processor.py:753} INFO - DAG(s) dict_keys(['check_connection_dag']) retrieved from /opt/airflow/dags/django_dag.py
[2023-03-07T21:01:21.520+0000] {logging_mixin.py:137} INFO - [2023-03-07T21:01:21.520+0000] {dag.py:2690} INFO - Sync 1 DAGs
[2023-03-07T21:01:21.586+0000] {logging_mixin.py:137} INFO - [2023-03-07T21:01:21.586+0000] {dag.py:3441} INFO - Setting next_dagrun for check_connection_dag to None, run_after=None
[2023-03-07T21:01:21.702+0000] {processor.py:175} INFO - Processing /opt/airflow/dags/django_dag.py took 0.520 seconds
[2023-03-07T21:01:27.985+0000] {processor.py:153} INFO - Started process (PID=1292) to work on /opt/airflow/dags/django_dag.py
[2023-03-07T21:01:27.989+0000] {processor.py:743} INFO - Processing file /opt/airflow/dags/django_dag.py for tasks to queue
[2023-03-07T21:01:27.991+0000] {logging_mixin.py:137} INFO - [2023-03-07T21:01:27.991+0000] {dagbag.py:538} INFO - Filling up the DagBag from /opt/airflow/dags/django_dag.py
[2023-03-07T21:01:28.049+0000] {processor.py:753} INFO - DAG(s) dict_keys(['tester_connexion_dag']) retrieved from /opt/airflow/dags/django_dag.py
[2023-03-07T21:01:28.304+0000] {logging_mixin.py:137} INFO - [2023-03-07T21:01:28.304+0000] {manager.py:504} INFO - Created Permission View: can edit on DAG:tester_connexion_dag
[2023-03-07T21:01:28.310+0000] {logging_mixin.py:137} INFO - [2023-03-07T21:01:28.310+0000] {manager.py:504} INFO - Created Permission View: can delete on DAG:tester_connexion_dag
[2023-03-07T21:01:28.313+0000] {logging_mixin.py:137} INFO - [2023-03-07T21:01:28.313+0000] {manager.py:504} INFO - Created Permission View: can read on DAG:tester_connexion_dag
[2023-03-07T21:01:28.313+0000] {logging_mixin.py:137} INFO - [2023-03-07T21:01:28.313+0000] {dag.py:2690} INFO - Sync 1 DAGs
[2023-03-07T21:01:28.324+0000] {logging_mixin.py:137} INFO - [2023-03-07T21:01:28.324+0000] {dag.py:2711} INFO - Creating ORM DAG for tester_connexion_dag
[2023-03-07T21:01:28.334+0000] {logging_mixin.py:137} INFO - [2023-03-07T21:01:28.334+0000] {dag.py:3441} INFO - Setting next_dagrun for tester_connexion_dag to None, run_after=None
[2023-03-07T21:01:28.350+0000] {processor.py:175} INFO - Processing /opt/airflow/dags/django_dag.py took 0.378 seconds
[2023-03-07T21:01:59.114+0000] {processor.py:153} INFO - Started process (PID=1322) to work on /opt/airflow/dags/django_dag.py
[2023-03-07T21:01:59.118+0000] {processor.py:743} INFO - Processing file /opt/airflow/dags/django_dag.py for tasks to queue
[2023-03-07T21:01:59.120+0000] {logging_mixin.py:137} INFO - [2023-03-07T21:01:59.120+0000] {dagbag.py:538} INFO - Filling up the DagBag from /opt/airflow/dags/django_dag.py
[2023-03-07T21:01:59.187+0000] {processor.py:753} INFO - DAG(s) dict_keys(['tester_connexion_dag']) retrieved from /opt/airflow/dags/django_dag.py
[2023-03-07T21:01:59.239+0000] {logging_mixin.py:137} INFO - [2023-03-07T21:01:59.238+0000] {dag.py:2690} INFO - Sync 1 DAGs
[2023-03-07T21:01:59.270+0000] {logging_mixin.py:137} INFO - [2023-03-07T21:01:59.270+0000] {dag.py:3441} INFO - Setting next_dagrun for tester_connexion_dag to None, run_after=None
[2023-03-07T21:01:59.285+0000] {processor.py:175} INFO - Processing /opt/airflow/dags/django_dag.py took 0.182 seconds
[2023-03-07T21:02:29.957+0000] {processor.py:153} INFO - Started process (PID=1353) to work on /opt/airflow/dags/django_dag.py
[2023-03-07T21:02:29.960+0000] {processor.py:743} INFO - Processing file /opt/airflow/dags/django_dag.py for tasks to queue
[2023-03-07T21:02:29.961+0000] {logging_mixin.py:137} INFO - [2023-03-07T21:02:29.961+0000] {dagbag.py:538} INFO - Filling up the DagBag from /opt/airflow/dags/django_dag.py
[2023-03-07T21:02:30.001+0000] {processor.py:753} INFO - DAG(s) dict_keys(['tester_connexion_dag']) retrieved from /opt/airflow/dags/django_dag.py
[2023-03-07T21:02:30.041+0000] {logging_mixin.py:137} INFO - [2023-03-07T21:02:30.041+0000] {dag.py:2690} INFO - Sync 1 DAGs
[2023-03-07T21:02:30.079+0000] {logging_mixin.py:137} INFO - [2023-03-07T21:02:30.079+0000] {dag.py:3441} INFO - Setting next_dagrun for tester_connexion_dag to None, run_after=None
[2023-03-07T21:02:30.099+0000] {processor.py:175} INFO - Processing /opt/airflow/dags/django_dag.py took 0.156 seconds
[2023-03-07T21:03:00.627+0000] {processor.py:153} INFO - Started process (PID=1378) to work on /opt/airflow/dags/django_dag.py
[2023-03-07T21:03:00.629+0000] {processor.py:743} INFO - Processing file /opt/airflow/dags/django_dag.py for tasks to queue
[2023-03-07T21:03:00.630+0000] {logging_mixin.py:137} INFO - [2023-03-07T21:03:00.630+0000] {dagbag.py:538} INFO - Filling up the DagBag from /opt/airflow/dags/django_dag.py
[2023-03-07T21:03:00.669+0000] {processor.py:753} INFO - DAG(s) dict_keys(['tester_connexion_dag']) retrieved from /opt/airflow/dags/django_dag.py
[2023-03-07T21:03:00.701+0000] {logging_mixin.py:137} INFO - [2023-03-07T21:03:00.701+0000] {dag.py:2690} INFO - Sync 1 DAGs
[2023-03-07T21:03:00.731+0000] {logging_mixin.py:137} INFO - [2023-03-07T21:03:00.731+0000] {dag.py:3441} INFO - Setting next_dagrun for tester_connexion_dag to None, run_after=None
[2023-03-07T21:03:00.744+0000] {processor.py:175} INFO - Processing /opt/airflow/dags/django_dag.py took 0.124 seconds
[2023-03-07T21:03:31.347+0000] {processor.py:153} INFO - Started process (PID=1416) to work on /opt/airflow/dags/django_dag.py
[2023-03-07T21:03:31.353+0000] {processor.py:743} INFO - Processing file /opt/airflow/dags/django_dag.py for tasks to queue
[2023-03-07T21:03:31.356+0000] {logging_mixin.py:137} INFO - [2023-03-07T21:03:31.355+0000] {dagbag.py:538} INFO - Filling up the DagBag from /opt/airflow/dags/django_dag.py
[2023-03-07T21:03:31.396+0000] {processor.py:753} INFO - DAG(s) dict_keys(['tester_connexion_dag']) retrieved from /opt/airflow/dags/django_dag.py
[2023-03-07T21:03:31.499+0000] {logging_mixin.py:137} INFO - [2023-03-07T21:03:31.499+0000] {dag.py:2690} INFO - Sync 1 DAGs
[2023-03-07T21:03:31.557+0000] {logging_mixin.py:137} INFO - [2023-03-07T21:03:31.557+0000] {dag.py:3441} INFO - Setting next_dagrun for tester_connexion_dag to None, run_after=None
[2023-03-07T21:03:31.609+0000] {processor.py:175} INFO - Processing /opt/airflow/dags/django_dag.py took 0.284 seconds
[2023-03-07T21:04:01.704+0000] {processor.py:153} INFO - Started process (PID=1441) to work on /opt/airflow/dags/django_dag.py
[2023-03-07T21:04:01.706+0000] {processor.py:743} INFO - Processing file /opt/airflow/dags/django_dag.py for tasks to queue
[2023-03-07T21:04:01.707+0000] {logging_mixin.py:137} INFO - [2023-03-07T21:04:01.707+0000] {dagbag.py:538} INFO - Filling up the DagBag from /opt/airflow/dags/django_dag.py
[2023-03-07T21:04:01.729+0000] {processor.py:753} INFO - DAG(s) dict_keys(['tester_connexion_dag']) retrieved from /opt/airflow/dags/django_dag.py
[2023-03-07T21:04:01.774+0000] {logging_mixin.py:137} INFO - [2023-03-07T21:04:01.774+0000] {dag.py:2690} INFO - Sync 1 DAGs
[2023-03-07T21:04:01.799+0000] {logging_mixin.py:137} INFO - [2023-03-07T21:04:01.799+0000] {dag.py:3441} INFO - Setting next_dagrun for tester_connexion_dag to None, run_after=None
[2023-03-07T21:04:01.822+0000] {processor.py:175} INFO - Processing /opt/airflow/dags/django_dag.py took 0.123 seconds
[2023-03-07T21:04:33.033+0000] {processor.py:153} INFO - Started process (PID=1479) to work on /opt/airflow/dags/django_dag.py
[2023-03-07T21:04:33.063+0000] {processor.py:743} INFO - Processing file /opt/airflow/dags/django_dag.py for tasks to queue
[2023-03-07T21:04:33.106+0000] {logging_mixin.py:137} INFO - [2023-03-07T21:04:33.104+0000] {dagbag.py:538} INFO - Filling up the DagBag from /opt/airflow/dags/django_dag.py
[2023-03-07T21:04:33.686+0000] {processor.py:753} INFO - DAG(s) dict_keys(['dag_with_api']) retrieved from /opt/airflow/dags/django_dag.py
[2023-03-07T21:04:34.418+0000] {logging_mixin.py:137} INFO - [2023-03-07T21:04:34.417+0000] {manager.py:504} INFO - Created Permission View: can edit on DAG:dag_with_api
[2023-03-07T21:04:34.465+0000] {logging_mixin.py:137} INFO - [2023-03-07T21:04:34.465+0000] {manager.py:504} INFO - Created Permission View: can delete on DAG:dag_with_api
[2023-03-07T21:04:34.481+0000] {logging_mixin.py:137} INFO - [2023-03-07T21:04:34.481+0000] {manager.py:504} INFO - Created Permission View: can read on DAG:dag_with_api
[2023-03-07T21:04:34.488+0000] {logging_mixin.py:137} INFO - [2023-03-07T21:04:34.487+0000] {dag.py:2690} INFO - Sync 1 DAGs
[2023-03-07T21:04:34.554+0000] {logging_mixin.py:137} INFO - [2023-03-07T21:04:34.554+0000] {dag.py:2711} INFO - Creating ORM DAG for dag_with_api
[2023-03-07T21:04:34.606+0000] {logging_mixin.py:137} INFO - [2023-03-07T21:04:34.605+0000] {dag.py:3441} INFO - Setting next_dagrun for dag_with_api to 2023-03-03T00:00:00+00:00, run_after=2023-03-04T00:00:00+00:00
[2023-03-07T21:04:34.717+0000] {processor.py:175} INFO - Processing /opt/airflow/dags/django_dag.py took 1.704 seconds
[2023-03-07T21:05:05.264+0000] {processor.py:153} INFO - Started process (PID=1507) to work on /opt/airflow/dags/django_dag.py
[2023-03-07T21:05:05.284+0000] {processor.py:743} INFO - Processing file /opt/airflow/dags/django_dag.py for tasks to queue
[2023-03-07T21:05:05.296+0000] {logging_mixin.py:137} INFO - [2023-03-07T21:05:05.295+0000] {dagbag.py:538} INFO - Filling up the DagBag from /opt/airflow/dags/django_dag.py
[2023-03-07T21:05:05.416+0000] {processor.py:753} INFO - DAG(s) dict_keys(['dag_with_api']) retrieved from /opt/airflow/dags/django_dag.py
[2023-03-07T21:05:05.571+0000] {logging_mixin.py:137} INFO - [2023-03-07T21:05:05.570+0000] {dag.py:2690} INFO - Sync 1 DAGs
[2023-03-07T21:05:05.676+0000] {logging_mixin.py:137} INFO - [2023-03-07T21:05:05.675+0000] {dag.py:3441} INFO - Setting next_dagrun for dag_with_api to 2023-03-07T00:00:00+00:00, run_after=2023-03-08T00:00:00+00:00
[2023-03-07T21:05:05.704+0000] {processor.py:175} INFO - Processing /opt/airflow/dags/django_dag.py took 0.450 seconds
[2023-03-07T21:05:36.267+0000] {processor.py:153} INFO - Started process (PID=1533) to work on /opt/airflow/dags/django_dag.py
[2023-03-07T21:05:36.274+0000] {processor.py:743} INFO - Processing file /opt/airflow/dags/django_dag.py for tasks to queue
[2023-03-07T21:05:36.276+0000] {logging_mixin.py:137} INFO - [2023-03-07T21:05:36.276+0000] {dagbag.py:538} INFO - Filling up the DagBag from /opt/airflow/dags/django_dag.py
[2023-03-07T21:05:36.342+0000] {processor.py:753} INFO - DAG(s) dict_keys(['dag_with_api']) retrieved from /opt/airflow/dags/django_dag.py
[2023-03-07T21:05:36.400+0000] {logging_mixin.py:137} INFO - [2023-03-07T21:05:36.400+0000] {dag.py:2690} INFO - Sync 1 DAGs
[2023-03-07T21:05:36.426+0000] {logging_mixin.py:137} INFO - [2023-03-07T21:05:36.426+0000] {dag.py:3441} INFO - Setting next_dagrun for dag_with_api to 2023-03-07T00:00:00+00:00, run_after=2023-03-08T00:00:00+00:00
[2023-03-07T21:05:36.448+0000] {processor.py:175} INFO - Processing /opt/airflow/dags/django_dag.py took 0.216 seconds
[2023-03-07T21:05:49.983+0000] {processor.py:153} INFO - Started process (PID=1546) to work on /opt/airflow/dags/django_dag.py
[2023-03-07T21:05:49.987+0000] {processor.py:743} INFO - Processing file /opt/airflow/dags/django_dag.py for tasks to queue
[2023-03-07T21:05:49.989+0000] {logging_mixin.py:137} INFO - [2023-03-07T21:05:49.989+0000] {dagbag.py:538} INFO - Filling up the DagBag from /opt/airflow/dags/django_dag.py
[2023-03-07T21:05:50.031+0000] {logging_mixin.py:137} INFO - [2023-03-07T21:05:50.011+0000] {dagbag.py:343} ERROR - Failed to import: /opt/airflow/dags/django_dag.py
Traceback (most recent call last):
  File "/home/airflow/.local/lib/python3.7/site-packages/airflow/models/dagbag.py", line 339, in parse
    loader.exec_module(new_module)
  File "<frozen importlib._bootstrap_external>", line 724, in exec_module
  File "<frozen importlib._bootstrap_external>", line 860, in get_code
  File "<frozen importlib._bootstrap_external>", line 791, in source_to_code
  File "<frozen importlib._bootstrap>", line 219, in _call_with_frames_removed
  File "/opt/airflow/dags/django_dag.py", line 20
    print("testing api connection"")
                                   ^
SyntaxError: EOL while scanning string literal
[2023-03-07T21:05:50.032+0000] {processor.py:755} WARNING - No viable dags retrieved from /opt/airflow/dags/django_dag.py
[2023-03-07T21:05:50.088+0000] {processor.py:175} INFO - Processing /opt/airflow/dags/django_dag.py took 0.119 seconds
[2023-03-07T21:05:52.144+0000] {processor.py:153} INFO - Started process (PID=1547) to work on /opt/airflow/dags/django_dag.py
[2023-03-07T21:05:52.147+0000] {processor.py:743} INFO - Processing file /opt/airflow/dags/django_dag.py for tasks to queue
[2023-03-07T21:05:52.148+0000] {logging_mixin.py:137} INFO - [2023-03-07T21:05:52.148+0000] {dagbag.py:538} INFO - Filling up the DagBag from /opt/airflow/dags/django_dag.py
[2023-03-07T21:05:52.257+0000] {processor.py:753} INFO - DAG(s) dict_keys(['dag_with_api']) retrieved from /opt/airflow/dags/django_dag.py
[2023-03-07T21:05:52.332+0000] {logging_mixin.py:137} INFO - [2023-03-07T21:05:52.332+0000] {dag.py:2690} INFO - Sync 1 DAGs
[2023-03-07T21:05:52.375+0000] {logging_mixin.py:137} INFO - [2023-03-07T21:05:52.374+0000] {dag.py:3441} INFO - Setting next_dagrun for dag_with_api to 2023-03-07T00:00:00+00:00, run_after=2023-03-08T00:00:00+00:00
[2023-03-07T21:05:52.397+0000] {processor.py:175} INFO - Processing /opt/airflow/dags/django_dag.py took 0.271 seconds
[2023-03-07T21:06:22.967+0000] {processor.py:153} INFO - Started process (PID=1572) to work on /opt/airflow/dags/django_dag.py
[2023-03-07T21:06:22.969+0000] {processor.py:743} INFO - Processing file /opt/airflow/dags/django_dag.py for tasks to queue
[2023-03-07T21:06:22.970+0000] {logging_mixin.py:137} INFO - [2023-03-07T21:06:22.970+0000] {dagbag.py:538} INFO - Filling up the DagBag from /opt/airflow/dags/django_dag.py
[2023-03-07T21:06:23.032+0000] {processor.py:753} INFO - DAG(s) dict_keys(['dag_with_api']) retrieved from /opt/airflow/dags/django_dag.py
[2023-03-07T21:06:23.074+0000] {logging_mixin.py:137} INFO - [2023-03-07T21:06:23.073+0000] {dag.py:2690} INFO - Sync 1 DAGs
[2023-03-07T21:06:23.108+0000] {logging_mixin.py:137} INFO - [2023-03-07T21:06:23.108+0000] {dag.py:3441} INFO - Setting next_dagrun for dag_with_api to 2023-03-07T00:00:00+00:00, run_after=2023-03-08T00:00:00+00:00
[2023-03-07T21:06:23.121+0000] {processor.py:175} INFO - Processing /opt/airflow/dags/django_dag.py took 0.159 seconds
[2023-03-07T21:06:53.438+0000] {processor.py:153} INFO - Started process (PID=1608) to work on /opt/airflow/dags/django_dag.py
[2023-03-07T21:06:53.440+0000] {processor.py:743} INFO - Processing file /opt/airflow/dags/django_dag.py for tasks to queue
[2023-03-07T21:06:53.441+0000] {logging_mixin.py:137} INFO - [2023-03-07T21:06:53.441+0000] {dagbag.py:538} INFO - Filling up the DagBag from /opt/airflow/dags/django_dag.py
[2023-03-07T21:06:53.473+0000] {processor.py:753} INFO - DAG(s) dict_keys(['dag_with_api']) retrieved from /opt/airflow/dags/django_dag.py
[2023-03-07T21:06:53.514+0000] {logging_mixin.py:137} INFO - [2023-03-07T21:06:53.514+0000] {dag.py:2690} INFO - Sync 1 DAGs
[2023-03-07T21:06:53.539+0000] {logging_mixin.py:137} INFO - [2023-03-07T21:06:53.539+0000] {dag.py:3441} INFO - Setting next_dagrun for dag_with_api to 2023-03-07T00:00:00+00:00, run_after=2023-03-08T00:00:00+00:00
[2023-03-07T21:06:53.553+0000] {processor.py:175} INFO - Processing /opt/airflow/dags/django_dag.py took 0.120 seconds
[2023-03-07T21:07:24.314+0000] {processor.py:153} INFO - Started process (PID=1633) to work on /opt/airflow/dags/django_dag.py
[2023-03-07T21:07:24.317+0000] {processor.py:743} INFO - Processing file /opt/airflow/dags/django_dag.py for tasks to queue
[2023-03-07T21:07:24.318+0000] {logging_mixin.py:137} INFO - [2023-03-07T21:07:24.318+0000] {dagbag.py:538} INFO - Filling up the DagBag from /opt/airflow/dags/django_dag.py
[2023-03-07T21:07:24.378+0000] {processor.py:753} INFO - DAG(s) dict_keys(['dag_with_api']) retrieved from /opt/airflow/dags/django_dag.py
[2023-03-07T21:07:24.431+0000] {logging_mixin.py:137} INFO - [2023-03-07T21:07:24.431+0000] {dag.py:2690} INFO - Sync 1 DAGs
[2023-03-07T21:07:24.456+0000] {logging_mixin.py:137} INFO - [2023-03-07T21:07:24.456+0000] {dag.py:3441} INFO - Setting next_dagrun for dag_with_api to 2023-03-07T00:00:00+00:00, run_after=2023-03-08T00:00:00+00:00
[2023-03-07T21:07:24.469+0000] {processor.py:175} INFO - Processing /opt/airflow/dags/django_dag.py took 0.170 seconds
[2023-03-07T21:07:54.897+0000] {processor.py:153} INFO - Started process (PID=1670) to work on /opt/airflow/dags/django_dag.py
[2023-03-07T21:07:54.899+0000] {processor.py:743} INFO - Processing file /opt/airflow/dags/django_dag.py for tasks to queue
[2023-03-07T21:07:54.900+0000] {logging_mixin.py:137} INFO - [2023-03-07T21:07:54.900+0000] {dagbag.py:538} INFO - Filling up the DagBag from /opt/airflow/dags/django_dag.py
[2023-03-07T21:07:54.926+0000] {processor.py:753} INFO - DAG(s) dict_keys(['dag_with_api']) retrieved from /opt/airflow/dags/django_dag.py
[2023-03-07T21:07:54.968+0000] {logging_mixin.py:137} INFO - [2023-03-07T21:07:54.967+0000] {dag.py:2690} INFO - Sync 1 DAGs
[2023-03-07T21:07:54.991+0000] {logging_mixin.py:137} INFO - [2023-03-07T21:07:54.991+0000] {dag.py:3441} INFO - Setting next_dagrun for dag_with_api to 2023-03-07T00:00:00+00:00, run_after=2023-03-08T00:00:00+00:00
[2023-03-07T21:07:55.003+0000] {processor.py:175} INFO - Processing /opt/airflow/dags/django_dag.py took 0.110 seconds
[2023-03-07T21:08:25.380+0000] {processor.py:153} INFO - Started process (PID=1695) to work on /opt/airflow/dags/django_dag.py
[2023-03-07T21:08:25.382+0000] {processor.py:743} INFO - Processing file /opt/airflow/dags/django_dag.py for tasks to queue
[2023-03-07T21:08:25.384+0000] {logging_mixin.py:137} INFO - [2023-03-07T21:08:25.384+0000] {dagbag.py:538} INFO - Filling up the DagBag from /opt/airflow/dags/django_dag.py
[2023-03-07T21:08:25.415+0000] {processor.py:753} INFO - DAG(s) dict_keys(['dag_with_api']) retrieved from /opt/airflow/dags/django_dag.py
[2023-03-07T21:08:25.455+0000] {logging_mixin.py:137} INFO - [2023-03-07T21:08:25.454+0000] {dag.py:2690} INFO - Sync 1 DAGs
[2023-03-07T21:08:25.484+0000] {logging_mixin.py:137} INFO - [2023-03-07T21:08:25.484+0000] {dag.py:3441} INFO - Setting next_dagrun for dag_with_api to 2023-03-07T00:00:00+00:00, run_after=2023-03-08T00:00:00+00:00
[2023-03-07T21:08:25.498+0000] {processor.py:175} INFO - Processing /opt/airflow/dags/django_dag.py took 0.137 seconds
[2023-03-07T21:08:55.787+0000] {processor.py:153} INFO - Started process (PID=1733) to work on /opt/airflow/dags/django_dag.py
[2023-03-07T21:08:55.790+0000] {processor.py:743} INFO - Processing file /opt/airflow/dags/django_dag.py for tasks to queue
[2023-03-07T21:08:55.791+0000] {logging_mixin.py:137} INFO - [2023-03-07T21:08:55.791+0000] {dagbag.py:538} INFO - Filling up the DagBag from /opt/airflow/dags/django_dag.py
[2023-03-07T21:08:55.820+0000] {processor.py:753} INFO - DAG(s) dict_keys(['dag_with_api']) retrieved from /opt/airflow/dags/django_dag.py
[2023-03-07T21:08:55.857+0000] {logging_mixin.py:137} INFO - [2023-03-07T21:08:55.857+0000] {dag.py:2690} INFO - Sync 1 DAGs
[2023-03-07T21:08:55.884+0000] {logging_mixin.py:137} INFO - [2023-03-07T21:08:55.884+0000] {dag.py:3441} INFO - Setting next_dagrun for dag_with_api to 2023-03-07T00:00:00+00:00, run_after=2023-03-08T00:00:00+00:00
[2023-03-07T21:08:55.900+0000] {processor.py:175} INFO - Processing /opt/airflow/dags/django_dag.py took 0.120 seconds
[2023-03-07T21:09:17.569+0000] {processor.py:153} INFO - Started process (PID=1755) to work on /opt/airflow/dags/django_dag.py
[2023-03-07T21:09:17.588+0000] {processor.py:743} INFO - Processing file /opt/airflow/dags/django_dag.py for tasks to queue
[2023-03-07T21:09:17.613+0000] {logging_mixin.py:137} INFO - [2023-03-07T21:09:17.612+0000] {dagbag.py:538} INFO - Filling up the DagBag from /opt/airflow/dags/django_dag.py
[2023-03-07T21:09:17.753+0000] {processor.py:753} INFO - DAG(s) dict_keys(['dag_with_api']) retrieved from /opt/airflow/dags/django_dag.py
[2023-03-07T21:09:17.874+0000] {logging_mixin.py:137} INFO - [2023-03-07T21:09:17.874+0000] {dag.py:2690} INFO - Sync 1 DAGs
[2023-03-07T21:09:17.950+0000] {logging_mixin.py:137} INFO - [2023-03-07T21:09:17.949+0000] {dag.py:3441} INFO - Setting next_dagrun for dag_with_api to 2023-03-07T00:00:00+00:00, run_after=2023-03-08T00:00:00+00:00
[2023-03-07T21:09:18.021+0000] {processor.py:175} INFO - Processing /opt/airflow/dags/django_dag.py took 0.561 seconds
[2023-03-07T21:09:48.396+0000] {processor.py:153} INFO - Started process (PID=1783) to work on /opt/airflow/dags/django_dag.py
[2023-03-07T21:09:48.399+0000] {processor.py:743} INFO - Processing file /opt/airflow/dags/django_dag.py for tasks to queue
[2023-03-07T21:09:48.400+0000] {logging_mixin.py:137} INFO - [2023-03-07T21:09:48.400+0000] {dagbag.py:538} INFO - Filling up the DagBag from /opt/airflow/dags/django_dag.py
[2023-03-07T21:09:48.449+0000] {processor.py:753} INFO - DAG(s) dict_keys(['dag_with_api']) retrieved from /opt/airflow/dags/django_dag.py
[2023-03-07T21:09:48.719+0000] {logging_mixin.py:137} INFO - [2023-03-07T21:09:48.717+0000] {dag.py:2690} INFO - Sync 1 DAGs
[2023-03-07T21:09:48.839+0000] {logging_mixin.py:137} INFO - [2023-03-07T21:09:48.839+0000] {dag.py:3441} INFO - Setting next_dagrun for dag_with_api to 2023-03-07T00:00:00+00:00, run_after=2023-03-08T00:00:00+00:00
[2023-03-07T21:09:48.871+0000] {processor.py:175} INFO - Processing /opt/airflow/dags/django_dag.py took 0.482 seconds
[2023-03-07T21:10:19.338+0000] {processor.py:153} INFO - Started process (PID=1813) to work on /opt/airflow/dags/django_dag.py
[2023-03-07T21:10:19.340+0000] {processor.py:743} INFO - Processing file /opt/airflow/dags/django_dag.py for tasks to queue
[2023-03-07T21:10:19.341+0000] {logging_mixin.py:137} INFO - [2023-03-07T21:10:19.341+0000] {dagbag.py:538} INFO - Filling up the DagBag from /opt/airflow/dags/django_dag.py
[2023-03-07T21:10:19.384+0000] {processor.py:753} INFO - DAG(s) dict_keys(['dag_with_api']) retrieved from /opt/airflow/dags/django_dag.py
[2023-03-07T21:10:19.433+0000] {logging_mixin.py:137} INFO - [2023-03-07T21:10:19.433+0000] {dag.py:2690} INFO - Sync 1 DAGs
[2023-03-07T21:10:19.461+0000] {logging_mixin.py:137} INFO - [2023-03-07T21:10:19.461+0000] {dag.py:3441} INFO - Setting next_dagrun for dag_with_api to 2023-03-07T00:00:00+00:00, run_after=2023-03-08T00:00:00+00:00
[2023-03-07T21:10:19.476+0000] {processor.py:175} INFO - Processing /opt/airflow/dags/django_dag.py took 0.144 seconds
[2023-03-07T21:10:50.036+0000] {processor.py:153} INFO - Started process (PID=1850) to work on /opt/airflow/dags/django_dag.py
[2023-03-07T21:10:50.039+0000] {processor.py:743} INFO - Processing file /opt/airflow/dags/django_dag.py for tasks to queue
[2023-03-07T21:10:50.040+0000] {logging_mixin.py:137} INFO - [2023-03-07T21:10:50.040+0000] {dagbag.py:538} INFO - Filling up the DagBag from /opt/airflow/dags/django_dag.py
[2023-03-07T21:10:50.084+0000] {processor.py:753} INFO - DAG(s) dict_keys(['dag_with_api']) retrieved from /opt/airflow/dags/django_dag.py
[2023-03-07T21:10:50.122+0000] {logging_mixin.py:137} INFO - [2023-03-07T21:10:50.122+0000] {dag.py:2690} INFO - Sync 1 DAGs
[2023-03-07T21:10:50.142+0000] {logging_mixin.py:137} INFO - [2023-03-07T21:10:50.142+0000] {dag.py:3441} INFO - Setting next_dagrun for dag_with_api to 2023-03-07T00:00:00+00:00, run_after=2023-03-08T00:00:00+00:00
[2023-03-07T21:10:50.156+0000] {processor.py:175} INFO - Processing /opt/airflow/dags/django_dag.py took 0.124 seconds
[2023-03-07T21:11:20.665+0000] {processor.py:153} INFO - Started process (PID=1875) to work on /opt/airflow/dags/django_dag.py
[2023-03-07T21:11:20.668+0000] {processor.py:743} INFO - Processing file /opt/airflow/dags/django_dag.py for tasks to queue
[2023-03-07T21:11:20.669+0000] {logging_mixin.py:137} INFO - [2023-03-07T21:11:20.669+0000] {dagbag.py:538} INFO - Filling up the DagBag from /opt/airflow/dags/django_dag.py
[2023-03-07T21:11:20.722+0000] {processor.py:753} INFO - DAG(s) dict_keys(['dag_with_api']) retrieved from /opt/airflow/dags/django_dag.py
[2023-03-07T21:11:20.755+0000] {logging_mixin.py:137} INFO - [2023-03-07T21:11:20.755+0000] {dag.py:2690} INFO - Sync 1 DAGs
[2023-03-07T21:11:20.777+0000] {logging_mixin.py:137} INFO - [2023-03-07T21:11:20.777+0000] {dag.py:3441} INFO - Setting next_dagrun for dag_with_api to 2023-03-07T00:00:00+00:00, run_after=2023-03-08T00:00:00+00:00
[2023-03-07T21:11:20.789+0000] {processor.py:175} INFO - Processing /opt/airflow/dags/django_dag.py took 0.129 seconds
[2023-03-07T21:11:51.321+0000] {processor.py:153} INFO - Started process (PID=1909) to work on /opt/airflow/dags/django_dag.py
[2023-03-07T21:11:51.324+0000] {processor.py:743} INFO - Processing file /opt/airflow/dags/django_dag.py for tasks to queue
[2023-03-07T21:11:51.326+0000] {logging_mixin.py:137} INFO - [2023-03-07T21:11:51.325+0000] {dagbag.py:538} INFO - Filling up the DagBag from /opt/airflow/dags/django_dag.py
[2023-03-07T21:11:51.379+0000] {processor.py:753} INFO - DAG(s) dict_keys(['dag_with_api']) retrieved from /opt/airflow/dags/django_dag.py
[2023-03-07T21:11:51.434+0000] {logging_mixin.py:137} INFO - [2023-03-07T21:11:51.433+0000] {dag.py:2690} INFO - Sync 1 DAGs
[2023-03-07T21:11:51.528+0000] {logging_mixin.py:137} INFO - [2023-03-07T21:11:51.528+0000] {dag.py:3441} INFO - Setting next_dagrun for dag_with_api to 2023-03-07T00:00:00+00:00, run_after=2023-03-08T00:00:00+00:00
[2023-03-07T21:11:51.560+0000] {processor.py:175} INFO - Processing /opt/airflow/dags/django_dag.py took 0.246 seconds
[2023-03-07T21:12:21.795+0000] {processor.py:153} INFO - Started process (PID=1937) to work on /opt/airflow/dags/django_dag.py
[2023-03-07T21:12:21.798+0000] {processor.py:743} INFO - Processing file /opt/airflow/dags/django_dag.py for tasks to queue
[2023-03-07T21:12:21.799+0000] {logging_mixin.py:137} INFO - [2023-03-07T21:12:21.799+0000] {dagbag.py:538} INFO - Filling up the DagBag from /opt/airflow/dags/django_dag.py
[2023-03-07T21:12:21.838+0000] {processor.py:753} INFO - DAG(s) dict_keys(['dag_with_api']) retrieved from /opt/airflow/dags/django_dag.py
[2023-03-07T21:12:21.869+0000] {logging_mixin.py:137} INFO - [2023-03-07T21:12:21.869+0000] {dag.py:2690} INFO - Sync 1 DAGs
[2023-03-07T21:12:21.892+0000] {logging_mixin.py:137} INFO - [2023-03-07T21:12:21.892+0000] {dag.py:3441} INFO - Setting next_dagrun for dag_with_api to 2023-03-07T00:00:00+00:00, run_after=2023-03-08T00:00:00+00:00
[2023-03-07T21:12:21.907+0000] {processor.py:175} INFO - Processing /opt/airflow/dags/django_dag.py took 0.120 seconds
[2023-03-07T21:12:52.461+0000] {processor.py:153} INFO - Started process (PID=1969) to work on /opt/airflow/dags/django_dag.py
[2023-03-07T21:12:52.466+0000] {processor.py:743} INFO - Processing file /opt/airflow/dags/django_dag.py for tasks to queue
[2023-03-07T21:12:52.468+0000] {logging_mixin.py:137} INFO - [2023-03-07T21:12:52.468+0000] {dagbag.py:538} INFO - Filling up the DagBag from /opt/airflow/dags/django_dag.py
[2023-03-07T21:12:52.523+0000] {processor.py:753} INFO - DAG(s) dict_keys(['dag_with_api']) retrieved from /opt/airflow/dags/django_dag.py
[2023-03-07T21:12:52.559+0000] {logging_mixin.py:137} INFO - [2023-03-07T21:12:52.559+0000] {dag.py:2690} INFO - Sync 1 DAGs
[2023-03-07T21:12:52.607+0000] {logging_mixin.py:137} INFO - [2023-03-07T21:12:52.607+0000] {dag.py:3441} INFO - Setting next_dagrun for dag_with_api to 2023-03-07T00:00:00+00:00, run_after=2023-03-08T00:00:00+00:00
[2023-03-07T21:12:52.622+0000] {processor.py:175} INFO - Processing /opt/airflow/dags/django_dag.py took 0.166 seconds
[2023-03-07T21:13:22.811+0000] {processor.py:153} INFO - Started process (PID=1999) to work on /opt/airflow/dags/django_dag.py
[2023-03-07T21:13:22.819+0000] {processor.py:743} INFO - Processing file /opt/airflow/dags/django_dag.py for tasks to queue
[2023-03-07T21:13:22.822+0000] {logging_mixin.py:137} INFO - [2023-03-07T21:13:22.821+0000] {dagbag.py:538} INFO - Filling up the DagBag from /opt/airflow/dags/django_dag.py
[2023-03-07T21:13:22.862+0000] {processor.py:753} INFO - DAG(s) dict_keys(['dag_with_api']) retrieved from /opt/airflow/dags/django_dag.py
[2023-03-07T21:13:22.903+0000] {logging_mixin.py:137} INFO - [2023-03-07T21:13:22.903+0000] {dag.py:2690} INFO - Sync 1 DAGs
[2023-03-07T21:13:22.926+0000] {logging_mixin.py:137} INFO - [2023-03-07T21:13:22.926+0000] {dag.py:3441} INFO - Setting next_dagrun for dag_with_api to 2023-03-07T00:00:00+00:00, run_after=2023-03-08T00:00:00+00:00
[2023-03-07T21:13:22.939+0000] {processor.py:175} INFO - Processing /opt/airflow/dags/django_dag.py took 0.144 seconds
[2023-03-07T21:13:53.330+0000] {processor.py:153} INFO - Started process (PID=2038) to work on /opt/airflow/dags/django_dag.py
[2023-03-07T21:13:53.339+0000] {processor.py:743} INFO - Processing file /opt/airflow/dags/django_dag.py for tasks to queue
[2023-03-07T21:13:53.348+0000] {logging_mixin.py:137} INFO - [2023-03-07T21:13:53.347+0000] {dagbag.py:538} INFO - Filling up the DagBag from /opt/airflow/dags/django_dag.py
[2023-03-07T21:13:53.400+0000] {processor.py:753} INFO - DAG(s) dict_keys(['dag_with_api']) retrieved from /opt/airflow/dags/django_dag.py
[2023-03-07T21:13:53.458+0000] {logging_mixin.py:137} INFO - [2023-03-07T21:13:53.458+0000] {dag.py:2690} INFO - Sync 1 DAGs
[2023-03-07T21:13:53.518+0000] {logging_mixin.py:137} INFO - [2023-03-07T21:13:53.518+0000] {dag.py:3441} INFO - Setting next_dagrun for dag_with_api to 2023-03-07T00:00:00+00:00, run_after=2023-03-08T00:00:00+00:00
[2023-03-07T21:13:53.566+0000] {processor.py:175} INFO - Processing /opt/airflow/dags/django_dag.py took 0.244 seconds
[2023-03-07T21:14:23.670+0000] {processor.py:153} INFO - Started process (PID=2063) to work on /opt/airflow/dags/django_dag.py
[2023-03-07T21:14:23.672+0000] {processor.py:743} INFO - Processing file /opt/airflow/dags/django_dag.py for tasks to queue
[2023-03-07T21:14:23.673+0000] {logging_mixin.py:137} INFO - [2023-03-07T21:14:23.673+0000] {dagbag.py:538} INFO - Filling up the DagBag from /opt/airflow/dags/django_dag.py
[2023-03-07T21:14:23.719+0000] {processor.py:753} INFO - DAG(s) dict_keys(['dag_with_api']) retrieved from /opt/airflow/dags/django_dag.py
[2023-03-07T21:14:23.761+0000] {logging_mixin.py:137} INFO - [2023-03-07T21:14:23.761+0000] {dag.py:2690} INFO - Sync 1 DAGs
[2023-03-07T21:14:23.787+0000] {logging_mixin.py:137} INFO - [2023-03-07T21:14:23.787+0000] {dag.py:3441} INFO - Setting next_dagrun for dag_with_api to 2023-03-07T00:00:00+00:00, run_after=2023-03-08T00:00:00+00:00
[2023-03-07T21:14:23.820+0000] {processor.py:175} INFO - Processing /opt/airflow/dags/django_dag.py took 0.155 seconds
[2023-03-07T21:14:54.305+0000] {processor.py:153} INFO - Started process (PID=2101) to work on /opt/airflow/dags/django_dag.py
[2023-03-07T21:14:54.309+0000] {processor.py:743} INFO - Processing file /opt/airflow/dags/django_dag.py for tasks to queue
[2023-03-07T21:14:54.311+0000] {logging_mixin.py:137} INFO - [2023-03-07T21:14:54.311+0000] {dagbag.py:538} INFO - Filling up the DagBag from /opt/airflow/dags/django_dag.py
[2023-03-07T21:14:54.359+0000] {processor.py:753} INFO - DAG(s) dict_keys(['dag_with_api']) retrieved from /opt/airflow/dags/django_dag.py
[2023-03-07T21:14:54.399+0000] {logging_mixin.py:137} INFO - [2023-03-07T21:14:54.399+0000] {dag.py:2690} INFO - Sync 1 DAGs
[2023-03-07T21:14:54.447+0000] {logging_mixin.py:137} INFO - [2023-03-07T21:14:54.447+0000] {dag.py:3441} INFO - Setting next_dagrun for dag_with_api to 2023-03-07T00:00:00+00:00, run_after=2023-03-08T00:00:00+00:00
[2023-03-07T21:14:54.486+0000] {processor.py:175} INFO - Processing /opt/airflow/dags/django_dag.py took 0.188 seconds
[2023-03-07T21:15:24.812+0000] {processor.py:153} INFO - Started process (PID=2131) to work on /opt/airflow/dags/django_dag.py
[2023-03-07T21:15:24.814+0000] {processor.py:743} INFO - Processing file /opt/airflow/dags/django_dag.py for tasks to queue
[2023-03-07T21:15:24.816+0000] {logging_mixin.py:137} INFO - [2023-03-07T21:15:24.815+0000] {dagbag.py:538} INFO - Filling up the DagBag from /opt/airflow/dags/django_dag.py
[2023-03-07T21:15:24.863+0000] {processor.py:753} INFO - DAG(s) dict_keys(['dag_with_api']) retrieved from /opt/airflow/dags/django_dag.py
[2023-03-07T21:15:24.912+0000] {logging_mixin.py:137} INFO - [2023-03-07T21:15:24.912+0000] {dag.py:2690} INFO - Sync 1 DAGs
[2023-03-07T21:15:24.946+0000] {logging_mixin.py:137} INFO - [2023-03-07T21:15:24.945+0000] {dag.py:3441} INFO - Setting next_dagrun for dag_with_api to 2023-03-07T00:00:00+00:00, run_after=2023-03-08T00:00:00+00:00
[2023-03-07T21:15:24.966+0000] {processor.py:175} INFO - Processing /opt/airflow/dags/django_dag.py took 0.159 seconds
[2023-03-07T21:15:55.473+0000] {processor.py:153} INFO - Started process (PID=2170) to work on /opt/airflow/dags/django_dag.py
[2023-03-07T21:15:55.475+0000] {processor.py:743} INFO - Processing file /opt/airflow/dags/django_dag.py for tasks to queue
[2023-03-07T21:15:55.477+0000] {logging_mixin.py:137} INFO - [2023-03-07T21:15:55.477+0000] {dagbag.py:538} INFO - Filling up the DagBag from /opt/airflow/dags/django_dag.py
[2023-03-07T21:15:55.539+0000] {processor.py:753} INFO - DAG(s) dict_keys(['dag_with_api']) retrieved from /opt/airflow/dags/django_dag.py
[2023-03-07T21:15:55.598+0000] {logging_mixin.py:137} INFO - [2023-03-07T21:15:55.598+0000] {dag.py:2690} INFO - Sync 1 DAGs
[2023-03-07T21:15:55.631+0000] {logging_mixin.py:137} INFO - [2023-03-07T21:15:55.631+0000] {dag.py:3441} INFO - Setting next_dagrun for dag_with_api to 2023-03-07T00:00:00+00:00, run_after=2023-03-08T00:00:00+00:00
[2023-03-07T21:15:55.646+0000] {processor.py:175} INFO - Processing /opt/airflow/dags/django_dag.py took 0.179 seconds
[2023-03-07T21:16:25.896+0000] {processor.py:153} INFO - Started process (PID=2195) to work on /opt/airflow/dags/django_dag.py
[2023-03-07T21:16:25.900+0000] {processor.py:743} INFO - Processing file /opt/airflow/dags/django_dag.py for tasks to queue
[2023-03-07T21:16:25.902+0000] {logging_mixin.py:137} INFO - [2023-03-07T21:16:25.902+0000] {dagbag.py:538} INFO - Filling up the DagBag from /opt/airflow/dags/django_dag.py
[2023-03-07T21:16:25.938+0000] {processor.py:753} INFO - DAG(s) dict_keys(['dag_with_api']) retrieved from /opt/airflow/dags/django_dag.py
[2023-03-07T21:16:25.967+0000] {logging_mixin.py:137} INFO - [2023-03-07T21:16:25.967+0000] {dag.py:2690} INFO - Sync 1 DAGs
[2023-03-07T21:16:25.994+0000] {logging_mixin.py:137} INFO - [2023-03-07T21:16:25.994+0000] {dag.py:3441} INFO - Setting next_dagrun for dag_with_api to 2023-03-07T00:00:00+00:00, run_after=2023-03-08T00:00:00+00:00
[2023-03-07T21:16:26.010+0000] {processor.py:175} INFO - Processing /opt/airflow/dags/django_dag.py took 0.125 seconds
[2023-03-07T21:16:56.415+0000] {processor.py:153} INFO - Started process (PID=2229) to work on /opt/airflow/dags/django_dag.py
[2023-03-07T21:16:56.428+0000] {processor.py:743} INFO - Processing file /opt/airflow/dags/django_dag.py for tasks to queue
[2023-03-07T21:16:56.434+0000] {logging_mixin.py:137} INFO - [2023-03-07T21:16:56.433+0000] {dagbag.py:538} INFO - Filling up the DagBag from /opt/airflow/dags/django_dag.py
[2023-03-07T21:16:56.533+0000] {processor.py:753} INFO - DAG(s) dict_keys(['dag_with_api']) retrieved from /opt/airflow/dags/django_dag.py
[2023-03-07T21:16:56.584+0000] {logging_mixin.py:137} INFO - [2023-03-07T21:16:56.584+0000] {dag.py:2690} INFO - Sync 1 DAGs
[2023-03-07T21:16:56.665+0000] {logging_mixin.py:137} INFO - [2023-03-07T21:16:56.664+0000] {dag.py:3441} INFO - Setting next_dagrun for dag_with_api to 2023-03-07T00:00:00+00:00, run_after=2023-03-08T00:00:00+00:00
[2023-03-07T21:16:56.709+0000] {processor.py:175} INFO - Processing /opt/airflow/dags/django_dag.py took 0.308 seconds
[2023-03-07T21:17:26.921+0000] {processor.py:153} INFO - Started process (PID=2257) to work on /opt/airflow/dags/django_dag.py
[2023-03-07T21:17:26.923+0000] {processor.py:743} INFO - Processing file /opt/airflow/dags/django_dag.py for tasks to queue
[2023-03-07T21:17:26.925+0000] {logging_mixin.py:137} INFO - [2023-03-07T21:17:26.925+0000] {dagbag.py:538} INFO - Filling up the DagBag from /opt/airflow/dags/django_dag.py
[2023-03-07T21:17:26.980+0000] {processor.py:753} INFO - DAG(s) dict_keys(['dag_with_api']) retrieved from /opt/airflow/dags/django_dag.py
[2023-03-07T21:17:27.014+0000] {logging_mixin.py:137} INFO - [2023-03-07T21:17:27.013+0000] {dag.py:2690} INFO - Sync 1 DAGs
[2023-03-07T21:17:27.045+0000] {logging_mixin.py:137} INFO - [2023-03-07T21:17:27.045+0000] {dag.py:3441} INFO - Setting next_dagrun for dag_with_api to 2023-03-07T00:00:00+00:00, run_after=2023-03-08T00:00:00+00:00
[2023-03-07T21:17:27.063+0000] {processor.py:175} INFO - Processing /opt/airflow/dags/django_dag.py took 0.147 seconds
[2023-03-07T21:17:57.367+0000] {processor.py:153} INFO - Started process (PID=2282) to work on /opt/airflow/dags/django_dag.py
[2023-03-07T21:17:57.369+0000] {processor.py:743} INFO - Processing file /opt/airflow/dags/django_dag.py for tasks to queue
[2023-03-07T21:17:57.370+0000] {logging_mixin.py:137} INFO - [2023-03-07T21:17:57.370+0000] {dagbag.py:538} INFO - Filling up the DagBag from /opt/airflow/dags/django_dag.py
[2023-03-07T21:17:57.412+0000] {processor.py:753} INFO - DAG(s) dict_keys(['dag_with_api']) retrieved from /opt/airflow/dags/django_dag.py
[2023-03-07T21:17:57.445+0000] {logging_mixin.py:137} INFO - [2023-03-07T21:17:57.445+0000] {dag.py:2690} INFO - Sync 1 DAGs
[2023-03-07T21:17:57.483+0000] {logging_mixin.py:137} INFO - [2023-03-07T21:17:57.483+0000] {dag.py:3441} INFO - Setting next_dagrun for dag_with_api to 2023-03-07T00:00:00+00:00, run_after=2023-03-08T00:00:00+00:00
[2023-03-07T21:17:57.499+0000] {processor.py:175} INFO - Processing /opt/airflow/dags/django_dag.py took 0.137 seconds
[2023-03-07T21:18:28.020+0000] {processor.py:153} INFO - Started process (PID=2319) to work on /opt/airflow/dags/django_dag.py
[2023-03-07T21:18:28.023+0000] {processor.py:743} INFO - Processing file /opt/airflow/dags/django_dag.py for tasks to queue
[2023-03-07T21:18:28.024+0000] {logging_mixin.py:137} INFO - [2023-03-07T21:18:28.024+0000] {dagbag.py:538} INFO - Filling up the DagBag from /opt/airflow/dags/django_dag.py
[2023-03-07T21:18:28.078+0000] {processor.py:753} INFO - DAG(s) dict_keys(['dag_with_api']) retrieved from /opt/airflow/dags/django_dag.py
[2023-03-07T21:18:28.117+0000] {logging_mixin.py:137} INFO - [2023-03-07T21:18:28.117+0000] {dag.py:2690} INFO - Sync 1 DAGs
[2023-03-07T21:18:28.140+0000] {logging_mixin.py:137} INFO - [2023-03-07T21:18:28.140+0000] {dag.py:3441} INFO - Setting next_dagrun for dag_with_api to 2023-03-07T00:00:00+00:00, run_after=2023-03-08T00:00:00+00:00
[2023-03-07T21:18:28.153+0000] {processor.py:175} INFO - Processing /opt/airflow/dags/django_dag.py took 0.150 seconds
[2023-03-07T21:18:58.487+0000] {processor.py:153} INFO - Started process (PID=2344) to work on /opt/airflow/dags/django_dag.py
[2023-03-07T21:18:58.491+0000] {processor.py:743} INFO - Processing file /opt/airflow/dags/django_dag.py for tasks to queue
[2023-03-07T21:18:58.494+0000] {logging_mixin.py:137} INFO - [2023-03-07T21:18:58.494+0000] {dagbag.py:538} INFO - Filling up the DagBag from /opt/airflow/dags/django_dag.py
[2023-03-07T21:18:58.529+0000] {processor.py:753} INFO - DAG(s) dict_keys(['dag_with_api']) retrieved from /opt/airflow/dags/django_dag.py
[2023-03-07T21:18:58.559+0000] {logging_mixin.py:137} INFO - [2023-03-07T21:18:58.559+0000] {dag.py:2690} INFO - Sync 1 DAGs
[2023-03-07T21:18:58.582+0000] {logging_mixin.py:137} INFO - [2023-03-07T21:18:58.582+0000] {dag.py:3441} INFO - Setting next_dagrun for dag_with_api to 2023-03-07T00:00:00+00:00, run_after=2023-03-08T00:00:00+00:00
[2023-03-07T21:18:58.607+0000] {processor.py:175} INFO - Processing /opt/airflow/dags/django_dag.py took 0.135 seconds
