[2023-03-07T20:57:27.099+0000] {taskinstance.py:1083} INFO - Dependencies all met for <TaskInstance: check_connection_dag.check_connection manual__2023-03-07T20:55:19.018020+00:00 [queued]>
[2023-03-07T20:57:27.108+0000] {taskinstance.py:1083} INFO - Dependencies all met for <TaskInstance: check_connection_dag.check_connection manual__2023-03-07T20:55:19.018020+00:00 [queued]>
[2023-03-07T20:57:27.109+0000] {taskinstance.py:1279} INFO - 
--------------------------------------------------------------------------------
[2023-03-07T20:57:27.109+0000] {taskinstance.py:1280} INFO - Starting attempt 2 of 3
[2023-03-07T20:57:27.110+0000] {taskinstance.py:1281} INFO - 
--------------------------------------------------------------------------------
[2023-03-07T20:57:27.118+0000] {taskinstance.py:1300} INFO - Executing <Task(PythonOperator): check_connection> on 2023-03-07 20:55:19.018020+00:00
[2023-03-07T20:57:27.124+0000] {standard_task_runner.py:55} INFO - Started process 1100 to run task
[2023-03-07T20:57:27.130+0000] {standard_task_runner.py:82} INFO - Running: ['***', 'tasks', 'run', 'check_connection_dag', 'check_connection', 'manual__2023-03-07T20:55:19.018020+00:00', '--job-id', '8', '--raw', '--subdir', 'DAGS_FOLDER/django_dag.py', '--cfg-path', '/tmp/tmplel_quce']
[2023-03-07T20:57:27.131+0000] {standard_task_runner.py:83} INFO - Job 8: Subtask check_connection
[2023-03-07T20:57:27.261+0000] {task_command.py:388} INFO - Running <TaskInstance: check_connection_dag.check_connection manual__2023-03-07T20:55:19.018020+00:00 [running]> on host 60841c17d50a
[2023-03-07T20:57:27.410+0000] {taskinstance.py:1509} INFO - Exporting the following env vars:
AIRFLOW_CTX_DAG_OWNER=***
AIRFLOW_CTX_DAG_ID=check_connection_dag
AIRFLOW_CTX_TASK_ID=check_connection
AIRFLOW_CTX_EXECUTION_DATE=2023-03-07T20:55:19.018020+00:00
AIRFLOW_CTX_TRY_NUMBER=2
AIRFLOW_CTX_DAG_RUN_ID=manual__2023-03-07T20:55:19.018020+00:00
[2023-03-07T20:57:27.419+0000] {logging_mixin.py:137} INFO - Connection None exists: False
[2023-03-07T20:57:27.422+0000] {python.py:177} INFO - Done. Returned value was: None
[2023-03-07T20:57:27.446+0000] {taskinstance.py:1323} INFO - Marking task as SUCCESS. dag_id=check_connection_dag, task_id=check_connection, execution_date=20230307T205519, start_date=20230307T205727, end_date=20230307T205727
[2023-03-07T20:57:27.508+0000] {local_task_job.py:208} INFO - Task exited with return code 0
[2023-03-07T20:57:27.565+0000] {taskinstance.py:2578} INFO - 0 downstream tasks scheduled from follow-on schedule check
