[2023-03-23T14:28:14.391+0000] {taskinstance.py:1083} INFO - Dependencies all met for <TaskInstance: example.api_is_active scheduled__2023-03-22T00:00:00+00:00 [queued]>
[2023-03-23T14:28:14.403+0000] {taskinstance.py:1083} INFO - Dependencies all met for <TaskInstance: example.api_is_active scheduled__2023-03-22T00:00:00+00:00 [queued]>
[2023-03-23T14:28:14.404+0000] {taskinstance.py:1279} INFO - 
--------------------------------------------------------------------------------
[2023-03-23T14:28:14.407+0000] {taskinstance.py:1280} INFO - Starting attempt 1 of 1
[2023-03-23T14:28:14.407+0000] {taskinstance.py:1281} INFO - 
--------------------------------------------------------------------------------
[2023-03-23T14:28:14.454+0000] {taskinstance.py:1300} INFO - Executing <Task(HttpSensor): api_is_active> on 2023-03-22 00:00:00+00:00
[2023-03-23T14:28:14.488+0000] {standard_task_runner.py:55} INFO - Started process 2401 to run task
[2023-03-23T14:28:14.499+0000] {standard_task_runner.py:82} INFO - Running: ['***', 'tasks', 'run', 'example', 'api_is_active', 'scheduled__2023-03-22T00:00:00+00:00', '--job-id', '107', '--raw', '--subdir', 'DAGS_FOLDER/example.py', '--cfg-path', '/tmp/tmp6850hbhh']
[2023-03-23T14:28:14.507+0000] {standard_task_runner.py:83} INFO - Job 107: Subtask api_is_active
[2023-03-23T14:28:14.746+0000] {task_command.py:388} INFO - Running <TaskInstance: example.api_is_active scheduled__2023-03-22T00:00:00+00:00 [running]> on host 99e079803755
[2023-03-23T14:28:14.864+0000] {taskinstance.py:1509} INFO - Exporting the following env vars:
AIRFLOW_CTX_DAG_OWNER=***
AIRFLOW_CTX_DAG_ID=example
AIRFLOW_CTX_TASK_ID=api_is_active
AIRFLOW_CTX_EXECUTION_DATE=2023-03-22T00:00:00+00:00
AIRFLOW_CTX_TRY_NUMBER=1
AIRFLOW_CTX_DAG_RUN_ID=scheduled__2023-03-22T00:00:00+00:00
[2023-03-23T14:28:14.869+0000] {http.py:122} INFO - Poking: posts
[2023-03-23T14:28:14.889+0000] {base.py:73} INFO - Using connection ID 'api_posts' for task execution.
[2023-03-23T14:28:15.786+0000] {base.py:228} INFO - Success criteria met. Exiting.
[2023-03-23T14:28:15.845+0000] {taskinstance.py:1323} INFO - Marking task as SUCCESS. dag_id=example, task_id=api_is_active, execution_date=20230322T000000, start_date=20230323T142814, end_date=20230323T142815
[2023-03-23T14:28:15.910+0000] {local_task_job.py:208} INFO - Task exited with return code 0
[2023-03-23T14:28:15.959+0000] {taskinstance.py:2578} INFO - 1 downstream tasks scheduled from follow-on schedule check
