[2023-03-15T13:36:48.367+0000] {taskinstance.py:1083} INFO - Dependencies all met for <TaskInstance: rest_api.api_is_active manual__2023-03-15T13:35:30.113554+00:00 [queued]>
[2023-03-15T13:36:48.383+0000] {taskinstance.py:1083} INFO - Dependencies all met for <TaskInstance: rest_api.api_is_active manual__2023-03-15T13:35:30.113554+00:00 [queued]>
[2023-03-15T13:36:48.383+0000] {taskinstance.py:1279} INFO - 
--------------------------------------------------------------------------------
[2023-03-15T13:36:48.383+0000] {taskinstance.py:1280} INFO - Starting attempt 1 of 1
[2023-03-15T13:36:48.384+0000] {taskinstance.py:1281} INFO - 
--------------------------------------------------------------------------------
[2023-03-15T13:36:48.393+0000] {taskinstance.py:1300} INFO - Executing <Task(HttpSensor): api_is_active> on 2023-03-15 13:35:30.113554+00:00
[2023-03-15T13:36:48.401+0000] {standard_task_runner.py:55} INFO - Started process 55 to run task
[2023-03-15T13:36:48.417+0000] {standard_task_runner.py:82} INFO - Running: ['***', 'tasks', 'run', 'rest_api', 'api_is_active', 'manual__2023-03-15T13:35:30.113554+00:00', '--job-id', '84', '--raw', '--subdir', 'DAGS_FOLDER/rest_api.py', '--cfg-path', '/tmp/tmp_27hbyvm']
[2023-03-15T13:36:48.421+0000] {standard_task_runner.py:83} INFO - Job 84: Subtask api_is_active
[2023-03-15T13:36:48.615+0000] {task_command.py:388} INFO - Running <TaskInstance: rest_api.api_is_active manual__2023-03-15T13:35:30.113554+00:00 [running]> on host 99e079803755
[2023-03-15T13:36:48.766+0000] {taskinstance.py:1509} INFO - Exporting the following env vars:
AIRFLOW_CTX_DAG_OWNER=***
AIRFLOW_CTX_DAG_ID=rest_api
AIRFLOW_CTX_TASK_ID=api_is_active
AIRFLOW_CTX_EXECUTION_DATE=2023-03-15T13:35:30.113554+00:00
AIRFLOW_CTX_TRY_NUMBER=1
AIRFLOW_CTX_DAG_RUN_ID=manual__2023-03-15T13:35:30.113554+00:00
[2023-03-15T13:36:48.768+0000] {http.py:122} INFO - Poking: posts
[2023-03-15T13:36:48.943+0000] {base.py:73} INFO - Using connection ID 'api_posts' for task execution.
[2023-03-15T13:36:49.536+0000] {base.py:228} INFO - Success criteria met. Exiting.
[2023-03-15T13:36:49.585+0000] {taskinstance.py:1323} INFO - Marking task as SUCCESS. dag_id=rest_api, task_id=api_is_active, execution_date=20230315T133530, start_date=20230315T133648, end_date=20230315T133649
[2023-03-15T13:36:49.720+0000] {local_task_job.py:208} INFO - Task exited with return code 0
[2023-03-15T13:36:49.798+0000] {taskinstance.py:2578} INFO - 1 downstream tasks scheduled from follow-on schedule check
