[2023-03-08T07:23:09.029+0000] {processor.py:153} INFO - Started process (PID=33) to work on /opt/airflow/dags/django_dag.py
[2023-03-08T07:23:09.031+0000] {processor.py:743} INFO - Processing file /opt/airflow/dags/django_dag.py for tasks to queue
[2023-03-08T07:23:09.032+0000] {logging_mixin.py:137} INFO - [2023-03-08T07:23:09.032+0000] {dagbag.py:538} INFO - Filling up the DagBag from /opt/airflow/dags/django_dag.py
[2023-03-08T07:23:09.067+0000] {processor.py:753} INFO - DAG(s) dict_keys(['dag_with_api']) retrieved from /opt/airflow/dags/django_dag.py
[2023-03-08T07:23:09.121+0000] {logging_mixin.py:137} INFO - [2023-03-08T07:23:09.121+0000] {dag.py:2690} INFO - Sync 1 DAGs
[2023-03-08T07:23:09.147+0000] {logging_mixin.py:137} INFO - [2023-03-08T07:23:09.147+0000] {dag.py:3441} INFO - Setting next_dagrun for dag_with_api to 2023-03-08T00:00:00+00:00, run_after=2023-03-09T00:00:00+00:00
[2023-03-08T07:23:09.185+0000] {processor.py:175} INFO - Processing /opt/airflow/dags/django_dag.py took 0.160 seconds
[2023-03-08T07:23:40.078+0000] {processor.py:153} INFO - Started process (PID=71) to work on /opt/airflow/dags/django_dag.py
[2023-03-08T07:23:40.088+0000] {processor.py:743} INFO - Processing file /opt/airflow/dags/django_dag.py for tasks to queue
[2023-03-08T07:23:40.090+0000] {logging_mixin.py:137} INFO - [2023-03-08T07:23:40.090+0000] {dagbag.py:538} INFO - Filling up the DagBag from /opt/airflow/dags/django_dag.py
[2023-03-08T07:23:40.342+0000] {processor.py:753} INFO - DAG(s) dict_keys(['dag_with_api']) retrieved from /opt/airflow/dags/django_dag.py
[2023-03-08T07:23:40.523+0000] {logging_mixin.py:137} INFO - [2023-03-08T07:23:40.523+0000] {dag.py:2690} INFO - Sync 1 DAGs
[2023-03-08T07:23:40.702+0000] {logging_mixin.py:137} INFO - [2023-03-08T07:23:40.702+0000] {dag.py:3441} INFO - Setting next_dagrun for dag_with_api to 2023-03-08T00:00:00+00:00, run_after=2023-03-09T00:00:00+00:00
[2023-03-08T07:23:40.880+0000] {processor.py:175} INFO - Processing /opt/airflow/dags/django_dag.py took 0.846 seconds
[2023-03-08T07:24:11.602+0000] {processor.py:153} INFO - Started process (PID=89) to work on /opt/airflow/dags/django_dag.py
[2023-03-08T07:24:11.609+0000] {processor.py:743} INFO - Processing file /opt/airflow/dags/django_dag.py for tasks to queue
[2023-03-08T07:24:11.616+0000] {logging_mixin.py:137} INFO - [2023-03-08T07:24:11.615+0000] {dagbag.py:538} INFO - Filling up the DagBag from /opt/airflow/dags/django_dag.py
[2023-03-08T07:24:11.883+0000] {processor.py:753} INFO - DAG(s) dict_keys(['dag_with_api']) retrieved from /opt/airflow/dags/django_dag.py
[2023-03-08T07:24:11.963+0000] {logging_mixin.py:137} INFO - [2023-03-08T07:24:11.963+0000] {dag.py:2690} INFO - Sync 1 DAGs
[2023-03-08T07:24:12.059+0000] {logging_mixin.py:137} INFO - [2023-03-08T07:24:12.059+0000] {dag.py:3441} INFO - Setting next_dagrun for dag_with_api to 2023-03-08T00:00:00+00:00, run_after=2023-03-09T00:00:00+00:00
[2023-03-08T07:24:12.112+0000] {processor.py:175} INFO - Processing /opt/airflow/dags/django_dag.py took 0.523 seconds
[2023-03-08T07:24:57.119+0000] {processor.py:153} INFO - Started process (PID=46) to work on /opt/airflow/dags/django_dag.py
[2023-03-08T07:24:57.125+0000] {processor.py:743} INFO - Processing file /opt/airflow/dags/django_dag.py for tasks to queue
[2023-03-08T07:24:57.126+0000] {logging_mixin.py:137} INFO - [2023-03-08T07:24:57.126+0000] {dagbag.py:538} INFO - Filling up the DagBag from /opt/airflow/dags/django_dag.py
[2023-03-08T07:24:57.253+0000] {processor.py:753} INFO - DAG(s) dict_keys(['dag_with_api']) retrieved from /opt/airflow/dags/django_dag.py
[2023-03-08T07:24:57.474+0000] {logging_mixin.py:137} INFO - [2023-03-08T07:24:57.474+0000] {dag.py:2690} INFO - Sync 1 DAGs
[2023-03-08T07:24:57.626+0000] {logging_mixin.py:137} INFO - [2023-03-08T07:24:57.626+0000] {dag.py:3441} INFO - Setting next_dagrun for dag_with_api to 2023-03-08T00:00:00+00:00, run_after=2023-03-09T00:00:00+00:00
[2023-03-08T07:24:57.709+0000] {processor.py:175} INFO - Processing /opt/airflow/dags/django_dag.py took 0.609 seconds
[2023-03-08T07:25:28.323+0000] {processor.py:153} INFO - Started process (PID=59) to work on /opt/airflow/dags/django_dag.py
[2023-03-08T07:25:28.335+0000] {processor.py:743} INFO - Processing file /opt/airflow/dags/django_dag.py for tasks to queue
[2023-03-08T07:25:28.343+0000] {logging_mixin.py:137} INFO - [2023-03-08T07:25:28.343+0000] {dagbag.py:538} INFO - Filling up the DagBag from /opt/airflow/dags/django_dag.py
[2023-03-08T07:25:28.606+0000] {processor.py:753} INFO - DAG(s) dict_keys(['dag_with_api']) retrieved from /opt/airflow/dags/django_dag.py
[2023-03-08T07:25:28.706+0000] {logging_mixin.py:137} INFO - [2023-03-08T07:25:28.706+0000] {dag.py:2690} INFO - Sync 1 DAGs
[2023-03-08T07:25:28.982+0000] {logging_mixin.py:137} INFO - [2023-03-08T07:25:28.982+0000] {dag.py:3441} INFO - Setting next_dagrun for dag_with_api to 2023-03-08T00:00:00+00:00, run_after=2023-03-09T00:00:00+00:00
[2023-03-08T07:25:29.148+0000] {processor.py:175} INFO - Processing /opt/airflow/dags/django_dag.py took 0.844 seconds
[2023-03-08T07:26:00.135+0000] {processor.py:153} INFO - Started process (PID=84) to work on /opt/airflow/dags/django_dag.py
[2023-03-08T07:26:00.143+0000] {processor.py:743} INFO - Processing file /opt/airflow/dags/django_dag.py for tasks to queue
[2023-03-08T07:26:00.150+0000] {logging_mixin.py:137} INFO - [2023-03-08T07:26:00.148+0000] {dagbag.py:538} INFO - Filling up the DagBag from /opt/airflow/dags/django_dag.py
[2023-03-08T07:26:00.661+0000] {processor.py:753} INFO - DAG(s) dict_keys(['dag_with_api']) retrieved from /opt/airflow/dags/django_dag.py
[2023-03-08T07:26:00.973+0000] {logging_mixin.py:137} INFO - [2023-03-08T07:26:00.973+0000] {dag.py:2690} INFO - Sync 1 DAGs
[2023-03-08T07:26:01.122+0000] {logging_mixin.py:137} INFO - [2023-03-08T07:26:01.120+0000] {dag.py:3441} INFO - Setting next_dagrun for dag_with_api to 2023-03-08T00:00:00+00:00, run_after=2023-03-09T00:00:00+00:00
[2023-03-08T07:26:01.159+0000] {processor.py:175} INFO - Processing /opt/airflow/dags/django_dag.py took 1.117 seconds
[2023-03-08T07:26:31.878+0000] {processor.py:153} INFO - Started process (PID=119) to work on /opt/airflow/dags/django_dag.py
[2023-03-08T07:26:31.914+0000] {processor.py:743} INFO - Processing file /opt/airflow/dags/django_dag.py for tasks to queue
[2023-03-08T07:26:31.966+0000] {logging_mixin.py:137} INFO - [2023-03-08T07:26:31.963+0000] {dagbag.py:538} INFO - Filling up the DagBag from /opt/airflow/dags/django_dag.py
[2023-03-08T07:26:32.410+0000] {processor.py:753} INFO - DAG(s) dict_keys(['dag_with_api']) retrieved from /opt/airflow/dags/django_dag.py
[2023-03-08T07:26:32.707+0000] {logging_mixin.py:137} INFO - [2023-03-08T07:26:32.705+0000] {dag.py:2690} INFO - Sync 1 DAGs
[2023-03-08T07:26:32.799+0000] {logging_mixin.py:137} INFO - [2023-03-08T07:26:32.799+0000] {dag.py:3441} INFO - Setting next_dagrun for dag_with_api to 2023-03-08T00:00:00+00:00, run_after=2023-03-09T00:00:00+00:00
[2023-03-08T07:26:32.893+0000] {processor.py:175} INFO - Processing /opt/airflow/dags/django_dag.py took 1.194 seconds
[2023-03-08T07:27:04.126+0000] {processor.py:153} INFO - Started process (PID=143) to work on /opt/airflow/dags/django_dag.py
[2023-03-08T07:27:04.134+0000] {processor.py:743} INFO - Processing file /opt/airflow/dags/django_dag.py for tasks to queue
[2023-03-08T07:27:04.140+0000] {logging_mixin.py:137} INFO - [2023-03-08T07:27:04.139+0000] {dagbag.py:538} INFO - Filling up the DagBag from /opt/airflow/dags/django_dag.py
[2023-03-08T07:27:04.318+0000] {processor.py:753} INFO - DAG(s) dict_keys(['dag_with_api']) retrieved from /opt/airflow/dags/django_dag.py
[2023-03-08T07:27:04.540+0000] {logging_mixin.py:137} INFO - [2023-03-08T07:27:04.534+0000] {dag.py:2690} INFO - Sync 1 DAGs
[2023-03-08T07:27:04.650+0000] {logging_mixin.py:137} INFO - [2023-03-08T07:27:04.649+0000] {dag.py:3441} INFO - Setting next_dagrun for dag_with_api to 2023-03-08T00:00:00+00:00, run_after=2023-03-09T00:00:00+00:00
[2023-03-08T07:27:04.697+0000] {processor.py:175} INFO - Processing /opt/airflow/dags/django_dag.py took 0.582 seconds
[2023-03-08T07:27:33.532+0000] {processor.py:153} INFO - Started process (PID=171) to work on /opt/airflow/dags/django_dag.py
[2023-03-08T07:27:33.535+0000] {processor.py:743} INFO - Processing file /opt/airflow/dags/django_dag.py for tasks to queue
[2023-03-08T07:27:33.538+0000] {logging_mixin.py:137} INFO - [2023-03-08T07:27:33.537+0000] {dagbag.py:538} INFO - Filling up the DagBag from /opt/airflow/dags/django_dag.py
[2023-03-08T07:27:33.825+0000] {processor.py:753} INFO - DAG(s) dict_keys(['dag_with_api']) retrieved from /opt/airflow/dags/django_dag.py
[2023-03-08T07:27:34.433+0000] {logging_mixin.py:137} INFO - [2023-03-08T07:27:34.406+0000] {dag.py:2690} INFO - Sync 1 DAGs
[2023-03-08T07:27:34.633+0000] {logging_mixin.py:137} INFO - [2023-03-08T07:27:34.632+0000] {dag.py:3441} INFO - Setting next_dagrun for dag_with_api to 2023-03-08T00:00:00+00:00, run_after=2023-03-09T00:00:00+00:00
[2023-03-08T07:27:34.701+0000] {processor.py:175} INFO - Processing /opt/airflow/dags/django_dag.py took 1.175 seconds
[2023-03-08T07:28:05.788+0000] {processor.py:153} INFO - Started process (PID=200) to work on /opt/airflow/dags/django_dag.py
[2023-03-08T07:28:05.791+0000] {processor.py:743} INFO - Processing file /opt/airflow/dags/django_dag.py for tasks to queue
[2023-03-08T07:28:05.793+0000] {logging_mixin.py:137} INFO - [2023-03-08T07:28:05.793+0000] {dagbag.py:538} INFO - Filling up the DagBag from /opt/airflow/dags/django_dag.py
[2023-03-08T07:28:05.865+0000] {processor.py:753} INFO - DAG(s) dict_keys(['dag_with_api']) retrieved from /opt/airflow/dags/django_dag.py
[2023-03-08T07:28:05.912+0000] {logging_mixin.py:137} INFO - [2023-03-08T07:28:05.912+0000] {dag.py:2690} INFO - Sync 1 DAGs
[2023-03-08T07:28:05.940+0000] {logging_mixin.py:137} INFO - [2023-03-08T07:28:05.940+0000] {dag.py:3441} INFO - Setting next_dagrun for dag_with_api to 2023-03-08T00:00:00+00:00, run_after=2023-03-09T00:00:00+00:00
[2023-03-08T07:28:05.959+0000] {processor.py:175} INFO - Processing /opt/airflow/dags/django_dag.py took 0.180 seconds
[2023-03-08T07:28:36.156+0000] {processor.py:153} INFO - Started process (PID=225) to work on /opt/airflow/dags/django_dag.py
[2023-03-08T07:28:36.159+0000] {processor.py:743} INFO - Processing file /opt/airflow/dags/django_dag.py for tasks to queue
[2023-03-08T07:28:36.161+0000] {logging_mixin.py:137} INFO - [2023-03-08T07:28:36.161+0000] {dagbag.py:538} INFO - Filling up the DagBag from /opt/airflow/dags/django_dag.py
[2023-03-08T07:28:36.201+0000] {processor.py:753} INFO - DAG(s) dict_keys(['dag_with_api']) retrieved from /opt/airflow/dags/django_dag.py
[2023-03-08T07:28:36.248+0000] {logging_mixin.py:137} INFO - [2023-03-08T07:28:36.248+0000] {dag.py:2690} INFO - Sync 1 DAGs
[2023-03-08T07:28:36.270+0000] {logging_mixin.py:137} INFO - [2023-03-08T07:28:36.270+0000] {dag.py:3441} INFO - Setting next_dagrun for dag_with_api to 2023-03-08T00:00:00+00:00, run_after=2023-03-09T00:00:00+00:00
[2023-03-08T07:28:36.283+0000] {processor.py:175} INFO - Processing /opt/airflow/dags/django_dag.py took 0.137 seconds
[2023-03-08T07:29:06.673+0000] {processor.py:153} INFO - Started process (PID=260) to work on /opt/airflow/dags/django_dag.py
[2023-03-08T07:29:06.674+0000] {processor.py:743} INFO - Processing file /opt/airflow/dags/django_dag.py for tasks to queue
[2023-03-08T07:29:06.675+0000] {logging_mixin.py:137} INFO - [2023-03-08T07:29:06.675+0000] {dagbag.py:538} INFO - Filling up the DagBag from /opt/airflow/dags/django_dag.py
[2023-03-08T07:29:06.706+0000] {processor.py:753} INFO - DAG(s) dict_keys(['dag_with_api']) retrieved from /opt/airflow/dags/django_dag.py
[2023-03-08T07:29:06.735+0000] {logging_mixin.py:137} INFO - [2023-03-08T07:29:06.735+0000] {dag.py:2690} INFO - Sync 1 DAGs
[2023-03-08T07:29:06.755+0000] {logging_mixin.py:137} INFO - [2023-03-08T07:29:06.755+0000] {dag.py:3441} INFO - Setting next_dagrun for dag_with_api to 2023-03-08T00:00:00+00:00, run_after=2023-03-09T00:00:00+00:00
[2023-03-08T07:29:06.767+0000] {processor.py:175} INFO - Processing /opt/airflow/dags/django_dag.py took 0.098 seconds
[2023-03-08T07:29:37.155+0000] {processor.py:153} INFO - Started process (PID=286) to work on /opt/airflow/dags/django_dag.py
[2023-03-08T07:29:37.158+0000] {processor.py:743} INFO - Processing file /opt/airflow/dags/django_dag.py for tasks to queue
[2023-03-08T07:29:37.159+0000] {logging_mixin.py:137} INFO - [2023-03-08T07:29:37.159+0000] {dagbag.py:538} INFO - Filling up the DagBag from /opt/airflow/dags/django_dag.py
[2023-03-08T07:29:37.197+0000] {processor.py:753} INFO - DAG(s) dict_keys(['dag_with_api']) retrieved from /opt/airflow/dags/django_dag.py
[2023-03-08T07:29:37.233+0000] {logging_mixin.py:137} INFO - [2023-03-08T07:29:37.233+0000] {dag.py:2690} INFO - Sync 1 DAGs
[2023-03-08T07:29:37.253+0000] {logging_mixin.py:137} INFO - [2023-03-08T07:29:37.252+0000] {dag.py:3441} INFO - Setting next_dagrun for dag_with_api to 2023-03-08T00:00:00+00:00, run_after=2023-03-09T00:00:00+00:00
[2023-03-08T07:29:37.270+0000] {processor.py:175} INFO - Processing /opt/airflow/dags/django_dag.py took 0.121 seconds
[2023-03-08T07:30:07.956+0000] {processor.py:153} INFO - Started process (PID=324) to work on /opt/airflow/dags/django_dag.py
[2023-03-08T07:30:07.962+0000] {processor.py:743} INFO - Processing file /opt/airflow/dags/django_dag.py for tasks to queue
[2023-03-08T07:30:07.970+0000] {logging_mixin.py:137} INFO - [2023-03-08T07:30:07.970+0000] {dagbag.py:538} INFO - Filling up the DagBag from /opt/airflow/dags/django_dag.py
[2023-03-08T07:30:08.063+0000] {processor.py:753} INFO - DAG(s) dict_keys(['dag_with_api']) retrieved from /opt/airflow/dags/django_dag.py
[2023-03-08T07:30:08.121+0000] {logging_mixin.py:137} INFO - [2023-03-08T07:30:08.121+0000] {dag.py:2690} INFO - Sync 1 DAGs
[2023-03-08T07:30:08.160+0000] {logging_mixin.py:137} INFO - [2023-03-08T07:30:08.160+0000] {dag.py:3441} INFO - Setting next_dagrun for dag_with_api to 2023-03-08T00:00:00+00:00, run_after=2023-03-09T00:00:00+00:00
[2023-03-08T07:30:08.175+0000] {processor.py:175} INFO - Processing /opt/airflow/dags/django_dag.py took 0.227 seconds
[2023-03-08T07:30:38.405+0000] {processor.py:153} INFO - Started process (PID=348) to work on /opt/airflow/dags/django_dag.py
[2023-03-08T07:30:38.407+0000] {processor.py:743} INFO - Processing file /opt/airflow/dags/django_dag.py for tasks to queue
[2023-03-08T07:30:38.408+0000] {logging_mixin.py:137} INFO - [2023-03-08T07:30:38.407+0000] {dagbag.py:538} INFO - Filling up the DagBag from /opt/airflow/dags/django_dag.py
[2023-03-08T07:30:38.464+0000] {processor.py:753} INFO - DAG(s) dict_keys(['dag_with_api']) retrieved from /opt/airflow/dags/django_dag.py
[2023-03-08T07:30:38.499+0000] {logging_mixin.py:137} INFO - [2023-03-08T07:30:38.499+0000] {dag.py:2690} INFO - Sync 1 DAGs
[2023-03-08T07:30:38.523+0000] {logging_mixin.py:137} INFO - [2023-03-08T07:30:38.523+0000] {dag.py:3441} INFO - Setting next_dagrun for dag_with_api to 2023-03-08T00:00:00+00:00, run_after=2023-03-09T00:00:00+00:00
[2023-03-08T07:30:38.548+0000] {processor.py:175} INFO - Processing /opt/airflow/dags/django_dag.py took 0.148 seconds
[2023-03-08T07:31:08.881+0000] {processor.py:153} INFO - Started process (PID=385) to work on /opt/airflow/dags/django_dag.py
[2023-03-08T07:31:08.884+0000] {processor.py:743} INFO - Processing file /opt/airflow/dags/django_dag.py for tasks to queue
[2023-03-08T07:31:08.885+0000] {logging_mixin.py:137} INFO - [2023-03-08T07:31:08.885+0000] {dagbag.py:538} INFO - Filling up the DagBag from /opt/airflow/dags/django_dag.py
[2023-03-08T07:31:08.936+0000] {processor.py:753} INFO - DAG(s) dict_keys(['dag_with_api']) retrieved from /opt/airflow/dags/django_dag.py
[2023-03-08T07:31:08.970+0000] {logging_mixin.py:137} INFO - [2023-03-08T07:31:08.970+0000] {dag.py:2690} INFO - Sync 1 DAGs
[2023-03-08T07:31:08.991+0000] {logging_mixin.py:137} INFO - [2023-03-08T07:31:08.991+0000] {dag.py:3441} INFO - Setting next_dagrun for dag_with_api to 2023-03-08T00:00:00+00:00, run_after=2023-03-09T00:00:00+00:00
[2023-03-08T07:31:09.004+0000] {processor.py:175} INFO - Processing /opt/airflow/dags/django_dag.py took 0.129 seconds
[2023-03-08T07:31:39.292+0000] {processor.py:153} INFO - Started process (PID=410) to work on /opt/airflow/dags/django_dag.py
[2023-03-08T07:31:39.296+0000] {processor.py:743} INFO - Processing file /opt/airflow/dags/django_dag.py for tasks to queue
[2023-03-08T07:31:39.298+0000] {logging_mixin.py:137} INFO - [2023-03-08T07:31:39.297+0000] {dagbag.py:538} INFO - Filling up the DagBag from /opt/airflow/dags/django_dag.py
[2023-03-08T07:31:39.334+0000] {processor.py:753} INFO - DAG(s) dict_keys(['dag_with_api']) retrieved from /opt/airflow/dags/django_dag.py
[2023-03-08T07:31:39.384+0000] {logging_mixin.py:137} INFO - [2023-03-08T07:31:39.384+0000] {dag.py:2690} INFO - Sync 1 DAGs
[2023-03-08T07:31:39.414+0000] {logging_mixin.py:137} INFO - [2023-03-08T07:31:39.414+0000] {dag.py:3441} INFO - Setting next_dagrun for dag_with_api to 2023-03-08T00:00:00+00:00, run_after=2023-03-09T00:00:00+00:00
[2023-03-08T07:31:39.430+0000] {processor.py:175} INFO - Processing /opt/airflow/dags/django_dag.py took 0.152 seconds
[2023-03-08T07:32:09.825+0000] {processor.py:153} INFO - Started process (PID=446) to work on /opt/airflow/dags/django_dag.py
[2023-03-08T07:32:09.827+0000] {processor.py:743} INFO - Processing file /opt/airflow/dags/django_dag.py for tasks to queue
[2023-03-08T07:32:09.829+0000] {logging_mixin.py:137} INFO - [2023-03-08T07:32:09.829+0000] {dagbag.py:538} INFO - Filling up the DagBag from /opt/airflow/dags/django_dag.py
[2023-03-08T07:32:09.863+0000] {processor.py:753} INFO - DAG(s) dict_keys(['dag_with_api']) retrieved from /opt/airflow/dags/django_dag.py
[2023-03-08T07:32:09.912+0000] {logging_mixin.py:137} INFO - [2023-03-08T07:32:09.912+0000] {dag.py:2690} INFO - Sync 1 DAGs
[2023-03-08T07:32:09.941+0000] {logging_mixin.py:137} INFO - [2023-03-08T07:32:09.941+0000] {dag.py:3441} INFO - Setting next_dagrun for dag_with_api to 2023-03-08T00:00:00+00:00, run_after=2023-03-09T00:00:00+00:00
[2023-03-08T07:32:09.957+0000] {processor.py:175} INFO - Processing /opt/airflow/dags/django_dag.py took 0.139 seconds
[2023-03-08T07:32:40.364+0000] {processor.py:153} INFO - Started process (PID=472) to work on /opt/airflow/dags/django_dag.py
[2023-03-08T07:32:40.367+0000] {processor.py:743} INFO - Processing file /opt/airflow/dags/django_dag.py for tasks to queue
[2023-03-08T07:32:40.369+0000] {logging_mixin.py:137} INFO - [2023-03-08T07:32:40.369+0000] {dagbag.py:538} INFO - Filling up the DagBag from /opt/airflow/dags/django_dag.py
[2023-03-08T07:32:40.405+0000] {processor.py:753} INFO - DAG(s) dict_keys(['dag_with_api']) retrieved from /opt/airflow/dags/django_dag.py
[2023-03-08T07:32:40.451+0000] {logging_mixin.py:137} INFO - [2023-03-08T07:32:40.451+0000] {dag.py:2690} INFO - Sync 1 DAGs
[2023-03-08T07:32:40.479+0000] {logging_mixin.py:137} INFO - [2023-03-08T07:32:40.479+0000] {dag.py:3441} INFO - Setting next_dagrun for dag_with_api to 2023-03-08T00:00:00+00:00, run_after=2023-03-09T00:00:00+00:00
[2023-03-08T07:32:40.493+0000] {processor.py:175} INFO - Processing /opt/airflow/dags/django_dag.py took 0.135 seconds
[2023-03-08T07:33:11.217+0000] {processor.py:153} INFO - Started process (PID=518) to work on /opt/airflow/dags/django_dag.py
[2023-03-08T07:33:11.226+0000] {processor.py:743} INFO - Processing file /opt/airflow/dags/django_dag.py for tasks to queue
[2023-03-08T07:33:11.234+0000] {logging_mixin.py:137} INFO - [2023-03-08T07:33:11.234+0000] {dagbag.py:538} INFO - Filling up the DagBag from /opt/airflow/dags/django_dag.py
[2023-03-08T07:33:11.404+0000] {processor.py:753} INFO - DAG(s) dict_keys(['dag_with_api']) retrieved from /opt/airflow/dags/django_dag.py
[2023-03-08T07:33:11.592+0000] {logging_mixin.py:137} INFO - [2023-03-08T07:33:11.592+0000] {dag.py:2690} INFO - Sync 1 DAGs
[2023-03-08T07:33:11.750+0000] {logging_mixin.py:137} INFO - [2023-03-08T07:33:11.744+0000] {dag.py:3441} INFO - Setting next_dagrun for dag_with_api to 2023-03-08T00:00:00+00:00, run_after=2023-03-09T00:00:00+00:00
[2023-03-08T07:33:11.802+0000] {processor.py:175} INFO - Processing /opt/airflow/dags/django_dag.py took 0.599 seconds
[2023-03-08T07:39:29.426+0000] {processor.py:153} INFO - Started process (PID=532) to work on /opt/airflow/dags/django_dag.py
[2023-03-08T07:39:29.437+0000] {processor.py:743} INFO - Processing file /opt/airflow/dags/django_dag.py for tasks to queue
[2023-03-08T07:39:29.453+0000] {logging_mixin.py:137} INFO - [2023-03-08T07:39:29.453+0000] {dagbag.py:538} INFO - Filling up the DagBag from /opt/airflow/dags/django_dag.py
[2023-03-08T07:39:29.601+0000] {processor.py:753} INFO - DAG(s) dict_keys(['dag_with_api']) retrieved from /opt/airflow/dags/django_dag.py
[2023-03-08T07:39:29.741+0000] {logging_mixin.py:137} INFO - [2023-03-08T07:39:29.740+0000] {dag.py:2690} INFO - Sync 1 DAGs
[2023-03-08T07:39:29.829+0000] {logging_mixin.py:137} INFO - [2023-03-08T07:39:29.829+0000] {dag.py:3441} INFO - Setting next_dagrun for dag_with_api to 2023-03-08T00:00:00+00:00, run_after=2023-03-09T00:00:00+00:00
[2023-03-08T07:39:29.914+0000] {processor.py:175} INFO - Processing /opt/airflow/dags/django_dag.py took 0.546 seconds
[2023-03-08T07:40:43.083+0000] {processor.py:153} INFO - Started process (PID=561) to work on /opt/airflow/dags/django_dag.py
[2023-03-08T07:40:43.084+0000] {processor.py:743} INFO - Processing file /opt/airflow/dags/django_dag.py for tasks to queue
[2023-03-08T07:40:43.085+0000] {logging_mixin.py:137} INFO - [2023-03-08T07:40:43.085+0000] {dagbag.py:538} INFO - Filling up the DagBag from /opt/airflow/dags/django_dag.py
[2023-03-08T07:40:43.160+0000] {processor.py:753} INFO - DAG(s) dict_keys(['dag_with_api']) retrieved from /opt/airflow/dags/django_dag.py
[2023-03-08T07:40:43.212+0000] {logging_mixin.py:137} INFO - [2023-03-08T07:40:43.212+0000] {dag.py:2690} INFO - Sync 1 DAGs
[2023-03-08T07:40:43.244+0000] {logging_mixin.py:137} INFO - [2023-03-08T07:40:43.244+0000] {dag.py:3441} INFO - Setting next_dagrun for dag_with_api to 2023-03-08T00:00:00+00:00, run_after=2023-03-09T00:00:00+00:00
[2023-03-08T07:40:43.261+0000] {processor.py:175} INFO - Processing /opt/airflow/dags/django_dag.py took 0.183 seconds
[2023-03-08T07:58:49.405+0000] {processor.py:153} INFO - Started process (PID=593) to work on /opt/airflow/dags/django_dag.py
[2023-03-08T07:58:49.415+0000] {processor.py:743} INFO - Processing file /opt/airflow/dags/django_dag.py for tasks to queue
[2023-03-08T07:58:49.419+0000] {logging_mixin.py:137} INFO - [2023-03-08T07:58:49.418+0000] {dagbag.py:538} INFO - Filling up the DagBag from /opt/airflow/dags/django_dag.py
[2023-03-08T07:58:49.588+0000] {processor.py:753} INFO - DAG(s) dict_keys(['dag_with_api']) retrieved from /opt/airflow/dags/django_dag.py
[2023-03-08T07:58:50.009+0000] {logging_mixin.py:137} INFO - [2023-03-08T07:58:50.009+0000] {dag.py:2690} INFO - Sync 1 DAGs
[2023-03-08T07:58:50.332+0000] {logging_mixin.py:137} INFO - [2023-03-08T07:58:50.327+0000] {dag.py:3441} INFO - Setting next_dagrun for dag_with_api to 2023-03-08T00:00:00+00:00, run_after=2023-03-09T00:00:00+00:00
[2023-03-08T07:58:50.521+0000] {processor.py:175} INFO - Processing /opt/airflow/dags/django_dag.py took 1.128 seconds
[2023-03-08T08:25:50.565+0000] {processor.py:153} INFO - Started process (PID=616) to work on /opt/airflow/dags/django_dag.py
[2023-03-08T08:25:50.568+0000] {processor.py:743} INFO - Processing file /opt/airflow/dags/django_dag.py for tasks to queue
[2023-03-08T08:25:50.571+0000] {logging_mixin.py:137} INFO - [2023-03-08T08:25:50.571+0000] {dagbag.py:538} INFO - Filling up the DagBag from /opt/airflow/dags/django_dag.py
[2023-03-08T08:25:51.471+0000] {processor.py:753} INFO - DAG(s) dict_keys(['dag_with_api']) retrieved from /opt/airflow/dags/django_dag.py
[2023-03-08T08:25:51.936+0000] {logging_mixin.py:137} INFO - [2023-03-08T08:25:51.933+0000] {dag.py:2690} INFO - Sync 1 DAGs
[2023-03-08T08:25:52.455+0000] {logging_mixin.py:137} INFO - [2023-03-08T08:25:52.448+0000] {dag.py:3441} INFO - Setting next_dagrun for dag_with_api to 2023-03-08T00:00:00+00:00, run_after=2023-03-09T00:00:00+00:00
[2023-03-08T08:25:52.609+0000] {processor.py:175} INFO - Processing /opt/airflow/dags/django_dag.py took 2.052 seconds
[2023-03-08T08:48:08.517+0000] {processor.py:153} INFO - Started process (PID=651) to work on /opt/airflow/dags/django_dag.py
[2023-03-08T08:48:08.569+0000] {processor.py:743} INFO - Processing file /opt/airflow/dags/django_dag.py for tasks to queue
[2023-03-08T08:48:08.610+0000] {logging_mixin.py:137} INFO - [2023-03-08T08:48:08.605+0000] {dagbag.py:538} INFO - Filling up the DagBag from /opt/airflow/dags/django_dag.py
[2023-03-08T08:48:09.035+0000] {processor.py:753} INFO - DAG(s) dict_keys(['dag_with_api']) retrieved from /opt/airflow/dags/django_dag.py
[2023-03-08T08:48:09.230+0000] {logging_mixin.py:137} INFO - [2023-03-08T08:48:09.229+0000] {dag.py:2690} INFO - Sync 1 DAGs
[2023-03-08T08:48:09.553+0000] {logging_mixin.py:137} INFO - [2023-03-08T08:48:09.550+0000] {dag.py:3441} INFO - Setting next_dagrun for dag_with_api to 2023-03-08T00:00:00+00:00, run_after=2023-03-09T00:00:00+00:00
[2023-03-08T08:48:09.693+0000] {processor.py:175} INFO - Processing /opt/airflow/dags/django_dag.py took 1.260 seconds
[2023-03-08T08:59:06.604+0000] {processor.py:153} INFO - Started process (PID=677) to work on /opt/airflow/dags/django_dag.py
[2023-03-08T08:59:06.619+0000] {processor.py:743} INFO - Processing file /opt/airflow/dags/django_dag.py for tasks to queue
[2023-03-08T08:59:06.634+0000] {logging_mixin.py:137} INFO - [2023-03-08T08:59:06.634+0000] {dagbag.py:538} INFO - Filling up the DagBag from /opt/airflow/dags/django_dag.py
[2023-03-08T08:59:06.786+0000] {processor.py:753} INFO - DAG(s) dict_keys(['dag_with_api']) retrieved from /opt/airflow/dags/django_dag.py
[2023-03-08T08:59:06.897+0000] {logging_mixin.py:137} INFO - [2023-03-08T08:59:06.896+0000] {dag.py:2690} INFO - Sync 1 DAGs
[2023-03-08T08:59:06.946+0000] {logging_mixin.py:137} INFO - [2023-03-08T08:59:06.945+0000] {dag.py:3441} INFO - Setting next_dagrun for dag_with_api to 2023-03-08T00:00:00+00:00, run_after=2023-03-09T00:00:00+00:00
[2023-03-08T08:59:06.984+0000] {processor.py:175} INFO - Processing /opt/airflow/dags/django_dag.py took 0.414 seconds
[2023-03-08T08:59:37.387+0000] {processor.py:153} INFO - Started process (PID=702) to work on /opt/airflow/dags/django_dag.py
[2023-03-08T08:59:37.390+0000] {processor.py:743} INFO - Processing file /opt/airflow/dags/django_dag.py for tasks to queue
[2023-03-08T08:59:37.391+0000] {logging_mixin.py:137} INFO - [2023-03-08T08:59:37.391+0000] {dagbag.py:538} INFO - Filling up the DagBag from /opt/airflow/dags/django_dag.py
[2023-03-08T08:59:37.457+0000] {processor.py:753} INFO - DAG(s) dict_keys(['dag_with_api']) retrieved from /opt/airflow/dags/django_dag.py
[2023-03-08T08:59:37.893+0000] {logging_mixin.py:137} INFO - [2023-03-08T08:59:37.893+0000] {dag.py:2690} INFO - Sync 1 DAGs
[2023-03-08T08:59:38.068+0000] {logging_mixin.py:137} INFO - [2023-03-08T08:59:38.067+0000] {dag.py:3441} INFO - Setting next_dagrun for dag_with_api to 2023-03-08T00:00:00+00:00, run_after=2023-03-09T00:00:00+00:00
[2023-03-08T08:59:38.103+0000] {processor.py:175} INFO - Processing /opt/airflow/dags/django_dag.py took 0.725 seconds
[2023-03-08T09:20:11.226+0000] {processor.py:153} INFO - Started process (PID=727) to work on /opt/airflow/dags/django_dag.py
[2023-03-08T09:20:11.228+0000] {processor.py:743} INFO - Processing file /opt/airflow/dags/django_dag.py for tasks to queue
[2023-03-08T09:20:11.229+0000] {logging_mixin.py:137} INFO - [2023-03-08T09:20:11.229+0000] {dagbag.py:538} INFO - Filling up the DagBag from /opt/airflow/dags/django_dag.py
[2023-03-08T09:20:11.264+0000] {processor.py:753} INFO - DAG(s) dict_keys(['dag_with_api']) retrieved from /opt/airflow/dags/django_dag.py
[2023-03-08T09:20:11.309+0000] {logging_mixin.py:137} INFO - [2023-03-08T09:20:11.309+0000] {dag.py:2690} INFO - Sync 1 DAGs
[2023-03-08T09:20:11.347+0000] {logging_mixin.py:137} INFO - [2023-03-08T09:20:11.346+0000] {dag.py:3441} INFO - Setting next_dagrun for dag_with_api to 2023-03-08T00:00:00+00:00, run_after=2023-03-09T00:00:00+00:00
[2023-03-08T09:20:11.364+0000] {processor.py:175} INFO - Processing /opt/airflow/dags/django_dag.py took 0.144 seconds
[2023-03-08T09:23:21.909+0000] {processor.py:153} INFO - Started process (PID=764) to work on /opt/airflow/dags/django_dag.py
[2023-03-08T09:23:21.972+0000] {processor.py:743} INFO - Processing file /opt/airflow/dags/django_dag.py for tasks to queue
[2023-03-08T09:23:21.989+0000] {logging_mixin.py:137} INFO - [2023-03-08T09:23:21.987+0000] {dagbag.py:538} INFO - Filling up the DagBag from /opt/airflow/dags/django_dag.py
[2023-03-08T09:23:22.304+0000] {processor.py:753} INFO - DAG(s) dict_keys(['dag_with_api']) retrieved from /opt/airflow/dags/django_dag.py
[2023-03-08T09:23:22.490+0000] {logging_mixin.py:137} INFO - [2023-03-08T09:23:22.488+0000] {dag.py:2690} INFO - Sync 1 DAGs
[2023-03-08T09:23:22.661+0000] {logging_mixin.py:137} INFO - [2023-03-08T09:23:22.661+0000] {dag.py:3441} INFO - Setting next_dagrun for dag_with_api to 2023-03-08T00:00:00+00:00, run_after=2023-03-09T00:00:00+00:00
[2023-03-08T09:23:22.716+0000] {processor.py:175} INFO - Processing /opt/airflow/dags/django_dag.py took 1.164 seconds
[2023-03-08T09:33:34.460+0000] {processor.py:153} INFO - Started process (PID=789) to work on /opt/airflow/dags/django_dag.py
[2023-03-08T09:33:34.466+0000] {processor.py:743} INFO - Processing file /opt/airflow/dags/django_dag.py for tasks to queue
[2023-03-08T09:33:34.472+0000] {logging_mixin.py:137} INFO - [2023-03-08T09:33:34.472+0000] {dagbag.py:538} INFO - Filling up the DagBag from /opt/airflow/dags/django_dag.py
[2023-03-08T09:33:34.590+0000] {processor.py:753} INFO - DAG(s) dict_keys(['dag_with_api']) retrieved from /opt/airflow/dags/django_dag.py
[2023-03-08T09:33:34.665+0000] {logging_mixin.py:137} INFO - [2023-03-08T09:33:34.664+0000] {dag.py:2690} INFO - Sync 1 DAGs
[2023-03-08T09:33:34.719+0000] {logging_mixin.py:137} INFO - [2023-03-08T09:33:34.719+0000] {dag.py:3441} INFO - Setting next_dagrun for dag_with_api to 2023-03-08T00:00:00+00:00, run_after=2023-03-09T00:00:00+00:00
[2023-03-08T09:33:34.754+0000] {processor.py:175} INFO - Processing /opt/airflow/dags/django_dag.py took 0.305 seconds
[2023-03-08T09:36:35.911+0000] {processor.py:153} INFO - Started process (PID=815) to work on /opt/airflow/dags/django_dag.py
[2023-03-08T09:36:35.913+0000] {processor.py:743} INFO - Processing file /opt/airflow/dags/django_dag.py for tasks to queue
[2023-03-08T09:36:35.915+0000] {logging_mixin.py:137} INFO - [2023-03-08T09:36:35.915+0000] {dagbag.py:538} INFO - Filling up the DagBag from /opt/airflow/dags/django_dag.py
[2023-03-08T09:36:36.101+0000] {processor.py:753} INFO - DAG(s) dict_keys(['dag_with_api']) retrieved from /opt/airflow/dags/django_dag.py
[2023-03-08T09:36:36.165+0000] {logging_mixin.py:137} INFO - [2023-03-08T09:36:36.165+0000] {dag.py:2690} INFO - Sync 1 DAGs
[2023-03-08T09:36:36.301+0000] {logging_mixin.py:137} INFO - [2023-03-08T09:36:36.300+0000] {dag.py:3441} INFO - Setting next_dagrun for dag_with_api to 2023-03-08T00:00:00+00:00, run_after=2023-03-09T00:00:00+00:00
[2023-03-08T09:36:36.347+0000] {processor.py:175} INFO - Processing /opt/airflow/dags/django_dag.py took 0.442 seconds
[2023-03-08T09:41:17.905+0000] {processor.py:153} INFO - Started process (PID=837) to work on /opt/airflow/dags/django_dag.py
[2023-03-08T09:41:17.949+0000] {processor.py:743} INFO - Processing file /opt/airflow/dags/django_dag.py for tasks to queue
[2023-03-08T09:41:17.989+0000] {logging_mixin.py:137} INFO - [2023-03-08T09:41:17.980+0000] {dagbag.py:538} INFO - Filling up the DagBag from /opt/airflow/dags/django_dag.py
[2023-03-08T09:41:20.315+0000] {processor.py:753} INFO - DAG(s) dict_keys(['dag_with_api']) retrieved from /opt/airflow/dags/django_dag.py
[2023-03-08T09:41:21.862+0000] {logging_mixin.py:137} INFO - [2023-03-08T09:41:21.839+0000] {dag.py:2690} INFO - Sync 1 DAGs
[2023-03-08T09:41:22.544+0000] {logging_mixin.py:137} INFO - [2023-03-08T09:41:22.532+0000] {dag.py:3441} INFO - Setting next_dagrun for dag_with_api to 2023-03-08T00:00:00+00:00, run_after=2023-03-09T00:00:00+00:00
[2023-03-08T09:41:22.685+0000] {processor.py:175} INFO - Processing /opt/airflow/dags/django_dag.py took 4.942 seconds
[2023-03-08T13:13:10.284+0000] {processor.py:153} INFO - Started process (PID=33) to work on /opt/airflow/dags/django_dag.py
[2023-03-08T13:13:10.286+0000] {processor.py:743} INFO - Processing file /opt/airflow/dags/django_dag.py for tasks to queue
[2023-03-08T13:13:10.287+0000] {logging_mixin.py:137} INFO - [2023-03-08T13:13:10.287+0000] {dagbag.py:538} INFO - Filling up the DagBag from /opt/airflow/dags/django_dag.py
[2023-03-08T13:13:10.329+0000] {processor.py:753} INFO - DAG(s) dict_keys(['dag_with_api']) retrieved from /opt/airflow/dags/django_dag.py
[2023-03-08T13:13:10.362+0000] {logging_mixin.py:137} INFO - [2023-03-08T13:13:10.362+0000] {dag.py:2690} INFO - Sync 1 DAGs
[2023-03-08T13:13:10.389+0000] {logging_mixin.py:137} INFO - [2023-03-08T13:13:10.389+0000] {dag.py:3441} INFO - Setting next_dagrun for dag_with_api to 2023-03-08T00:00:00+00:00, run_after=2023-03-09T00:00:00+00:00
[2023-03-08T13:13:10.401+0000] {processor.py:175} INFO - Processing /opt/airflow/dags/django_dag.py took 0.120 seconds
[2023-03-08T13:13:41.178+0000] {processor.py:153} INFO - Started process (PID=69) to work on /opt/airflow/dags/django_dag.py
[2023-03-08T13:13:41.187+0000] {processor.py:743} INFO - Processing file /opt/airflow/dags/django_dag.py for tasks to queue
[2023-03-08T13:13:41.194+0000] {logging_mixin.py:137} INFO - [2023-03-08T13:13:41.194+0000] {dagbag.py:538} INFO - Filling up the DagBag from /opt/airflow/dags/django_dag.py
[2023-03-08T13:13:41.353+0000] {processor.py:753} INFO - DAG(s) dict_keys(['dag_with_api']) retrieved from /opt/airflow/dags/django_dag.py
[2023-03-08T13:13:41.845+0000] {logging_mixin.py:137} INFO - [2023-03-08T13:13:41.844+0000] {dag.py:2690} INFO - Sync 1 DAGs
[2023-03-08T13:13:42.005+0000] {logging_mixin.py:137} INFO - [2023-03-08T13:13:42.004+0000] {dag.py:3441} INFO - Setting next_dagrun for dag_with_api to 2023-03-08T00:00:00+00:00, run_after=2023-03-09T00:00:00+00:00
[2023-03-08T13:13:42.050+0000] {processor.py:175} INFO - Processing /opt/airflow/dags/django_dag.py took 0.904 seconds
[2023-03-08T13:14:12.549+0000] {processor.py:153} INFO - Started process (PID=97) to work on /opt/airflow/dags/django_dag.py
[2023-03-08T13:14:12.553+0000] {processor.py:743} INFO - Processing file /opt/airflow/dags/django_dag.py for tasks to queue
[2023-03-08T13:14:12.555+0000] {logging_mixin.py:137} INFO - [2023-03-08T13:14:12.555+0000] {dagbag.py:538} INFO - Filling up the DagBag from /opt/airflow/dags/django_dag.py
[2023-03-08T13:14:12.585+0000] {processor.py:753} INFO - DAG(s) dict_keys(['dag_with_api']) retrieved from /opt/airflow/dags/django_dag.py
[2023-03-08T13:14:12.611+0000] {logging_mixin.py:137} INFO - [2023-03-08T13:14:12.611+0000] {dag.py:2690} INFO - Sync 1 DAGs
[2023-03-08T13:14:12.641+0000] {logging_mixin.py:137} INFO - [2023-03-08T13:14:12.640+0000] {dag.py:3441} INFO - Setting next_dagrun for dag_with_api to 2023-03-08T00:00:00+00:00, run_after=2023-03-09T00:00:00+00:00
[2023-03-08T13:14:12.657+0000] {processor.py:175} INFO - Processing /opt/airflow/dags/django_dag.py took 0.117 seconds
[2023-03-08T13:14:43.080+0000] {processor.py:153} INFO - Started process (PID=135) to work on /opt/airflow/dags/django_dag.py
[2023-03-08T13:14:43.082+0000] {processor.py:743} INFO - Processing file /opt/airflow/dags/django_dag.py for tasks to queue
[2023-03-08T13:14:43.084+0000] {logging_mixin.py:137} INFO - [2023-03-08T13:14:43.084+0000] {dagbag.py:538} INFO - Filling up the DagBag from /opt/airflow/dags/django_dag.py
[2023-03-08T13:14:43.118+0000] {processor.py:753} INFO - DAG(s) dict_keys(['dag_with_api']) retrieved from /opt/airflow/dags/django_dag.py
[2023-03-08T13:14:43.173+0000] {logging_mixin.py:137} INFO - [2023-03-08T13:14:43.173+0000] {dag.py:2690} INFO - Sync 1 DAGs
[2023-03-08T13:14:43.200+0000] {logging_mixin.py:137} INFO - [2023-03-08T13:14:43.200+0000] {dag.py:3441} INFO - Setting next_dagrun for dag_with_api to 2023-03-08T00:00:00+00:00, run_after=2023-03-09T00:00:00+00:00
[2023-03-08T13:14:43.217+0000] {processor.py:175} INFO - Processing /opt/airflow/dags/django_dag.py took 0.143 seconds
[2023-03-08T13:15:13.701+0000] {processor.py:153} INFO - Started process (PID=159) to work on /opt/airflow/dags/django_dag.py
[2023-03-08T13:15:13.707+0000] {processor.py:743} INFO - Processing file /opt/airflow/dags/django_dag.py for tasks to queue
[2023-03-08T13:15:13.710+0000] {logging_mixin.py:137} INFO - [2023-03-08T13:15:13.710+0000] {dagbag.py:538} INFO - Filling up the DagBag from /opt/airflow/dags/django_dag.py
[2023-03-08T13:15:13.768+0000] {processor.py:753} INFO - DAG(s) dict_keys(['dag_with_api']) retrieved from /opt/airflow/dags/django_dag.py
[2023-03-08T13:15:13.823+0000] {logging_mixin.py:137} INFO - [2023-03-08T13:15:13.823+0000] {dag.py:2690} INFO - Sync 1 DAGs
[2023-03-08T13:15:13.923+0000] {logging_mixin.py:137} INFO - [2023-03-08T13:15:13.922+0000] {dag.py:3441} INFO - Setting next_dagrun for dag_with_api to 2023-03-08T00:00:00+00:00, run_after=2023-03-09T00:00:00+00:00
[2023-03-08T13:15:13.969+0000] {processor.py:175} INFO - Processing /opt/airflow/dags/django_dag.py took 0.288 seconds
[2023-03-08T13:15:44.528+0000] {processor.py:153} INFO - Started process (PID=192) to work on /opt/airflow/dags/django_dag.py
[2023-03-08T13:15:44.533+0000] {processor.py:743} INFO - Processing file /opt/airflow/dags/django_dag.py for tasks to queue
[2023-03-08T13:15:44.536+0000] {logging_mixin.py:137} INFO - [2023-03-08T13:15:44.536+0000] {dagbag.py:538} INFO - Filling up the DagBag from /opt/airflow/dags/django_dag.py
[2023-03-08T13:15:44.622+0000] {processor.py:753} INFO - DAG(s) dict_keys(['dag_with_api']) retrieved from /opt/airflow/dags/django_dag.py
[2023-03-08T13:15:44.843+0000] {logging_mixin.py:137} INFO - [2023-03-08T13:15:44.842+0000] {dag.py:2690} INFO - Sync 1 DAGs
[2023-03-08T13:15:44.958+0000] {logging_mixin.py:137} INFO - [2023-03-08T13:15:44.958+0000] {dag.py:3441} INFO - Setting next_dagrun for dag_with_api to 2023-03-08T00:00:00+00:00, run_after=2023-03-09T00:00:00+00:00
[2023-03-08T13:15:45.073+0000] {processor.py:175} INFO - Processing /opt/airflow/dags/django_dag.py took 0.562 seconds
[2023-03-08T13:16:15.369+0000] {processor.py:153} INFO - Started process (PID=220) to work on /opt/airflow/dags/django_dag.py
[2023-03-08T13:16:15.372+0000] {processor.py:743} INFO - Processing file /opt/airflow/dags/django_dag.py for tasks to queue
[2023-03-08T13:16:15.375+0000] {logging_mixin.py:137} INFO - [2023-03-08T13:16:15.374+0000] {dagbag.py:538} INFO - Filling up the DagBag from /opt/airflow/dags/django_dag.py
[2023-03-08T13:16:15.471+0000] {processor.py:753} INFO - DAG(s) dict_keys(['dag_with_api']) retrieved from /opt/airflow/dags/django_dag.py
[2023-03-08T13:16:15.541+0000] {logging_mixin.py:137} INFO - [2023-03-08T13:16:15.541+0000] {dag.py:2690} INFO - Sync 1 DAGs
[2023-03-08T13:16:15.587+0000] {logging_mixin.py:137} INFO - [2023-03-08T13:16:15.586+0000] {dag.py:3441} INFO - Setting next_dagrun for dag_with_api to 2023-03-08T00:00:00+00:00, run_after=2023-03-09T00:00:00+00:00
[2023-03-08T13:16:15.621+0000] {processor.py:175} INFO - Processing /opt/airflow/dags/django_dag.py took 0.261 seconds
[2023-03-08T13:16:45.696+0000] {processor.py:153} INFO - Started process (PID=245) to work on /opt/airflow/dags/django_dag.py
[2023-03-08T13:16:45.699+0000] {processor.py:743} INFO - Processing file /opt/airflow/dags/django_dag.py for tasks to queue
[2023-03-08T13:16:45.701+0000] {logging_mixin.py:137} INFO - [2023-03-08T13:16:45.701+0000] {dagbag.py:538} INFO - Filling up the DagBag from /opt/airflow/dags/django_dag.py
[2023-03-08T13:16:45.749+0000] {processor.py:753} INFO - DAG(s) dict_keys(['dag_with_api']) retrieved from /opt/airflow/dags/django_dag.py
[2023-03-08T13:16:45.793+0000] {logging_mixin.py:137} INFO - [2023-03-08T13:16:45.793+0000] {dag.py:2690} INFO - Sync 1 DAGs
[2023-03-08T13:16:45.831+0000] {logging_mixin.py:137} INFO - [2023-03-08T13:16:45.831+0000] {dag.py:3441} INFO - Setting next_dagrun for dag_with_api to 2023-03-08T00:00:00+00:00, run_after=2023-03-09T00:00:00+00:00
[2023-03-08T13:16:45.865+0000] {processor.py:175} INFO - Processing /opt/airflow/dags/django_dag.py took 0.174 seconds
[2023-03-08T13:17:16.338+0000] {processor.py:153} INFO - Started process (PID=270) to work on /opt/airflow/dags/django_dag.py
[2023-03-08T13:17:16.350+0000] {processor.py:743} INFO - Processing file /opt/airflow/dags/django_dag.py for tasks to queue
[2023-03-08T13:17:16.357+0000] {logging_mixin.py:137} INFO - [2023-03-08T13:17:16.356+0000] {dagbag.py:538} INFO - Filling up the DagBag from /opt/airflow/dags/django_dag.py
[2023-03-08T13:17:16.502+0000] {processor.py:753} INFO - DAG(s) dict_keys(['dag_with_api']) retrieved from /opt/airflow/dags/django_dag.py
[2023-03-08T13:17:16.592+0000] {logging_mixin.py:137} INFO - [2023-03-08T13:17:16.591+0000] {dag.py:2690} INFO - Sync 1 DAGs
[2023-03-08T13:17:16.653+0000] {logging_mixin.py:137} INFO - [2023-03-08T13:17:16.653+0000] {dag.py:3441} INFO - Setting next_dagrun for dag_with_api to 2023-03-08T00:00:00+00:00, run_after=2023-03-09T00:00:00+00:00
[2023-03-08T13:17:16.691+0000] {processor.py:175} INFO - Processing /opt/airflow/dags/django_dag.py took 0.374 seconds
[2023-03-08T13:17:47.080+0000] {processor.py:153} INFO - Started process (PID=307) to work on /opt/airflow/dags/django_dag.py
[2023-03-08T13:17:47.084+0000] {processor.py:743} INFO - Processing file /opt/airflow/dags/django_dag.py for tasks to queue
[2023-03-08T13:17:47.086+0000] {logging_mixin.py:137} INFO - [2023-03-08T13:17:47.086+0000] {dagbag.py:538} INFO - Filling up the DagBag from /opt/airflow/dags/django_dag.py
[2023-03-08T13:17:47.119+0000] {processor.py:753} INFO - DAG(s) dict_keys(['dag_with_api']) retrieved from /opt/airflow/dags/django_dag.py
[2023-03-08T13:17:47.165+0000] {logging_mixin.py:137} INFO - [2023-03-08T13:17:47.165+0000] {dag.py:2690} INFO - Sync 1 DAGs
[2023-03-08T13:17:47.189+0000] {logging_mixin.py:137} INFO - [2023-03-08T13:17:47.189+0000] {dag.py:3441} INFO - Setting next_dagrun for dag_with_api to 2023-03-08T00:00:00+00:00, run_after=2023-03-09T00:00:00+00:00
[2023-03-08T13:17:47.202+0000] {processor.py:175} INFO - Processing /opt/airflow/dags/django_dag.py took 0.134 seconds
[2023-03-08T13:18:17.567+0000] {processor.py:153} INFO - Started process (PID=343) to work on /opt/airflow/dags/django_dag.py
[2023-03-08T13:18:17.570+0000] {processor.py:743} INFO - Processing file /opt/airflow/dags/django_dag.py for tasks to queue
[2023-03-08T13:18:17.572+0000] {logging_mixin.py:137} INFO - [2023-03-08T13:18:17.572+0000] {dagbag.py:538} INFO - Filling up the DagBag from /opt/airflow/dags/django_dag.py
[2023-03-08T13:18:17.627+0000] {processor.py:753} INFO - DAG(s) dict_keys(['dag_with_api']) retrieved from /opt/airflow/dags/django_dag.py
[2023-03-08T13:18:17.673+0000] {logging_mixin.py:137} INFO - [2023-03-08T13:18:17.673+0000] {dag.py:2690} INFO - Sync 1 DAGs
[2023-03-08T13:18:17.731+0000] {logging_mixin.py:137} INFO - [2023-03-08T13:18:17.731+0000] {dag.py:3441} INFO - Setting next_dagrun for dag_with_api to 2023-03-08T00:00:00+00:00, run_after=2023-03-09T00:00:00+00:00
[2023-03-08T13:18:17.752+0000] {processor.py:175} INFO - Processing /opt/airflow/dags/django_dag.py took 0.189 seconds
[2023-03-08T13:18:47.933+0000] {processor.py:153} INFO - Started process (PID=368) to work on /opt/airflow/dags/django_dag.py
[2023-03-08T13:18:47.938+0000] {processor.py:743} INFO - Processing file /opt/airflow/dags/django_dag.py for tasks to queue
[2023-03-08T13:18:47.939+0000] {logging_mixin.py:137} INFO - [2023-03-08T13:18:47.939+0000] {dagbag.py:538} INFO - Filling up the DagBag from /opt/airflow/dags/django_dag.py
[2023-03-08T13:18:48.000+0000] {processor.py:753} INFO - DAG(s) dict_keys(['dag_with_api']) retrieved from /opt/airflow/dags/django_dag.py
[2023-03-08T13:18:48.053+0000] {logging_mixin.py:137} INFO - [2023-03-08T13:18:48.053+0000] {dag.py:2690} INFO - Sync 1 DAGs
[2023-03-08T13:18:48.081+0000] {logging_mixin.py:137} INFO - [2023-03-08T13:18:48.081+0000] {dag.py:3441} INFO - Setting next_dagrun for dag_with_api to 2023-03-08T00:00:00+00:00, run_after=2023-03-09T00:00:00+00:00
[2023-03-08T13:18:48.095+0000] {processor.py:175} INFO - Processing /opt/airflow/dags/django_dag.py took 0.169 seconds
[2023-03-08T13:19:18.596+0000] {processor.py:153} INFO - Started process (PID=393) to work on /opt/airflow/dags/django_dag.py
[2023-03-08T13:19:18.601+0000] {processor.py:743} INFO - Processing file /opt/airflow/dags/django_dag.py for tasks to queue
[2023-03-08T13:19:18.614+0000] {logging_mixin.py:137} INFO - [2023-03-08T13:19:18.613+0000] {dagbag.py:538} INFO - Filling up the DagBag from /opt/airflow/dags/django_dag.py
[2023-03-08T13:19:18.697+0000] {processor.py:753} INFO - DAG(s) dict_keys(['dag_with_api']) retrieved from /opt/airflow/dags/django_dag.py
[2023-03-08T13:19:18.773+0000] {logging_mixin.py:137} INFO - [2023-03-08T13:19:18.773+0000] {dag.py:2690} INFO - Sync 1 DAGs
[2023-03-08T13:19:18.813+0000] {logging_mixin.py:137} INFO - [2023-03-08T13:19:18.813+0000] {dag.py:3441} INFO - Setting next_dagrun for dag_with_api to 2023-03-08T00:00:00+00:00, run_after=2023-03-09T00:00:00+00:00
[2023-03-08T13:19:18.850+0000] {processor.py:175} INFO - Processing /opt/airflow/dags/django_dag.py took 0.263 seconds
[2023-03-08T13:19:49.298+0000] {processor.py:153} INFO - Started process (PID=430) to work on /opt/airflow/dags/django_dag.py
[2023-03-08T13:19:49.300+0000] {processor.py:743} INFO - Processing file /opt/airflow/dags/django_dag.py for tasks to queue
[2023-03-08T13:19:49.302+0000] {logging_mixin.py:137} INFO - [2023-03-08T13:19:49.302+0000] {dagbag.py:538} INFO - Filling up the DagBag from /opt/airflow/dags/django_dag.py
[2023-03-08T13:19:49.353+0000] {processor.py:753} INFO - DAG(s) dict_keys(['dag_with_api']) retrieved from /opt/airflow/dags/django_dag.py
[2023-03-08T13:19:49.388+0000] {logging_mixin.py:137} INFO - [2023-03-08T13:19:49.388+0000] {dag.py:2690} INFO - Sync 1 DAGs
[2023-03-08T13:19:49.418+0000] {logging_mixin.py:137} INFO - [2023-03-08T13:19:49.418+0000] {dag.py:3441} INFO - Setting next_dagrun for dag_with_api to 2023-03-08T00:00:00+00:00, run_after=2023-03-09T00:00:00+00:00
[2023-03-08T13:19:49.432+0000] {processor.py:175} INFO - Processing /opt/airflow/dags/django_dag.py took 0.139 seconds
[2023-03-08T13:20:19.923+0000] {processor.py:153} INFO - Started process (PID=454) to work on /opt/airflow/dags/django_dag.py
[2023-03-08T13:20:19.925+0000] {processor.py:743} INFO - Processing file /opt/airflow/dags/django_dag.py for tasks to queue
[2023-03-08T13:20:19.926+0000] {logging_mixin.py:137} INFO - [2023-03-08T13:20:19.926+0000] {dagbag.py:538} INFO - Filling up the DagBag from /opt/airflow/dags/django_dag.py
[2023-03-08T13:20:19.974+0000] {processor.py:753} INFO - DAG(s) dict_keys(['dag_with_api']) retrieved from /opt/airflow/dags/django_dag.py
[2023-03-08T13:20:20.005+0000] {logging_mixin.py:137} INFO - [2023-03-08T13:20:20.005+0000] {dag.py:2690} INFO - Sync 1 DAGs
[2023-03-08T13:20:20.028+0000] {logging_mixin.py:137} INFO - [2023-03-08T13:20:20.028+0000] {dag.py:3441} INFO - Setting next_dagrun for dag_with_api to 2023-03-08T00:00:00+00:00, run_after=2023-03-09T00:00:00+00:00
[2023-03-08T13:20:20.040+0000] {processor.py:175} INFO - Processing /opt/airflow/dags/django_dag.py took 0.121 seconds
[2023-03-08T13:20:50.508+0000] {processor.py:153} INFO - Started process (PID=489) to work on /opt/airflow/dags/django_dag.py
[2023-03-08T13:20:50.511+0000] {processor.py:743} INFO - Processing file /opt/airflow/dags/django_dag.py for tasks to queue
[2023-03-08T13:20:50.512+0000] {logging_mixin.py:137} INFO - [2023-03-08T13:20:50.512+0000] {dagbag.py:538} INFO - Filling up the DagBag from /opt/airflow/dags/django_dag.py
[2023-03-08T13:20:50.556+0000] {processor.py:753} INFO - DAG(s) dict_keys(['dag_with_api']) retrieved from /opt/airflow/dags/django_dag.py
[2023-03-08T13:20:50.585+0000] {logging_mixin.py:137} INFO - [2023-03-08T13:20:50.585+0000] {dag.py:2690} INFO - Sync 1 DAGs
[2023-03-08T13:20:50.607+0000] {logging_mixin.py:137} INFO - [2023-03-08T13:20:50.607+0000] {dag.py:3441} INFO - Setting next_dagrun for dag_with_api to 2023-03-08T00:00:00+00:00, run_after=2023-03-09T00:00:00+00:00
[2023-03-08T13:20:50.621+0000] {processor.py:175} INFO - Processing /opt/airflow/dags/django_dag.py took 0.117 seconds
[2023-03-08T13:21:21.016+0000] {processor.py:153} INFO - Started process (PID=514) to work on /opt/airflow/dags/django_dag.py
[2023-03-08T13:21:21.025+0000] {processor.py:743} INFO - Processing file /opt/airflow/dags/django_dag.py for tasks to queue
[2023-03-08T13:21:21.031+0000] {logging_mixin.py:137} INFO - [2023-03-08T13:21:21.030+0000] {dagbag.py:538} INFO - Filling up the DagBag from /opt/airflow/dags/django_dag.py
[2023-03-08T13:21:21.080+0000] {processor.py:753} INFO - DAG(s) dict_keys(['dag_with_api']) retrieved from /opt/airflow/dags/django_dag.py
[2023-03-08T13:21:21.117+0000] {logging_mixin.py:137} INFO - [2023-03-08T13:21:21.116+0000] {dag.py:2690} INFO - Sync 1 DAGs
[2023-03-08T13:21:21.143+0000] {logging_mixin.py:137} INFO - [2023-03-08T13:21:21.143+0000] {dag.py:3441} INFO - Setting next_dagrun for dag_with_api to 2023-03-08T00:00:00+00:00, run_after=2023-03-09T00:00:00+00:00
[2023-03-08T13:21:21.156+0000] {processor.py:175} INFO - Processing /opt/airflow/dags/django_dag.py took 0.153 seconds
[2023-03-08T13:21:51.664+0000] {processor.py:153} INFO - Started process (PID=551) to work on /opt/airflow/dags/django_dag.py
[2023-03-08T13:21:51.668+0000] {processor.py:743} INFO - Processing file /opt/airflow/dags/django_dag.py for tasks to queue
[2023-03-08T13:21:51.669+0000] {logging_mixin.py:137} INFO - [2023-03-08T13:21:51.669+0000] {dagbag.py:538} INFO - Filling up the DagBag from /opt/airflow/dags/django_dag.py
[2023-03-08T13:21:51.726+0000] {processor.py:753} INFO - DAG(s) dict_keys(['dag_with_api']) retrieved from /opt/airflow/dags/django_dag.py
[2023-03-08T13:21:51.822+0000] {logging_mixin.py:137} INFO - [2023-03-08T13:21:51.822+0000] {dag.py:2690} INFO - Sync 1 DAGs
[2023-03-08T13:21:51.863+0000] {logging_mixin.py:137} INFO - [2023-03-08T13:21:51.863+0000] {dag.py:3441} INFO - Setting next_dagrun for dag_with_api to 2023-03-08T00:00:00+00:00, run_after=2023-03-09T00:00:00+00:00
[2023-03-08T13:21:51.876+0000] {processor.py:175} INFO - Processing /opt/airflow/dags/django_dag.py took 0.218 seconds
[2023-03-08T13:22:22.308+0000] {processor.py:153} INFO - Started process (PID=575) to work on /opt/airflow/dags/django_dag.py
[2023-03-08T13:22:22.312+0000] {processor.py:743} INFO - Processing file /opt/airflow/dags/django_dag.py for tasks to queue
[2023-03-08T13:22:22.314+0000] {logging_mixin.py:137} INFO - [2023-03-08T13:22:22.314+0000] {dagbag.py:538} INFO - Filling up the DagBag from /opt/airflow/dags/django_dag.py
[2023-03-08T13:22:22.344+0000] {processor.py:753} INFO - DAG(s) dict_keys(['dag_with_api']) retrieved from /opt/airflow/dags/django_dag.py
[2023-03-08T13:22:22.370+0000] {logging_mixin.py:137} INFO - [2023-03-08T13:22:22.370+0000] {dag.py:2690} INFO - Sync 1 DAGs
[2023-03-08T13:22:22.393+0000] {logging_mixin.py:137} INFO - [2023-03-08T13:22:22.393+0000] {dag.py:3441} INFO - Setting next_dagrun for dag_with_api to 2023-03-08T00:00:00+00:00, run_after=2023-03-09T00:00:00+00:00
[2023-03-08T13:22:22.404+0000] {processor.py:175} INFO - Processing /opt/airflow/dags/django_dag.py took 0.101 seconds
[2023-03-08T13:22:53.072+0000] {processor.py:153} INFO - Started process (PID=611) to work on /opt/airflow/dags/django_dag.py
[2023-03-08T13:22:53.075+0000] {processor.py:743} INFO - Processing file /opt/airflow/dags/django_dag.py for tasks to queue
[2023-03-08T13:22:53.076+0000] {logging_mixin.py:137} INFO - [2023-03-08T13:22:53.076+0000] {dagbag.py:538} INFO - Filling up the DagBag from /opt/airflow/dags/django_dag.py
[2023-03-08T13:22:53.122+0000] {processor.py:753} INFO - DAG(s) dict_keys(['dag_with_api']) retrieved from /opt/airflow/dags/django_dag.py
[2023-03-08T13:22:53.156+0000] {logging_mixin.py:137} INFO - [2023-03-08T13:22:53.156+0000] {dag.py:2690} INFO - Sync 1 DAGs
[2023-03-08T13:22:53.184+0000] {logging_mixin.py:137} INFO - [2023-03-08T13:22:53.183+0000] {dag.py:3441} INFO - Setting next_dagrun for dag_with_api to 2023-03-08T00:00:00+00:00, run_after=2023-03-09T00:00:00+00:00
[2023-03-08T13:22:53.198+0000] {processor.py:175} INFO - Processing /opt/airflow/dags/django_dag.py took 0.131 seconds
