[2023-03-15T15:48:38.619+0000] {processor.py:153} INFO - Started process (PID=8064) to work on /opt/airflow/dags/example.py
[2023-03-15T15:48:38.621+0000] {processor.py:743} INFO - Processing file /opt/airflow/dags/example.py for tasks to queue
[2023-03-15T15:48:38.622+0000] {logging_mixin.py:137} INFO - [2023-03-15T15:48:38.622+0000] {dagbag.py:538} INFO - Filling up the DagBag from /opt/airflow/dags/example.py
[2023-03-15T15:48:38.709+0000] {processor.py:753} INFO - DAG(s) dict_keys(['rest_api']) retrieved from /opt/airflow/dags/example.py
[2023-03-15T15:48:38.880+0000] {logging_mixin.py:137} INFO - [2023-03-15T15:48:38.880+0000] {dag.py:2690} INFO - Sync 1 DAGs
[2023-03-15T15:48:38.903+0000] {logging_mixin.py:137} INFO - [2023-03-15T15:48:38.903+0000] {dag.py:3441} INFO - Setting next_dagrun for rest_api to 2023-03-15T00:00:00+00:00, run_after=2023-03-16T00:00:00+00:00
[2023-03-15T15:48:38.926+0000] {processor.py:175} INFO - Processing /opt/airflow/dags/example.py took 0.319 seconds
[2023-03-15T15:49:03.774+0000] {processor.py:153} INFO - Started process (PID=8090) to work on /opt/airflow/dags/example.py
[2023-03-15T15:49:03.784+0000] {processor.py:743} INFO - Processing file /opt/airflow/dags/example.py for tasks to queue
[2023-03-15T15:49:03.789+0000] {logging_mixin.py:137} INFO - [2023-03-15T15:49:03.788+0000] {dagbag.py:538} INFO - Filling up the DagBag from /opt/airflow/dags/example.py
[2023-03-15T15:49:04.056+0000] {processor.py:753} INFO - DAG(s) dict_keys(['rest_api']) retrieved from /opt/airflow/dags/example.py
[2023-03-15T15:49:04.643+0000] {logging_mixin.py:137} INFO - [2023-03-15T15:49:04.637+0000] {dag.py:2690} INFO - Sync 1 DAGs
[2023-03-15T15:49:05.484+0000] {logging_mixin.py:137} INFO - [2023-03-15T15:49:05.482+0000] {dag.py:3441} INFO - Setting next_dagrun for rest_api to 2023-03-15T00:00:00+00:00, run_after=2023-03-16T00:00:00+00:00
[2023-03-15T15:49:05.656+0000] {processor.py:175} INFO - Processing /opt/airflow/dags/example.py took 1.900 seconds
[2023-03-15T15:49:36.505+0000] {processor.py:153} INFO - Started process (PID=8114) to work on /opt/airflow/dags/example.py
[2023-03-15T15:49:36.508+0000] {processor.py:743} INFO - Processing file /opt/airflow/dags/example.py for tasks to queue
[2023-03-15T15:49:36.510+0000] {logging_mixin.py:137} INFO - [2023-03-15T15:49:36.509+0000] {dagbag.py:538} INFO - Filling up the DagBag from /opt/airflow/dags/example.py
[2023-03-15T15:49:36.587+0000] {processor.py:753} INFO - DAG(s) dict_keys(['rest_api']) retrieved from /opt/airflow/dags/example.py
[2023-03-15T15:49:36.675+0000] {logging_mixin.py:137} INFO - [2023-03-15T15:49:36.675+0000] {dag.py:2690} INFO - Sync 1 DAGs
[2023-03-15T15:49:36.688+0000] {logging_mixin.py:137} INFO - [2023-03-15T15:49:36.688+0000] {dag.py:2711} INFO - Creating ORM DAG for rest_api
[2023-03-15T15:49:36.702+0000] {logging_mixin.py:137} INFO - [2023-03-15T15:49:36.701+0000] {dag.py:3441} INFO - Setting next_dagrun for rest_api to 2023-03-14T00:00:00+00:00, run_after=2023-03-15T00:00:00+00:00
[2023-03-15T15:49:36.719+0000] {processor.py:175} INFO - Processing /opt/airflow/dags/example.py took 0.221 seconds
[2023-03-15T15:50:07.368+0000] {processor.py:153} INFO - Started process (PID=8141) to work on /opt/airflow/dags/example.py
[2023-03-15T15:50:07.374+0000] {processor.py:743} INFO - Processing file /opt/airflow/dags/example.py for tasks to queue
[2023-03-15T15:50:07.380+0000] {logging_mixin.py:137} INFO - [2023-03-15T15:50:07.379+0000] {dagbag.py:538} INFO - Filling up the DagBag from /opt/airflow/dags/example.py
[2023-03-15T15:50:07.464+0000] {processor.py:753} INFO - DAG(s) dict_keys(['rest_api']) retrieved from /opt/airflow/dags/example.py
[2023-03-15T15:50:07.524+0000] {logging_mixin.py:137} INFO - [2023-03-15T15:50:07.524+0000] {dag.py:2690} INFO - Sync 1 DAGs
[2023-03-15T15:50:07.550+0000] {logging_mixin.py:137} INFO - [2023-03-15T15:50:07.550+0000] {dag.py:3441} INFO - Setting next_dagrun for rest_api to 2023-03-14T00:00:00+00:00, run_after=2023-03-15T00:00:00+00:00
[2023-03-15T15:50:07.564+0000] {processor.py:175} INFO - Processing /opt/airflow/dags/example.py took 0.222 seconds
[2023-03-15T15:50:38.247+0000] {processor.py:153} INFO - Started process (PID=8179) to work on /opt/airflow/dags/example.py
[2023-03-15T15:50:38.250+0000] {processor.py:743} INFO - Processing file /opt/airflow/dags/example.py for tasks to queue
[2023-03-15T15:50:38.254+0000] {logging_mixin.py:137} INFO - [2023-03-15T15:50:38.252+0000] {dagbag.py:538} INFO - Filling up the DagBag from /opt/airflow/dags/example.py
[2023-03-15T15:50:38.343+0000] {processor.py:753} INFO - DAG(s) dict_keys(['rest_api']) retrieved from /opt/airflow/dags/example.py
[2023-03-15T15:50:38.388+0000] {logging_mixin.py:137} INFO - [2023-03-15T15:50:38.387+0000] {dag.py:2690} INFO - Sync 1 DAGs
[2023-03-15T15:50:38.422+0000] {logging_mixin.py:137} INFO - [2023-03-15T15:50:38.422+0000] {dag.py:3441} INFO - Setting next_dagrun for rest_api to 2023-03-14T00:00:00+00:00, run_after=2023-03-15T00:00:00+00:00
[2023-03-15T15:50:38.441+0000] {processor.py:175} INFO - Processing /opt/airflow/dags/example.py took 0.202 seconds
[2023-03-15T15:51:09.000+0000] {processor.py:153} INFO - Started process (PID=8204) to work on /opt/airflow/dags/example.py
[2023-03-15T15:51:09.002+0000] {processor.py:743} INFO - Processing file /opt/airflow/dags/example.py for tasks to queue
[2023-03-15T15:51:09.004+0000] {logging_mixin.py:137} INFO - [2023-03-15T15:51:09.004+0000] {dagbag.py:538} INFO - Filling up the DagBag from /opt/airflow/dags/example.py
[2023-03-15T15:51:09.058+0000] {processor.py:753} INFO - DAG(s) dict_keys(['rest_api']) retrieved from /opt/airflow/dags/example.py
[2023-03-15T15:51:09.131+0000] {logging_mixin.py:137} INFO - [2023-03-15T15:51:09.131+0000] {dag.py:2690} INFO - Sync 1 DAGs
[2023-03-15T15:51:09.151+0000] {logging_mixin.py:137} INFO - [2023-03-15T15:51:09.151+0000] {dag.py:3441} INFO - Setting next_dagrun for rest_api to 2023-03-14T00:00:00+00:00, run_after=2023-03-15T00:00:00+00:00
[2023-03-15T15:51:09.163+0000] {processor.py:175} INFO - Processing /opt/airflow/dags/example.py took 0.173 seconds
[2023-03-15T15:51:39.816+0000] {processor.py:153} INFO - Started process (PID=8236) to work on /opt/airflow/dags/example.py
[2023-03-15T15:51:39.821+0000] {processor.py:743} INFO - Processing file /opt/airflow/dags/example.py for tasks to queue
[2023-03-15T15:51:39.822+0000] {logging_mixin.py:137} INFO - [2023-03-15T15:51:39.822+0000] {dagbag.py:538} INFO - Filling up the DagBag from /opt/airflow/dags/example.py
[2023-03-15T15:51:39.858+0000] {processor.py:753} INFO - DAG(s) dict_keys(['rest_api']) retrieved from /opt/airflow/dags/example.py
[2023-03-15T15:51:39.943+0000] {logging_mixin.py:137} INFO - [2023-03-15T15:51:39.943+0000] {dag.py:2690} INFO - Sync 1 DAGs
[2023-03-15T15:51:39.958+0000] {logging_mixin.py:137} INFO - [2023-03-15T15:51:39.958+0000] {dag.py:2711} INFO - Creating ORM DAG for rest_api
[2023-03-15T15:51:39.980+0000] {logging_mixin.py:137} INFO - [2023-03-15T15:51:39.980+0000] {dag.py:3441} INFO - Setting next_dagrun for rest_api to 2023-03-14T00:00:00+00:00, run_after=2023-03-15T00:00:00+00:00
[2023-03-15T15:51:40.001+0000] {processor.py:175} INFO - Processing /opt/airflow/dags/example.py took 0.219 seconds
[2023-03-15T15:51:44.270+0000] {processor.py:153} INFO - Started process (PID=8244) to work on /opt/airflow/dags/example.py
[2023-03-15T15:51:44.273+0000] {processor.py:743} INFO - Processing file /opt/airflow/dags/example.py for tasks to queue
[2023-03-15T15:51:44.275+0000] {logging_mixin.py:137} INFO - [2023-03-15T15:51:44.275+0000] {dagbag.py:538} INFO - Filling up the DagBag from /opt/airflow/dags/example.py
[2023-03-15T15:51:44.427+0000] {processor.py:753} INFO - DAG(s) dict_keys(['rest_api']) retrieved from /opt/airflow/dags/example.py
[2023-03-15T15:51:44.447+0000] {logging_mixin.py:137} INFO - [2023-03-15T15:51:44.446+0000] {dag.py:2690} INFO - Sync 1 DAGs
[2023-03-15T15:51:44.486+0000] {logging_mixin.py:137} INFO - [2023-03-15T15:51:44.486+0000] {dag.py:3441} INFO - Setting next_dagrun for rest_api to 2023-03-14T00:00:00+00:00, run_after=2023-03-15T00:00:00+00:00
[2023-03-15T15:51:44.588+0000] {processor.py:175} INFO - Processing /opt/airflow/dags/example.py took 0.334 seconds
[2023-03-15T15:52:15.021+0000] {processor.py:153} INFO - Started process (PID=8271) to work on /opt/airflow/dags/example.py
[2023-03-15T15:52:15.024+0000] {processor.py:743} INFO - Processing file /opt/airflow/dags/example.py for tasks to queue
[2023-03-15T15:52:15.025+0000] {logging_mixin.py:137} INFO - [2023-03-15T15:52:15.025+0000] {dagbag.py:538} INFO - Filling up the DagBag from /opt/airflow/dags/example.py
[2023-03-15T15:52:15.062+0000] {processor.py:753} INFO - DAG(s) dict_keys(['rest_api']) retrieved from /opt/airflow/dags/example.py
[2023-03-15T15:52:15.087+0000] {logging_mixin.py:137} INFO - [2023-03-15T15:52:15.087+0000] {dag.py:2690} INFO - Sync 1 DAGs
[2023-03-15T15:52:15.119+0000] {logging_mixin.py:137} INFO - [2023-03-15T15:52:15.119+0000] {dag.py:3441} INFO - Setting next_dagrun for rest_api to 2023-03-14T00:00:00+00:00, run_after=2023-03-15T00:00:00+00:00
[2023-03-15T15:52:15.132+0000] {processor.py:175} INFO - Processing /opt/airflow/dags/example.py took 0.127 seconds
[2023-03-15T15:52:46.020+0000] {processor.py:153} INFO - Started process (PID=8310) to work on /opt/airflow/dags/example.py
[2023-03-15T15:52:46.024+0000] {processor.py:743} INFO - Processing file /opt/airflow/dags/example.py for tasks to queue
[2023-03-15T15:52:46.028+0000] {logging_mixin.py:137} INFO - [2023-03-15T15:52:46.027+0000] {dagbag.py:538} INFO - Filling up the DagBag from /opt/airflow/dags/example.py
[2023-03-15T15:52:46.180+0000] {processor.py:753} INFO - DAG(s) dict_keys(['rest_api']) retrieved from /opt/airflow/dags/example.py
[2023-03-15T15:52:46.401+0000] {logging_mixin.py:137} INFO - [2023-03-15T15:52:46.400+0000] {dag.py:2690} INFO - Sync 1 DAGs
[2023-03-15T15:52:46.422+0000] {logging_mixin.py:137} INFO - [2023-03-15T15:52:46.422+0000] {dag.py:3441} INFO - Setting next_dagrun for rest_api to 2023-03-14T00:00:00+00:00, run_after=2023-03-15T00:00:00+00:00
[2023-03-15T15:52:46.438+0000] {processor.py:175} INFO - Processing /opt/airflow/dags/example.py took 0.429 seconds
[2023-03-15T15:53:16.813+0000] {processor.py:153} INFO - Started process (PID=8337) to work on /opt/airflow/dags/example.py
[2023-03-15T15:53:16.816+0000] {processor.py:743} INFO - Processing file /opt/airflow/dags/example.py for tasks to queue
[2023-03-15T15:53:16.817+0000] {logging_mixin.py:137} INFO - [2023-03-15T15:53:16.817+0000] {dagbag.py:538} INFO - Filling up the DagBag from /opt/airflow/dags/example.py
[2023-03-15T15:53:16.865+0000] {processor.py:753} INFO - DAG(s) dict_keys(['rest_api']) retrieved from /opt/airflow/dags/example.py
[2023-03-15T15:53:16.916+0000] {logging_mixin.py:137} INFO - [2023-03-15T15:53:16.916+0000] {dag.py:2690} INFO - Sync 1 DAGs
[2023-03-15T15:53:16.938+0000] {logging_mixin.py:137} INFO - [2023-03-15T15:53:16.938+0000] {dag.py:3441} INFO - Setting next_dagrun for rest_api to 2023-03-14T00:00:00+00:00, run_after=2023-03-15T00:00:00+00:00
[2023-03-15T15:53:16.952+0000] {processor.py:175} INFO - Processing /opt/airflow/dags/example.py took 0.149 seconds
[2023-03-15T15:53:47.459+0000] {processor.py:153} INFO - Started process (PID=8374) to work on /opt/airflow/dags/example.py
[2023-03-15T15:53:47.462+0000] {processor.py:743} INFO - Processing file /opt/airflow/dags/example.py for tasks to queue
[2023-03-15T15:53:47.464+0000] {logging_mixin.py:137} INFO - [2023-03-15T15:53:47.463+0000] {dagbag.py:538} INFO - Filling up the DagBag from /opt/airflow/dags/example.py
[2023-03-15T15:53:47.537+0000] {processor.py:753} INFO - DAG(s) dict_keys(['rest_api']) retrieved from /opt/airflow/dags/example.py
[2023-03-15T15:53:47.567+0000] {logging_mixin.py:137} INFO - [2023-03-15T15:53:47.567+0000] {dag.py:2690} INFO - Sync 1 DAGs
[2023-03-15T15:53:47.615+0000] {logging_mixin.py:137} INFO - [2023-03-15T15:53:47.614+0000] {dag.py:3441} INFO - Setting next_dagrun for rest_api to 2023-03-14T00:00:00+00:00, run_after=2023-03-15T00:00:00+00:00
[2023-03-15T15:53:47.631+0000] {processor.py:175} INFO - Processing /opt/airflow/dags/example.py took 0.181 seconds
[2023-03-15T15:54:18.102+0000] {processor.py:153} INFO - Started process (PID=8408) to work on /opt/airflow/dags/example.py
[2023-03-15T15:54:18.104+0000] {processor.py:743} INFO - Processing file /opt/airflow/dags/example.py for tasks to queue
[2023-03-15T15:54:18.105+0000] {logging_mixin.py:137} INFO - [2023-03-15T15:54:18.105+0000] {dagbag.py:538} INFO - Filling up the DagBag from /opt/airflow/dags/example.py
[2023-03-15T15:54:18.166+0000] {processor.py:753} INFO - DAG(s) dict_keys(['rest_api']) retrieved from /opt/airflow/dags/example.py
[2023-03-15T15:54:18.267+0000] {logging_mixin.py:137} INFO - [2023-03-15T15:54:18.266+0000] {dag.py:2690} INFO - Sync 1 DAGs
[2023-03-15T15:54:18.301+0000] {logging_mixin.py:137} INFO - [2023-03-15T15:54:18.301+0000] {dag.py:3441} INFO - Setting next_dagrun for rest_api to 2023-03-14T00:00:00+00:00, run_after=2023-03-15T00:00:00+00:00
[2023-03-15T15:54:18.322+0000] {processor.py:175} INFO - Processing /opt/airflow/dags/example.py took 0.225 seconds
[2023-03-15T15:54:48.770+0000] {processor.py:153} INFO - Started process (PID=8437) to work on /opt/airflow/dags/example.py
[2023-03-15T15:54:48.772+0000] {processor.py:743} INFO - Processing file /opt/airflow/dags/example.py for tasks to queue
[2023-03-15T15:54:48.773+0000] {logging_mixin.py:137} INFO - [2023-03-15T15:54:48.773+0000] {dagbag.py:538} INFO - Filling up the DagBag from /opt/airflow/dags/example.py
[2023-03-15T15:54:48.806+0000] {processor.py:753} INFO - DAG(s) dict_keys(['rest_api']) retrieved from /opt/airflow/dags/example.py
[2023-03-15T15:54:48.836+0000] {logging_mixin.py:137} INFO - [2023-03-15T15:54:48.836+0000] {dag.py:2690} INFO - Sync 1 DAGs
[2023-03-15T15:54:48.857+0000] {logging_mixin.py:137} INFO - [2023-03-15T15:54:48.857+0000] {dag.py:3441} INFO - Setting next_dagrun for rest_api to 2023-03-14T00:00:00+00:00, run_after=2023-03-15T00:00:00+00:00
[2023-03-15T15:54:48.870+0000] {processor.py:175} INFO - Processing /opt/airflow/dags/example.py took 0.109 seconds
[2023-03-15T15:55:19.452+0000] {processor.py:153} INFO - Started process (PID=8475) to work on /opt/airflow/dags/example.py
[2023-03-15T15:55:19.455+0000] {processor.py:743} INFO - Processing file /opt/airflow/dags/example.py for tasks to queue
[2023-03-15T15:55:19.458+0000] {logging_mixin.py:137} INFO - [2023-03-15T15:55:19.458+0000] {dagbag.py:538} INFO - Filling up the DagBag from /opt/airflow/dags/example.py
[2023-03-15T15:55:19.602+0000] {processor.py:753} INFO - DAG(s) dict_keys(['rest_api']) retrieved from /opt/airflow/dags/example.py
[2023-03-15T15:55:19.627+0000] {logging_mixin.py:137} INFO - [2023-03-15T15:55:19.627+0000] {dag.py:2690} INFO - Sync 1 DAGs
[2023-03-15T15:55:19.661+0000] {logging_mixin.py:137} INFO - [2023-03-15T15:55:19.661+0000] {dag.py:3441} INFO - Setting next_dagrun for rest_api to 2023-03-14T00:00:00+00:00, run_after=2023-03-15T00:00:00+00:00
[2023-03-15T15:55:19.681+0000] {processor.py:175} INFO - Processing /opt/airflow/dags/example.py took 0.255 seconds
[2023-03-15T15:55:50.178+0000] {processor.py:153} INFO - Started process (PID=8501) to work on /opt/airflow/dags/example.py
[2023-03-15T15:55:50.182+0000] {processor.py:743} INFO - Processing file /opt/airflow/dags/example.py for tasks to queue
[2023-03-15T15:55:50.184+0000] {logging_mixin.py:137} INFO - [2023-03-15T15:55:50.184+0000] {dagbag.py:538} INFO - Filling up the DagBag from /opt/airflow/dags/example.py
[2023-03-15T15:55:50.225+0000] {processor.py:753} INFO - DAG(s) dict_keys(['rest_api']) retrieved from /opt/airflow/dags/example.py
[2023-03-15T15:55:50.287+0000] {logging_mixin.py:137} INFO - [2023-03-15T15:55:50.287+0000] {dag.py:2690} INFO - Sync 1 DAGs
[2023-03-15T15:55:50.303+0000] {logging_mixin.py:137} INFO - [2023-03-15T15:55:50.303+0000] {dag.py:3441} INFO - Setting next_dagrun for rest_api to 2023-03-14T00:00:00+00:00, run_after=2023-03-15T00:00:00+00:00
[2023-03-15T15:55:50.315+0000] {processor.py:175} INFO - Processing /opt/airflow/dags/example.py took 0.146 seconds
[2023-03-15T15:56:21.030+0000] {processor.py:153} INFO - Started process (PID=8529) to work on /opt/airflow/dags/example.py
[2023-03-15T15:56:21.034+0000] {processor.py:743} INFO - Processing file /opt/airflow/dags/example.py for tasks to queue
[2023-03-15T15:56:21.038+0000] {logging_mixin.py:137} INFO - [2023-03-15T15:56:21.037+0000] {dagbag.py:538} INFO - Filling up the DagBag from /opt/airflow/dags/example.py
[2023-03-15T15:56:21.078+0000] {processor.py:753} INFO - DAG(s) dict_keys(['rest_api']) retrieved from /opt/airflow/dags/example.py
[2023-03-15T15:56:21.169+0000] {logging_mixin.py:137} INFO - [2023-03-15T15:56:21.168+0000] {dag.py:2690} INFO - Sync 1 DAGs
[2023-03-15T15:56:21.205+0000] {logging_mixin.py:137} INFO - [2023-03-15T15:56:21.205+0000] {dag.py:3441} INFO - Setting next_dagrun for rest_api to 2023-03-14T00:00:00+00:00, run_after=2023-03-15T00:00:00+00:00
[2023-03-15T15:56:21.240+0000] {processor.py:175} INFO - Processing /opt/airflow/dags/example.py took 0.232 seconds
[2023-03-15T15:56:51.701+0000] {processor.py:153} INFO - Started process (PID=8565) to work on /opt/airflow/dags/example.py
[2023-03-15T15:56:51.703+0000] {processor.py:743} INFO - Processing file /opt/airflow/dags/example.py for tasks to queue
[2023-03-15T15:56:51.704+0000] {logging_mixin.py:137} INFO - [2023-03-15T15:56:51.704+0000] {dagbag.py:538} INFO - Filling up the DagBag from /opt/airflow/dags/example.py
[2023-03-15T15:56:51.738+0000] {processor.py:753} INFO - DAG(s) dict_keys(['rest_api']) retrieved from /opt/airflow/dags/example.py
[2023-03-15T15:56:51.766+0000] {logging_mixin.py:137} INFO - [2023-03-15T15:56:51.766+0000] {dag.py:2690} INFO - Sync 1 DAGs
[2023-03-15T15:56:51.787+0000] {logging_mixin.py:137} INFO - [2023-03-15T15:56:51.787+0000] {dag.py:3441} INFO - Setting next_dagrun for rest_api to 2023-03-14T00:00:00+00:00, run_after=2023-03-15T00:00:00+00:00
[2023-03-15T15:56:51.799+0000] {processor.py:175} INFO - Processing /opt/airflow/dags/example.py took 0.108 seconds
[2023-03-15T15:57:22.112+0000] {processor.py:153} INFO - Started process (PID=8590) to work on /opt/airflow/dags/example.py
[2023-03-15T15:57:22.116+0000] {processor.py:743} INFO - Processing file /opt/airflow/dags/example.py for tasks to queue
[2023-03-15T15:57:22.119+0000] {logging_mixin.py:137} INFO - [2023-03-15T15:57:22.119+0000] {dagbag.py:538} INFO - Filling up the DagBag from /opt/airflow/dags/example.py
[2023-03-15T15:57:22.232+0000] {processor.py:753} INFO - DAG(s) dict_keys(['rest_api']) retrieved from /opt/airflow/dags/example.py
[2023-03-15T15:57:22.415+0000] {logging_mixin.py:137} INFO - [2023-03-15T15:57:22.414+0000] {dag.py:2690} INFO - Sync 1 DAGs
[2023-03-15T15:57:22.462+0000] {logging_mixin.py:137} INFO - [2023-03-15T15:57:22.462+0000] {dag.py:3441} INFO - Setting next_dagrun for rest_api to 2023-03-14T00:00:00+00:00, run_after=2023-03-15T00:00:00+00:00
[2023-03-15T15:57:22.495+0000] {processor.py:175} INFO - Processing /opt/airflow/dags/example.py took 0.401 seconds
[2023-03-15T15:57:53.330+0000] {processor.py:153} INFO - Started process (PID=8618) to work on /opt/airflow/dags/example.py
[2023-03-15T15:57:53.333+0000] {processor.py:743} INFO - Processing file /opt/airflow/dags/example.py for tasks to queue
[2023-03-15T15:57:53.335+0000] {logging_mixin.py:137} INFO - [2023-03-15T15:57:53.335+0000] {dagbag.py:538} INFO - Filling up the DagBag from /opt/airflow/dags/example.py
[2023-03-15T15:57:53.374+0000] {processor.py:753} INFO - DAG(s) dict_keys(['rest_api']) retrieved from /opt/airflow/dags/example.py
[2023-03-15T15:57:53.394+0000] {logging_mixin.py:137} INFO - [2023-03-15T15:57:53.393+0000] {dag.py:2690} INFO - Sync 1 DAGs
[2023-03-15T15:57:53.414+0000] {logging_mixin.py:137} INFO - [2023-03-15T15:57:53.414+0000] {dag.py:3441} INFO - Setting next_dagrun for rest_api to 2023-03-14T00:00:00+00:00, run_after=2023-03-15T00:00:00+00:00
[2023-03-15T15:57:53.426+0000] {processor.py:175} INFO - Processing /opt/airflow/dags/example.py took 0.106 seconds
[2023-03-15T15:58:23.879+0000] {processor.py:153} INFO - Started process (PID=8659) to work on /opt/airflow/dags/example.py
[2023-03-15T15:58:23.882+0000] {processor.py:743} INFO - Processing file /opt/airflow/dags/example.py for tasks to queue
[2023-03-15T15:58:23.885+0000] {logging_mixin.py:137} INFO - [2023-03-15T15:58:23.885+0000] {dagbag.py:538} INFO - Filling up the DagBag from /opt/airflow/dags/example.py
[2023-03-15T15:58:23.941+0000] {processor.py:753} INFO - DAG(s) dict_keys(['rest_api']) retrieved from /opt/airflow/dags/example.py
[2023-03-15T15:58:24.042+0000] {logging_mixin.py:137} INFO - [2023-03-15T15:58:24.042+0000] {dag.py:2690} INFO - Sync 1 DAGs
[2023-03-15T15:58:24.068+0000] {logging_mixin.py:137} INFO - [2023-03-15T15:58:24.068+0000] {dag.py:3441} INFO - Setting next_dagrun for rest_api to 2023-03-14T00:00:00+00:00, run_after=2023-03-15T00:00:00+00:00
[2023-03-15T15:58:24.094+0000] {processor.py:175} INFO - Processing /opt/airflow/dags/example.py took 0.228 seconds
[2023-03-15T15:58:54.579+0000] {processor.py:153} INFO - Started process (PID=8695) to work on /opt/airflow/dags/example.py
[2023-03-15T15:58:54.581+0000] {processor.py:743} INFO - Processing file /opt/airflow/dags/example.py for tasks to queue
[2023-03-15T15:58:54.583+0000] {logging_mixin.py:137} INFO - [2023-03-15T15:58:54.583+0000] {dagbag.py:538} INFO - Filling up the DagBag from /opt/airflow/dags/example.py
[2023-03-15T15:58:54.641+0000] {processor.py:753} INFO - DAG(s) dict_keys(['rest_api']) retrieved from /opt/airflow/dags/example.py
[2023-03-15T15:58:54.713+0000] {logging_mixin.py:137} INFO - [2023-03-15T15:58:54.713+0000] {dag.py:2690} INFO - Sync 1 DAGs
[2023-03-15T15:58:54.753+0000] {logging_mixin.py:137} INFO - [2023-03-15T15:58:54.753+0000] {dag.py:3441} INFO - Setting next_dagrun for rest_api to 2023-03-14T00:00:00+00:00, run_after=2023-03-15T00:00:00+00:00
[2023-03-15T15:58:54.781+0000] {processor.py:175} INFO - Processing /opt/airflow/dags/example.py took 0.212 seconds
[2023-03-15T15:59:25.483+0000] {processor.py:153} INFO - Started process (PID=8724) to work on /opt/airflow/dags/example.py
[2023-03-15T15:59:25.486+0000] {processor.py:743} INFO - Processing file /opt/airflow/dags/example.py for tasks to queue
[2023-03-15T15:59:25.488+0000] {logging_mixin.py:137} INFO - [2023-03-15T15:59:25.488+0000] {dagbag.py:538} INFO - Filling up the DagBag from /opt/airflow/dags/example.py
[2023-03-15T15:59:25.547+0000] {processor.py:753} INFO - DAG(s) dict_keys(['rest_api']) retrieved from /opt/airflow/dags/example.py
[2023-03-15T15:59:25.587+0000] {logging_mixin.py:137} INFO - [2023-03-15T15:59:25.587+0000] {dag.py:2690} INFO - Sync 1 DAGs
[2023-03-15T15:59:25.630+0000] {logging_mixin.py:137} INFO - [2023-03-15T15:59:25.630+0000] {dag.py:3441} INFO - Setting next_dagrun for rest_api to 2023-03-14T00:00:00+00:00, run_after=2023-03-15T00:00:00+00:00
[2023-03-15T15:59:25.647+0000] {processor.py:175} INFO - Processing /opt/airflow/dags/example.py took 0.182 seconds
[2023-03-15T15:59:56.118+0000] {processor.py:153} INFO - Started process (PID=8750) to work on /opt/airflow/dags/example.py
[2023-03-15T15:59:56.128+0000] {processor.py:743} INFO - Processing file /opt/airflow/dags/example.py for tasks to queue
[2023-03-15T15:59:56.143+0000] {logging_mixin.py:137} INFO - [2023-03-15T15:59:56.142+0000] {dagbag.py:538} INFO - Filling up the DagBag from /opt/airflow/dags/example.py
[2023-03-15T15:59:56.207+0000] {processor.py:753} INFO - DAG(s) dict_keys(['rest_api']) retrieved from /opt/airflow/dags/example.py
[2023-03-15T15:59:56.334+0000] {logging_mixin.py:137} INFO - [2023-03-15T15:59:56.334+0000] {dag.py:2690} INFO - Sync 1 DAGs
[2023-03-15T15:59:56.378+0000] {logging_mixin.py:137} INFO - [2023-03-15T15:59:56.378+0000] {dag.py:3441} INFO - Setting next_dagrun for rest_api to 2023-03-14T00:00:00+00:00, run_after=2023-03-15T00:00:00+00:00
[2023-03-15T15:59:56.405+0000] {processor.py:175} INFO - Processing /opt/airflow/dags/example.py took 0.311 seconds
[2023-03-15T16:00:26.770+0000] {processor.py:153} INFO - Started process (PID=8789) to work on /opt/airflow/dags/example.py
[2023-03-15T16:00:26.773+0000] {processor.py:743} INFO - Processing file /opt/airflow/dags/example.py for tasks to queue
[2023-03-15T16:00:26.775+0000] {logging_mixin.py:137} INFO - [2023-03-15T16:00:26.775+0000] {dagbag.py:538} INFO - Filling up the DagBag from /opt/airflow/dags/example.py
[2023-03-15T16:00:26.799+0000] {processor.py:753} INFO - DAG(s) dict_keys(['rest_api']) retrieved from /opt/airflow/dags/example.py
[2023-03-15T16:00:26.825+0000] {logging_mixin.py:137} INFO - [2023-03-15T16:00:26.825+0000] {dag.py:2690} INFO - Sync 1 DAGs
[2023-03-15T16:00:26.840+0000] {logging_mixin.py:137} INFO - [2023-03-15T16:00:26.840+0000] {dag.py:3441} INFO - Setting next_dagrun for rest_api to 2023-03-14T00:00:00+00:00, run_after=2023-03-15T00:00:00+00:00
[2023-03-15T16:00:26.851+0000] {processor.py:175} INFO - Processing /opt/airflow/dags/example.py took 0.087 seconds
[2023-03-15T16:00:57.523+0000] {processor.py:153} INFO - Started process (PID=8816) to work on /opt/airflow/dags/example.py
[2023-03-15T16:00:57.527+0000] {processor.py:743} INFO - Processing file /opt/airflow/dags/example.py for tasks to queue
[2023-03-15T16:00:57.529+0000] {logging_mixin.py:137} INFO - [2023-03-15T16:00:57.529+0000] {dagbag.py:538} INFO - Filling up the DagBag from /opt/airflow/dags/example.py
[2023-03-15T16:00:57.560+0000] {processor.py:753} INFO - DAG(s) dict_keys(['rest_api']) retrieved from /opt/airflow/dags/example.py
[2023-03-15T16:00:57.575+0000] {logging_mixin.py:137} INFO - [2023-03-15T16:00:57.575+0000] {dag.py:2690} INFO - Sync 1 DAGs
[2023-03-15T16:00:57.592+0000] {logging_mixin.py:137} INFO - [2023-03-15T16:00:57.592+0000] {dag.py:3441} INFO - Setting next_dagrun for rest_api to 2023-03-14T00:00:00+00:00, run_after=2023-03-15T00:00:00+00:00
[2023-03-15T16:00:57.603+0000] {processor.py:175} INFO - Processing /opt/airflow/dags/example.py took 0.090 seconds
[2023-03-15T16:01:28.098+0000] {processor.py:153} INFO - Started process (PID=8855) to work on /opt/airflow/dags/example.py
[2023-03-15T16:01:28.102+0000] {processor.py:743} INFO - Processing file /opt/airflow/dags/example.py for tasks to queue
[2023-03-15T16:01:28.104+0000] {logging_mixin.py:137} INFO - [2023-03-15T16:01:28.104+0000] {dagbag.py:538} INFO - Filling up the DagBag from /opt/airflow/dags/example.py
[2023-03-15T16:01:28.129+0000] {processor.py:753} INFO - DAG(s) dict_keys(['rest_api']) retrieved from /opt/airflow/dags/example.py
[2023-03-15T16:01:28.188+0000] {logging_mixin.py:137} INFO - [2023-03-15T16:01:28.187+0000] {dag.py:2690} INFO - Sync 1 DAGs
[2023-03-15T16:01:28.205+0000] {logging_mixin.py:137} INFO - [2023-03-15T16:01:28.205+0000] {dag.py:3441} INFO - Setting next_dagrun for rest_api to 2023-03-14T00:00:00+00:00, run_after=2023-03-15T00:00:00+00:00
[2023-03-15T16:01:28.218+0000] {processor.py:175} INFO - Processing /opt/airflow/dags/example.py took 0.126 seconds
[2023-03-15T16:01:58.901+0000] {processor.py:153} INFO - Started process (PID=8881) to work on /opt/airflow/dags/example.py
[2023-03-15T16:01:58.913+0000] {processor.py:743} INFO - Processing file /opt/airflow/dags/example.py for tasks to queue
[2023-03-15T16:01:58.916+0000] {logging_mixin.py:137} INFO - [2023-03-15T16:01:58.916+0000] {dagbag.py:538} INFO - Filling up the DagBag from /opt/airflow/dags/example.py
[2023-03-15T16:01:58.985+0000] {processor.py:753} INFO - DAG(s) dict_keys(['rest_api']) retrieved from /opt/airflow/dags/example.py
[2023-03-15T16:01:59.043+0000] {logging_mixin.py:137} INFO - [2023-03-15T16:01:59.043+0000] {dag.py:2690} INFO - Sync 1 DAGs
[2023-03-15T16:01:59.076+0000] {logging_mixin.py:137} INFO - [2023-03-15T16:01:59.076+0000] {dag.py:3441} INFO - Setting next_dagrun for rest_api to 2023-03-14T00:00:00+00:00, run_after=2023-03-15T00:00:00+00:00
[2023-03-15T16:01:59.104+0000] {processor.py:175} INFO - Processing /opt/airflow/dags/example.py took 0.224 seconds
[2023-03-15T16:02:29.713+0000] {processor.py:153} INFO - Started process (PID=8919) to work on /opt/airflow/dags/example.py
[2023-03-15T16:02:29.717+0000] {processor.py:743} INFO - Processing file /opt/airflow/dags/example.py for tasks to queue
[2023-03-15T16:02:29.719+0000] {logging_mixin.py:137} INFO - [2023-03-15T16:02:29.719+0000] {dagbag.py:538} INFO - Filling up the DagBag from /opt/airflow/dags/example.py
[2023-03-15T16:02:29.762+0000] {processor.py:753} INFO - DAG(s) dict_keys(['rest_api']) retrieved from /opt/airflow/dags/example.py
[2023-03-15T16:02:29.778+0000] {logging_mixin.py:137} INFO - [2023-03-15T16:02:29.778+0000] {dag.py:2690} INFO - Sync 1 DAGs
[2023-03-15T16:02:29.796+0000] {logging_mixin.py:137} INFO - [2023-03-15T16:02:29.796+0000] {dag.py:3441} INFO - Setting next_dagrun for rest_api to 2023-03-14T00:00:00+00:00, run_after=2023-03-15T00:00:00+00:00
[2023-03-15T16:02:29.806+0000] {processor.py:175} INFO - Processing /opt/airflow/dags/example.py took 0.102 seconds
[2023-03-15T16:03:00.172+0000] {processor.py:153} INFO - Started process (PID=8944) to work on /opt/airflow/dags/example.py
[2023-03-15T16:03:00.177+0000] {processor.py:743} INFO - Processing file /opt/airflow/dags/example.py for tasks to queue
[2023-03-15T16:03:00.179+0000] {logging_mixin.py:137} INFO - [2023-03-15T16:03:00.178+0000] {dagbag.py:538} INFO - Filling up the DagBag from /opt/airflow/dags/example.py
[2023-03-15T16:03:00.222+0000] {processor.py:753} INFO - DAG(s) dict_keys(['rest_api']) retrieved from /opt/airflow/dags/example.py
[2023-03-15T16:03:00.272+0000] {logging_mixin.py:137} INFO - [2023-03-15T16:03:00.272+0000] {dag.py:2690} INFO - Sync 1 DAGs
[2023-03-15T16:03:00.288+0000] {logging_mixin.py:137} INFO - [2023-03-15T16:03:00.288+0000] {dag.py:3441} INFO - Setting next_dagrun for rest_api to 2023-03-14T00:00:00+00:00, run_after=2023-03-15T00:00:00+00:00
[2023-03-15T16:03:00.301+0000] {processor.py:175} INFO - Processing /opt/airflow/dags/example.py took 0.135 seconds
[2023-03-15T16:03:30.953+0000] {processor.py:153} INFO - Started process (PID=8982) to work on /opt/airflow/dags/example.py
[2023-03-15T16:03:30.963+0000] {processor.py:743} INFO - Processing file /opt/airflow/dags/example.py for tasks to queue
[2023-03-15T16:03:30.965+0000] {logging_mixin.py:137} INFO - [2023-03-15T16:03:30.965+0000] {dagbag.py:538} INFO - Filling up the DagBag from /opt/airflow/dags/example.py
[2023-03-15T16:03:31.005+0000] {processor.py:753} INFO - DAG(s) dict_keys(['rest_api']) retrieved from /opt/airflow/dags/example.py
[2023-03-15T16:03:31.039+0000] {logging_mixin.py:137} INFO - [2023-03-15T16:03:31.038+0000] {dag.py:2690} INFO - Sync 1 DAGs
[2023-03-15T16:03:31.069+0000] {logging_mixin.py:137} INFO - [2023-03-15T16:03:31.069+0000] {dag.py:3441} INFO - Setting next_dagrun for rest_api to 2023-03-14T00:00:00+00:00, run_after=2023-03-15T00:00:00+00:00
[2023-03-15T16:03:31.085+0000] {processor.py:175} INFO - Processing /opt/airflow/dags/example.py took 0.139 seconds
[2023-03-15T16:04:01.578+0000] {processor.py:153} INFO - Started process (PID=9020) to work on /opt/airflow/dags/example.py
[2023-03-15T16:04:01.581+0000] {processor.py:743} INFO - Processing file /opt/airflow/dags/example.py for tasks to queue
[2023-03-15T16:04:01.583+0000] {logging_mixin.py:137} INFO - [2023-03-15T16:04:01.582+0000] {dagbag.py:538} INFO - Filling up the DagBag from /opt/airflow/dags/example.py
[2023-03-15T16:04:01.631+0000] {processor.py:753} INFO - DAG(s) dict_keys(['rest_api']) retrieved from /opt/airflow/dags/example.py
[2023-03-15T16:04:01.661+0000] {logging_mixin.py:137} INFO - [2023-03-15T16:04:01.661+0000] {dag.py:2690} INFO - Sync 1 DAGs
[2023-03-15T16:04:01.713+0000] {logging_mixin.py:137} INFO - [2023-03-15T16:04:01.713+0000] {dag.py:3441} INFO - Setting next_dagrun for rest_api to 2023-03-14T00:00:00+00:00, run_after=2023-03-15T00:00:00+00:00
[2023-03-15T16:04:01.731+0000] {processor.py:175} INFO - Processing /opt/airflow/dags/example.py took 0.160 seconds
[2023-03-15T16:04:32.238+0000] {processor.py:153} INFO - Started process (PID=9045) to work on /opt/airflow/dags/example.py
[2023-03-15T16:04:32.241+0000] {processor.py:743} INFO - Processing file /opt/airflow/dags/example.py for tasks to queue
[2023-03-15T16:04:32.242+0000] {logging_mixin.py:137} INFO - [2023-03-15T16:04:32.242+0000] {dagbag.py:538} INFO - Filling up the DagBag from /opt/airflow/dags/example.py
[2023-03-15T16:04:32.277+0000] {processor.py:753} INFO - DAG(s) dict_keys(['rest_api']) retrieved from /opt/airflow/dags/example.py
[2023-03-15T16:04:32.343+0000] {logging_mixin.py:137} INFO - [2023-03-15T16:04:32.343+0000] {dag.py:2690} INFO - Sync 1 DAGs
[2023-03-15T16:04:32.359+0000] {logging_mixin.py:137} INFO - [2023-03-15T16:04:32.359+0000] {dag.py:3441} INFO - Setting next_dagrun for rest_api to 2023-03-14T00:00:00+00:00, run_after=2023-03-15T00:00:00+00:00
[2023-03-15T16:04:32.372+0000] {processor.py:175} INFO - Processing /opt/airflow/dags/example.py took 0.140 seconds
[2023-03-15T16:05:02.843+0000] {processor.py:153} INFO - Started process (PID=9082) to work on /opt/airflow/dags/example.py
[2023-03-15T16:05:02.847+0000] {processor.py:743} INFO - Processing file /opt/airflow/dags/example.py for tasks to queue
[2023-03-15T16:05:02.853+0000] {logging_mixin.py:137} INFO - [2023-03-15T16:05:02.851+0000] {dagbag.py:538} INFO - Filling up the DagBag from /opt/airflow/dags/example.py
[2023-03-15T16:05:02.906+0000] {processor.py:753} INFO - DAG(s) dict_keys(['rest_api']) retrieved from /opt/airflow/dags/example.py
[2023-03-15T16:05:02.949+0000] {logging_mixin.py:137} INFO - [2023-03-15T16:05:02.949+0000] {dag.py:2690} INFO - Sync 1 DAGs
[2023-03-15T16:05:02.972+0000] {logging_mixin.py:137} INFO - [2023-03-15T16:05:02.971+0000] {dag.py:3441} INFO - Setting next_dagrun for rest_api to 2023-03-14T00:00:00+00:00, run_after=2023-03-15T00:00:00+00:00
[2023-03-15T16:05:02.984+0000] {processor.py:175} INFO - Processing /opt/airflow/dags/example.py took 0.150 seconds
[2023-03-15T16:05:33.544+0000] {processor.py:153} INFO - Started process (PID=9108) to work on /opt/airflow/dags/example.py
[2023-03-15T16:05:33.555+0000] {processor.py:743} INFO - Processing file /opt/airflow/dags/example.py for tasks to queue
[2023-03-15T16:05:33.559+0000] {logging_mixin.py:137} INFO - [2023-03-15T16:05:33.559+0000] {dagbag.py:538} INFO - Filling up the DagBag from /opt/airflow/dags/example.py
[2023-03-15T16:05:33.630+0000] {processor.py:753} INFO - DAG(s) dict_keys(['rest_api']) retrieved from /opt/airflow/dags/example.py
[2023-03-15T16:05:33.655+0000] {logging_mixin.py:137} INFO - [2023-03-15T16:05:33.654+0000] {dag.py:2690} INFO - Sync 1 DAGs
[2023-03-15T16:05:33.696+0000] {logging_mixin.py:137} INFO - [2023-03-15T16:05:33.696+0000] {dag.py:3441} INFO - Setting next_dagrun for rest_api to 2023-03-14T00:00:00+00:00, run_after=2023-03-15T00:00:00+00:00
[2023-03-15T16:05:33.713+0000] {processor.py:175} INFO - Processing /opt/airflow/dags/example.py took 0.179 seconds
[2023-03-15T16:06:04.192+0000] {processor.py:153} INFO - Started process (PID=9146) to work on /opt/airflow/dags/example.py
[2023-03-15T16:06:04.198+0000] {processor.py:743} INFO - Processing file /opt/airflow/dags/example.py for tasks to queue
[2023-03-15T16:06:04.200+0000] {logging_mixin.py:137} INFO - [2023-03-15T16:06:04.200+0000] {dagbag.py:538} INFO - Filling up the DagBag from /opt/airflow/dags/example.py
[2023-03-15T16:06:04.238+0000] {processor.py:753} INFO - DAG(s) dict_keys(['rest_api']) retrieved from /opt/airflow/dags/example.py
[2023-03-15T16:06:04.314+0000] {logging_mixin.py:137} INFO - [2023-03-15T16:06:04.314+0000] {dag.py:2690} INFO - Sync 1 DAGs
[2023-03-15T16:06:04.333+0000] {logging_mixin.py:137} INFO - [2023-03-15T16:06:04.333+0000] {dag.py:3441} INFO - Setting next_dagrun for rest_api to 2023-03-14T00:00:00+00:00, run_after=2023-03-15T00:00:00+00:00
[2023-03-15T16:06:04.348+0000] {processor.py:175} INFO - Processing /opt/airflow/dags/example.py took 0.170 seconds
[2023-03-15T16:06:34.809+0000] {processor.py:153} INFO - Started process (PID=9172) to work on /opt/airflow/dags/example.py
[2023-03-15T16:06:34.814+0000] {processor.py:743} INFO - Processing file /opt/airflow/dags/example.py for tasks to queue
[2023-03-15T16:06:34.817+0000] {logging_mixin.py:137} INFO - [2023-03-15T16:06:34.817+0000] {dagbag.py:538} INFO - Filling up the DagBag from /opt/airflow/dags/example.py
[2023-03-15T16:06:34.845+0000] {processor.py:753} INFO - DAG(s) dict_keys(['rest_api']) retrieved from /opt/airflow/dags/example.py
[2023-03-15T16:06:34.872+0000] {logging_mixin.py:137} INFO - [2023-03-15T16:06:34.872+0000] {dag.py:2690} INFO - Sync 1 DAGs
[2023-03-15T16:06:34.890+0000] {logging_mixin.py:137} INFO - [2023-03-15T16:06:34.890+0000] {dag.py:3441} INFO - Setting next_dagrun for rest_api to 2023-03-14T00:00:00+00:00, run_after=2023-03-15T00:00:00+00:00
[2023-03-15T16:06:34.901+0000] {processor.py:175} INFO - Processing /opt/airflow/dags/example.py took 0.102 seconds
[2023-03-15T16:07:05.298+0000] {processor.py:153} INFO - Started process (PID=9212) to work on /opt/airflow/dags/example.py
[2023-03-15T16:07:05.304+0000] {processor.py:743} INFO - Processing file /opt/airflow/dags/example.py for tasks to queue
[2023-03-15T16:07:05.310+0000] {logging_mixin.py:137} INFO - [2023-03-15T16:07:05.310+0000] {dagbag.py:538} INFO - Filling up the DagBag from /opt/airflow/dags/example.py
[2023-03-15T16:07:05.361+0000] {processor.py:753} INFO - DAG(s) dict_keys(['rest_api']) retrieved from /opt/airflow/dags/example.py
[2023-03-15T16:07:05.411+0000] {logging_mixin.py:137} INFO - [2023-03-15T16:07:05.410+0000] {dag.py:2690} INFO - Sync 1 DAGs
[2023-03-15T16:07:05.453+0000] {logging_mixin.py:137} INFO - [2023-03-15T16:07:05.453+0000] {dag.py:3441} INFO - Setting next_dagrun for rest_api to 2023-03-14T00:00:00+00:00, run_after=2023-03-15T00:00:00+00:00
[2023-03-15T16:07:05.484+0000] {processor.py:175} INFO - Processing /opt/airflow/dags/example.py took 0.197 seconds
[2023-03-15T16:07:36.044+0000] {processor.py:153} INFO - Started process (PID=9238) to work on /opt/airflow/dags/example.py
[2023-03-15T16:07:36.047+0000] {processor.py:743} INFO - Processing file /opt/airflow/dags/example.py for tasks to queue
[2023-03-15T16:07:36.049+0000] {logging_mixin.py:137} INFO - [2023-03-15T16:07:36.049+0000] {dagbag.py:538} INFO - Filling up the DagBag from /opt/airflow/dags/example.py
[2023-03-15T16:07:36.086+0000] {processor.py:753} INFO - DAG(s) dict_keys(['rest_api']) retrieved from /opt/airflow/dags/example.py
[2023-03-15T16:07:36.146+0000] {logging_mixin.py:137} INFO - [2023-03-15T16:07:36.145+0000] {dag.py:2690} INFO - Sync 1 DAGs
[2023-03-15T16:07:36.163+0000] {logging_mixin.py:137} INFO - [2023-03-15T16:07:36.163+0000] {dag.py:3441} INFO - Setting next_dagrun for rest_api to 2023-03-14T00:00:00+00:00, run_after=2023-03-15T00:00:00+00:00
[2023-03-15T16:07:36.176+0000] {processor.py:175} INFO - Processing /opt/airflow/dags/example.py took 0.146 seconds
[2023-03-15T16:08:06.677+0000] {processor.py:153} INFO - Started process (PID=9276) to work on /opt/airflow/dags/example.py
[2023-03-15T16:08:06.680+0000] {processor.py:743} INFO - Processing file /opt/airflow/dags/example.py for tasks to queue
[2023-03-15T16:08:06.682+0000] {logging_mixin.py:137} INFO - [2023-03-15T16:08:06.682+0000] {dagbag.py:538} INFO - Filling up the DagBag from /opt/airflow/dags/example.py
[2023-03-15T16:08:06.733+0000] {processor.py:753} INFO - DAG(s) dict_keys(['rest_api']) retrieved from /opt/airflow/dags/example.py
[2023-03-15T16:08:06.765+0000] {logging_mixin.py:137} INFO - [2023-03-15T16:08:06.765+0000] {dag.py:2690} INFO - Sync 1 DAGs
[2023-03-15T16:08:06.803+0000] {logging_mixin.py:137} INFO - [2023-03-15T16:08:06.803+0000] {dag.py:3441} INFO - Setting next_dagrun for rest_api to 2023-03-14T00:00:00+00:00, run_after=2023-03-15T00:00:00+00:00
[2023-03-15T16:08:06.815+0000] {processor.py:175} INFO - Processing /opt/airflow/dags/example.py took 0.146 seconds
[2023-03-15T16:09:19.793+0000] {processor.py:153} INFO - Started process (PID=9297) to work on /opt/airflow/dags/example.py
[2023-03-15T16:09:19.806+0000] {processor.py:743} INFO - Processing file /opt/airflow/dags/example.py for tasks to queue
[2023-03-15T16:09:19.833+0000] {logging_mixin.py:137} INFO - [2023-03-15T16:09:19.832+0000] {dagbag.py:538} INFO - Filling up the DagBag from /opt/airflow/dags/example.py
[2023-03-15T16:09:20.288+0000] {processor.py:753} INFO - DAG(s) dict_keys(['rest_api']) retrieved from /opt/airflow/dags/example.py
[2023-03-15T16:09:20.989+0000] {logging_mixin.py:137} INFO - [2023-03-15T16:09:20.989+0000] {dag.py:2690} INFO - Sync 1 DAGs
[2023-03-15T16:09:23.154+0000] {logging_mixin.py:137} INFO - [2023-03-15T16:09:23.114+0000] {dag.py:3441} INFO - Setting next_dagrun for rest_api to 2023-03-14T00:00:00+00:00, run_after=2023-03-15T00:00:00+00:00
[2023-03-15T16:09:23.629+0000] {processor.py:175} INFO - Processing /opt/airflow/dags/example.py took 3.862 seconds
[2023-03-15T16:09:54.491+0000] {processor.py:153} INFO - Started process (PID=9329) to work on /opt/airflow/dags/example.py
[2023-03-15T16:09:54.498+0000] {processor.py:743} INFO - Processing file /opt/airflow/dags/example.py for tasks to queue
[2023-03-15T16:09:54.506+0000] {logging_mixin.py:137} INFO - [2023-03-15T16:09:54.504+0000] {dagbag.py:538} INFO - Filling up the DagBag from /opt/airflow/dags/example.py
[2023-03-15T16:09:54.705+0000] {processor.py:753} INFO - DAG(s) dict_keys(['rest_api']) retrieved from /opt/airflow/dags/example.py
[2023-03-15T16:09:54.980+0000] {logging_mixin.py:137} INFO - [2023-03-15T16:09:54.978+0000] {dag.py:2690} INFO - Sync 1 DAGs
[2023-03-15T16:09:55.022+0000] {logging_mixin.py:137} INFO - [2023-03-15T16:09:55.022+0000] {dag.py:2711} INFO - Creating ORM DAG for rest_api
[2023-03-15T16:09:55.044+0000] {logging_mixin.py:137} INFO - [2023-03-15T16:09:55.043+0000] {dag.py:3441} INFO - Setting next_dagrun for rest_api to 2023-03-14T00:00:00+00:00, run_after=2023-03-15T00:00:00+00:00
[2023-03-15T16:09:55.645+0000] {logging_mixin.py:137} WARNING - /home/airflow/.local/lib/python3.7/site-packages/airflow/models/dagbag.py:639 RemovedInAirflow3Warning: DAG.full_filepath is deprecated in favour of fileloc
[2023-03-15T16:09:55.658+0000] {logging_mixin.py:137} INFO - [2023-03-15T16:09:55.646+0000] {dagbag.py:639} ERROR - Failed to write serialized DAG: /opt/airflow/dags/example.py
Traceback (most recent call last):
  File "/home/airflow/.local/lib/python3.7/site-packages/airflow/models/dagbag.py", line 631, in _serialize_dag_capturing_errors
    session=session,
  File "/home/airflow/.local/lib/python3.7/site-packages/airflow/utils/session.py", line 72, in wrapper
    return func(*args, **kwargs)
  File "/home/airflow/.local/lib/python3.7/site-packages/airflow/models/serialized_dag.py", line 149, in write_dag
    (timezone.utcnow() - timedelta(seconds=min_update_interval)) < cls.last_updated,
  File "/home/airflow/.local/lib/python3.7/site-packages/sqlalchemy/orm/query.py", line 2893, in scalar
    ret = self.one()
  File "/home/airflow/.local/lib/python3.7/site-packages/sqlalchemy/orm/query.py", line 2870, in one
    return self._iter().one()
  File "/home/airflow/.local/lib/python3.7/site-packages/sqlalchemy/orm/query.py", line 2919, in _iter
    execution_options={"_sa_orm_load_options": self.load_options},
  File "/home/airflow/.local/lib/python3.7/site-packages/sqlalchemy/orm/session.py", line 1713, in execute
    conn = self._connection_for_bind(bind)
  File "/home/airflow/.local/lib/python3.7/site-packages/sqlalchemy/orm/session.py", line 1553, in _connection_for_bind
    engine, execution_options
  File "/home/airflow/.local/lib/python3.7/site-packages/sqlalchemy/orm/session.py", line 721, in _connection_for_bind
    self._assert_active()
  File "/home/airflow/.local/lib/python3.7/site-packages/sqlalchemy/orm/session.py", line 608, in _assert_active
    code="7s2a",
sqlalchemy.exc.PendingRollbackError: This Session's transaction has been rolled back due to a previous exception during flush. To begin a new transaction with this Session, first issue Session.rollback(). Original exception was: (psycopg2.errors.UniqueViolation) duplicate key value violates unique constraint "dag_pkey"
DETAIL:  Key (dag_id)=(rest_api) already exists.

[SQL: INSERT INTO dag (dag_id, root_dag_id, is_paused, is_subdag, is_active, last_parsed_time, last_pickled, last_expired, scheduler_lock, pickle_id, fileloc, processor_subdir, owners, description, default_view, schedule_interval, timetable_description, max_active_tasks, max_active_runs, has_task_concurrency_limits, has_import_errors, next_dagrun, next_dagrun_data_interval_start, next_dagrun_data_interval_end, next_dagrun_create_after) VALUES (%(dag_id)s, %(root_dag_id)s, %(is_paused)s, %(is_subdag)s, %(is_active)s, %(last_parsed_time)s, %(last_pickled)s, %(last_expired)s, %(scheduler_lock)s, %(pickle_id)s, %(fileloc)s, %(processor_subdir)s, %(owners)s, %(description)s, %(default_view)s, %(schedule_interval)s, %(timetable_description)s, %(max_active_tasks)s, %(max_active_runs)s, %(has_task_concurrency_limits)s, %(has_import_errors)s, %(next_dagrun)s, %(next_dagrun_data_interval_start)s, %(next_dagrun_data_interval_end)s, %(next_dagrun_create_after)s)]
[parameters: {'dag_id': 'rest_api', 'root_dag_id': None, 'is_paused': True, 'is_subdag': False, 'is_active': True, 'last_parsed_time': datetime.datetime(2023, 3, 15, 16, 9, 55, 40407, tzinfo=Timezone('UTC')), 'last_pickled': None, 'last_expired': None, 'scheduler_lock': None, 'pickle_id': None, 'fileloc': '/opt/airflow/dags/example.py', 'processor_subdir': '/opt/airflow/dags', 'owners': 'airflow', 'description': None, 'default_view': 'grid', 'schedule_interval': '"@daily"', 'timetable_description': 'At 00:00', 'max_active_tasks': 16, 'max_active_runs': 16, 'has_task_concurrency_limits': False, 'has_import_errors': False, 'next_dagrun': DateTime(2023, 3, 14, 0, 0, 0, tzinfo=Timezone('UTC')), 'next_dagrun_data_interval_start': DateTime(2023, 3, 14, 0, 0, 0, tzinfo=Timezone('UTC')), 'next_dagrun_data_interval_end': DateTime(2023, 3, 15, 0, 0, 0, tzinfo=Timezone('UTC')), 'next_dagrun_create_after': DateTime(2023, 3, 15, 0, 0, 0, tzinfo=Timezone('UTC'))}]
(Background on this error at: https://sqlalche.me/e/14/gkpj) (Background on this error at: https://sqlalche.me/e/14/7s2a)
[2023-03-15T16:09:55.659+0000] {logging_mixin.py:137} INFO - [2023-03-15T16:09:55.659+0000] {dag.py:2690} INFO - Sync 1 DAGs
[2023-03-15T16:09:55.661+0000] {processor.py:178} ERROR - Got an exception! Propagating...
Traceback (most recent call last):
  File "/home/airflow/.local/lib/python3.7/site-packages/airflow/dag_processing/processor.py", line 174, in _run_file_processor
    _handle_dag_file_processing()
  File "/home/airflow/.local/lib/python3.7/site-packages/airflow/dag_processing/processor.py", line 158, in _handle_dag_file_processing
    callback_requests=callback_requests,
  File "/home/airflow/.local/lib/python3.7/site-packages/airflow/utils/session.py", line 75, in wrapper
    return func(*args, session=session, **kwargs)
  File "/home/airflow/.local/lib/python3.7/site-packages/airflow/dag_processing/processor.py", line 768, in process_file
    dagbag.sync_to_db(processor_subdir=self._dag_directory, session=session)
  File "/home/airflow/.local/lib/python3.7/site-packages/airflow/utils/session.py", line 72, in wrapper
    return func(*args, **kwargs)
  File "/home/airflow/.local/lib/python3.7/site-packages/airflow/models/dagbag.py", line 645, in sync_to_db
    for attempt in run_with_db_retries(logger=self.log):
  File "/home/airflow/.local/lib/python3.7/site-packages/tenacity/__init__.py", line 384, in __iter__
    do = self.iter(retry_state=retry_state)
  File "/home/airflow/.local/lib/python3.7/site-packages/tenacity/__init__.py", line 351, in iter
    return fut.result()
  File "/usr/local/lib/python3.7/concurrent/futures/_base.py", line 428, in result
    return self.__get_result()
  File "/usr/local/lib/python3.7/concurrent/futures/_base.py", line 384, in __get_result
    raise self._exception
  File "/home/airflow/.local/lib/python3.7/site-packages/airflow/models/dagbag.py", line 660, in sync_to_db
    self.dags.values(), processor_subdir=processor_subdir, session=session
  File "/home/airflow/.local/lib/python3.7/site-packages/airflow/utils/session.py", line 72, in wrapper
    return func(*args, **kwargs)
  File "/home/airflow/.local/lib/python3.7/site-packages/airflow/models/dag.py", line 2701, in bulk_write_to_db
    orm_dags: list[DagModel] = with_row_locks(query, of=DagModel, session=session).all()
  File "/home/airflow/.local/lib/python3.7/site-packages/sqlalchemy/orm/query.py", line 2773, in all
    return self._iter().all()
  File "/home/airflow/.local/lib/python3.7/site-packages/sqlalchemy/orm/query.py", line 2919, in _iter
    execution_options={"_sa_orm_load_options": self.load_options},
  File "/home/airflow/.local/lib/python3.7/site-packages/sqlalchemy/orm/session.py", line 1713, in execute
    conn = self._connection_for_bind(bind)
  File "/home/airflow/.local/lib/python3.7/site-packages/sqlalchemy/orm/session.py", line 1553, in _connection_for_bind
    engine, execution_options
  File "/home/airflow/.local/lib/python3.7/site-packages/sqlalchemy/orm/session.py", line 721, in _connection_for_bind
    self._assert_active()
  File "/home/airflow/.local/lib/python3.7/site-packages/sqlalchemy/orm/session.py", line 608, in _assert_active
    code="7s2a",
sqlalchemy.exc.PendingRollbackError: This Session's transaction has been rolled back due to a previous exception during flush. To begin a new transaction with this Session, first issue Session.rollback(). Original exception was: (psycopg2.errors.UniqueViolation) duplicate key value violates unique constraint "dag_pkey"
DETAIL:  Key (dag_id)=(rest_api) already exists.

[SQL: INSERT INTO dag (dag_id, root_dag_id, is_paused, is_subdag, is_active, last_parsed_time, last_pickled, last_expired, scheduler_lock, pickle_id, fileloc, processor_subdir, owners, description, default_view, schedule_interval, timetable_description, max_active_tasks, max_active_runs, has_task_concurrency_limits, has_import_errors, next_dagrun, next_dagrun_data_interval_start, next_dagrun_data_interval_end, next_dagrun_create_after) VALUES (%(dag_id)s, %(root_dag_id)s, %(is_paused)s, %(is_subdag)s, %(is_active)s, %(last_parsed_time)s, %(last_pickled)s, %(last_expired)s, %(scheduler_lock)s, %(pickle_id)s, %(fileloc)s, %(processor_subdir)s, %(owners)s, %(description)s, %(default_view)s, %(schedule_interval)s, %(timetable_description)s, %(max_active_tasks)s, %(max_active_runs)s, %(has_task_concurrency_limits)s, %(has_import_errors)s, %(next_dagrun)s, %(next_dagrun_data_interval_start)s, %(next_dagrun_data_interval_end)s, %(next_dagrun_create_after)s)]
[parameters: {'dag_id': 'rest_api', 'root_dag_id': None, 'is_paused': True, 'is_subdag': False, 'is_active': True, 'last_parsed_time': datetime.datetime(2023, 3, 15, 16, 9, 55, 40407, tzinfo=Timezone('UTC')), 'last_pickled': None, 'last_expired': None, 'scheduler_lock': None, 'pickle_id': None, 'fileloc': '/opt/airflow/dags/example.py', 'processor_subdir': '/opt/airflow/dags', 'owners': 'airflow', 'description': None, 'default_view': 'grid', 'schedule_interval': '"@daily"', 'timetable_description': 'At 00:00', 'max_active_tasks': 16, 'max_active_runs': 16, 'has_task_concurrency_limits': False, 'has_import_errors': False, 'next_dagrun': DateTime(2023, 3, 14, 0, 0, 0, tzinfo=Timezone('UTC')), 'next_dagrun_data_interval_start': DateTime(2023, 3, 14, 0, 0, 0, tzinfo=Timezone('UTC')), 'next_dagrun_data_interval_end': DateTime(2023, 3, 15, 0, 0, 0, tzinfo=Timezone('UTC')), 'next_dagrun_create_after': DateTime(2023, 3, 15, 0, 0, 0, tzinfo=Timezone('UTC'))}]
(Background on this error at: https://sqlalche.me/e/14/gkpj) (Background on this error at: https://sqlalche.me/e/14/7s2a)
[2023-03-15T16:10:25.917+0000] {processor.py:153} INFO - Started process (PID=9355) to work on /opt/airflow/dags/example.py
[2023-03-15T16:10:25.922+0000] {processor.py:743} INFO - Processing file /opt/airflow/dags/example.py for tasks to queue
[2023-03-15T16:10:25.924+0000] {logging_mixin.py:137} INFO - [2023-03-15T16:10:25.924+0000] {dagbag.py:538} INFO - Filling up the DagBag from /opt/airflow/dags/example.py
[2023-03-15T16:10:26.005+0000] {processor.py:753} INFO - DAG(s) dict_keys(['rest_api']) retrieved from /opt/airflow/dags/example.py
[2023-03-15T16:10:26.098+0000] {logging_mixin.py:137} INFO - [2023-03-15T16:10:26.097+0000] {dag.py:2690} INFO - Sync 1 DAGs
[2023-03-15T16:10:26.120+0000] {logging_mixin.py:137} INFO - [2023-03-15T16:10:26.120+0000] {dag.py:3441} INFO - Setting next_dagrun for rest_api to 2023-03-14T00:00:00+00:00, run_after=2023-03-15T00:00:00+00:00
[2023-03-15T16:10:26.135+0000] {processor.py:175} INFO - Processing /opt/airflow/dags/example.py took 0.239 seconds
[2023-03-15T16:13:30.950+0000] {processor.py:153} INFO - Started process (PID=9381) to work on /opt/airflow/dags/example.py
[2023-03-15T16:13:30.957+0000] {processor.py:743} INFO - Processing file /opt/airflow/dags/example.py for tasks to queue
[2023-03-15T16:13:30.962+0000] {logging_mixin.py:137} INFO - [2023-03-15T16:13:30.960+0000] {dagbag.py:538} INFO - Filling up the DagBag from /opt/airflow/dags/example.py
[2023-03-15T16:13:31.153+0000] {processor.py:753} INFO - DAG(s) dict_keys(['rest_api']) retrieved from /opt/airflow/dags/example.py
[2023-03-15T16:13:31.305+0000] {logging_mixin.py:137} INFO - [2023-03-15T16:13:31.305+0000] {dag.py:2690} INFO - Sync 1 DAGs
[2023-03-15T16:13:31.385+0000] {logging_mixin.py:137} INFO - [2023-03-15T16:13:31.385+0000] {dag.py:3441} INFO - Setting next_dagrun for rest_api to 2023-03-14T00:00:00+00:00, run_after=2023-03-15T00:00:00+00:00
[2023-03-15T16:13:31.421+0000] {processor.py:175} INFO - Processing /opt/airflow/dags/example.py took 0.511 seconds
[2023-03-15T16:14:31.462+0000] {processor.py:153} INFO - Started process (PID=9407) to work on /opt/airflow/dags/example.py
[2023-03-15T16:14:31.467+0000] {processor.py:743} INFO - Processing file /opt/airflow/dags/example.py for tasks to queue
[2023-03-15T16:14:31.469+0000] {logging_mixin.py:137} INFO - [2023-03-15T16:14:31.469+0000] {dagbag.py:538} INFO - Filling up the DagBag from /opt/airflow/dags/example.py
[2023-03-15T16:14:31.730+0000] {processor.py:753} INFO - DAG(s) dict_keys(['rest_api']) retrieved from /opt/airflow/dags/example.py
[2023-03-15T16:14:31.951+0000] {logging_mixin.py:137} INFO - [2023-03-15T16:14:31.950+0000] {dag.py:2690} INFO - Sync 1 DAGs
[2023-03-15T16:14:32.002+0000] {logging_mixin.py:137} INFO - [2023-03-15T16:14:32.002+0000] {dag.py:3441} INFO - Setting next_dagrun for rest_api to 2023-03-14T00:00:00+00:00, run_after=2023-03-15T00:00:00+00:00
[2023-03-15T16:14:32.063+0000] {processor.py:175} INFO - Processing /opt/airflow/dags/example.py took 0.619 seconds
[2023-03-15T16:16:17.898+0000] {processor.py:153} INFO - Started process (PID=9434) to work on /opt/airflow/dags/example.py
[2023-03-15T16:16:17.901+0000] {processor.py:743} INFO - Processing file /opt/airflow/dags/example.py for tasks to queue
[2023-03-15T16:16:17.902+0000] {logging_mixin.py:137} INFO - [2023-03-15T16:16:17.902+0000] {dagbag.py:538} INFO - Filling up the DagBag from /opt/airflow/dags/example.py
[2023-03-15T16:16:17.982+0000] {processor.py:753} INFO - DAG(s) dict_keys(['rest_api']) retrieved from /opt/airflow/dags/example.py
[2023-03-15T16:16:18.028+0000] {logging_mixin.py:137} INFO - [2023-03-15T16:16:18.027+0000] {dag.py:2690} INFO - Sync 1 DAGs
[2023-03-15T16:16:18.065+0000] {logging_mixin.py:137} INFO - [2023-03-15T16:16:18.065+0000] {dag.py:3441} INFO - Setting next_dagrun for rest_api to 2023-03-14T00:00:00+00:00, run_after=2023-03-15T00:00:00+00:00
[2023-03-15T16:16:18.080+0000] {processor.py:175} INFO - Processing /opt/airflow/dags/example.py took 0.201 seconds
[2023-03-15T16:17:02.417+0000] {processor.py:153} INFO - Started process (PID=9460) to work on /opt/airflow/dags/example.py
[2023-03-15T16:17:02.420+0000] {processor.py:743} INFO - Processing file /opt/airflow/dags/example.py for tasks to queue
[2023-03-15T16:17:02.422+0000] {logging_mixin.py:137} INFO - [2023-03-15T16:17:02.422+0000] {dagbag.py:538} INFO - Filling up the DagBag from /opt/airflow/dags/example.py
[2023-03-15T16:17:02.480+0000] {processor.py:753} INFO - DAG(s) dict_keys(['rest_api']) retrieved from /opt/airflow/dags/example.py
[2023-03-15T16:17:02.602+0000] {logging_mixin.py:137} INFO - [2023-03-15T16:17:02.602+0000] {dag.py:2690} INFO - Sync 1 DAGs
[2023-03-15T16:17:02.637+0000] {logging_mixin.py:137} INFO - [2023-03-15T16:17:02.637+0000] {dag.py:3441} INFO - Setting next_dagrun for rest_api to 2023-03-14T00:00:00+00:00, run_after=2023-03-15T00:00:00+00:00
[2023-03-15T16:17:02.655+0000] {processor.py:175} INFO - Processing /opt/airflow/dags/example.py took 0.247 seconds
[2023-03-15T16:18:12.506+0000] {processor.py:153} INFO - Started process (PID=9494) to work on /opt/airflow/dags/example.py
[2023-03-15T16:18:12.508+0000] {processor.py:743} INFO - Processing file /opt/airflow/dags/example.py for tasks to queue
[2023-03-15T16:18:12.510+0000] {logging_mixin.py:137} INFO - [2023-03-15T16:18:12.510+0000] {dagbag.py:538} INFO - Filling up the DagBag from /opt/airflow/dags/example.py
[2023-03-15T16:18:12.609+0000] {processor.py:753} INFO - DAG(s) dict_keys(['rest_api']) retrieved from /opt/airflow/dags/example.py
[2023-03-15T16:18:12.659+0000] {logging_mixin.py:137} INFO - [2023-03-15T16:18:12.659+0000] {dag.py:2690} INFO - Sync 1 DAGs
[2023-03-15T16:18:12.723+0000] {logging_mixin.py:137} INFO - [2023-03-15T16:18:12.722+0000] {dag.py:3441} INFO - Setting next_dagrun for rest_api to 2023-03-14T00:00:00+00:00, run_after=2023-03-15T00:00:00+00:00
[2023-03-15T16:18:12.755+0000] {processor.py:175} INFO - Processing /opt/airflow/dags/example.py took 0.259 seconds
[2023-03-15T16:20:35.165+0000] {processor.py:153} INFO - Started process (PID=9523) to work on /opt/airflow/dags/example.py
[2023-03-15T16:20:35.169+0000] {processor.py:743} INFO - Processing file /opt/airflow/dags/example.py for tasks to queue
[2023-03-15T16:20:35.170+0000] {logging_mixin.py:137} INFO - [2023-03-15T16:20:35.170+0000] {dagbag.py:538} INFO - Filling up the DagBag from /opt/airflow/dags/example.py
[2023-03-15T16:20:35.242+0000] {processor.py:753} INFO - DAG(s) dict_keys(['rest_api']) retrieved from /opt/airflow/dags/example.py
[2023-03-15T16:20:35.384+0000] {logging_mixin.py:137} INFO - [2023-03-15T16:20:35.383+0000] {dag.py:2690} INFO - Sync 1 DAGs
[2023-03-15T16:20:35.430+0000] {logging_mixin.py:137} INFO - [2023-03-15T16:20:35.430+0000] {dag.py:3441} INFO - Setting next_dagrun for rest_api to 2023-03-14T00:00:00+00:00, run_after=2023-03-15T00:00:00+00:00
[2023-03-15T16:20:35.451+0000] {processor.py:175} INFO - Processing /opt/airflow/dags/example.py took 0.294 seconds
[2023-03-15T16:21:26.111+0000] {processor.py:153} INFO - Started process (PID=9549) to work on /opt/airflow/dags/example.py
[2023-03-15T16:21:26.114+0000] {processor.py:743} INFO - Processing file /opt/airflow/dags/example.py for tasks to queue
[2023-03-15T16:21:26.116+0000] {logging_mixin.py:137} INFO - [2023-03-15T16:21:26.115+0000] {dagbag.py:538} INFO - Filling up the DagBag from /opt/airflow/dags/example.py
[2023-03-15T16:21:26.187+0000] {processor.py:753} INFO - DAG(s) dict_keys(['rest_api']) retrieved from /opt/airflow/dags/example.py
[2023-03-15T16:21:26.239+0000] {logging_mixin.py:137} INFO - [2023-03-15T16:21:26.239+0000] {dag.py:2690} INFO - Sync 1 DAGs
[2023-03-15T16:21:26.265+0000] {logging_mixin.py:137} INFO - [2023-03-15T16:21:26.265+0000] {dag.py:3441} INFO - Setting next_dagrun for rest_api to 2023-03-14T00:00:00+00:00, run_after=2023-03-15T00:00:00+00:00
[2023-03-15T16:21:26.280+0000] {processor.py:175} INFO - Processing /opt/airflow/dags/example.py took 0.179 seconds
[2023-03-15T16:39:04.988+0000] {processor.py:153} INFO - Started process (PID=9576) to work on /opt/airflow/dags/example.py
[2023-03-15T16:39:04.999+0000] {processor.py:743} INFO - Processing file /opt/airflow/dags/example.py for tasks to queue
[2023-03-15T16:39:05.004+0000] {logging_mixin.py:137} INFO - [2023-03-15T16:39:05.004+0000] {dagbag.py:538} INFO - Filling up the DagBag from /opt/airflow/dags/example.py
[2023-03-15T16:39:05.155+0000] {processor.py:753} INFO - DAG(s) dict_keys(['rest_api']) retrieved from /opt/airflow/dags/example.py
[2023-03-15T16:39:05.352+0000] {logging_mixin.py:137} INFO - [2023-03-15T16:39:05.352+0000] {dag.py:2690} INFO - Sync 1 DAGs
[2023-03-15T16:39:05.452+0000] {logging_mixin.py:137} INFO - [2023-03-15T16:39:05.452+0000] {dag.py:3441} INFO - Setting next_dagrun for rest_api to 2023-03-14T00:00:00+00:00, run_after=2023-03-15T00:00:00+00:00
[2023-03-15T16:39:05.508+0000] {processor.py:175} INFO - Processing /opt/airflow/dags/example.py took 0.574 seconds
[2023-03-15T17:27:03.831+0000] {processor.py:153} INFO - Started process (PID=9602) to work on /opt/airflow/dags/example.py
[2023-03-15T17:27:04.482+0000] {processor.py:743} INFO - Processing file /opt/airflow/dags/example.py for tasks to queue
[2023-03-15T17:27:04.762+0000] {logging_mixin.py:137} INFO - [2023-03-15T17:27:04.761+0000] {dagbag.py:538} INFO - Filling up the DagBag from /opt/airflow/dags/example.py
[2023-03-15T17:27:07.644+0000] {processor.py:753} INFO - DAG(s) dict_keys(['rest_api']) retrieved from /opt/airflow/dags/example.py
[2023-03-15T17:27:08.302+0000] {logging_mixin.py:137} INFO - [2023-03-15T17:27:08.301+0000] {dag.py:2690} INFO - Sync 1 DAGs
[2023-03-15T17:27:09.175+0000] {logging_mixin.py:137} INFO - [2023-03-15T17:27:09.163+0000] {dag.py:3441} INFO - Setting next_dagrun for rest_api to 2023-03-14T00:00:00+00:00, run_after=2023-03-15T00:00:00+00:00
[2023-03-15T17:27:09.389+0000] {processor.py:175} INFO - Processing /opt/airflow/dags/example.py took 7.341 seconds
