[2023-03-15T13:36:48.368+0000] {taskinstance.py:1083} INFO - Dependencies all met for <TaskInstance: rest_api.api_is_active scheduled__2023-03-08T00:00:00+00:00 [queued]>
[2023-03-15T13:36:48.377+0000] {taskinstance.py:1083} INFO - Dependencies all met for <TaskInstance: rest_api.api_is_active scheduled__2023-03-08T00:00:00+00:00 [queued]>
[2023-03-15T13:36:48.378+0000] {taskinstance.py:1279} INFO - 
--------------------------------------------------------------------------------
[2023-03-15T13:36:48.379+0000] {taskinstance.py:1280} INFO - Starting attempt 1 of 1
[2023-03-15T13:36:48.379+0000] {taskinstance.py:1281} INFO - 
--------------------------------------------------------------------------------
[2023-03-15T13:36:48.390+0000] {taskinstance.py:1300} INFO - Executing <Task(HttpSensor): api_is_active> on 2023-03-08 00:00:00+00:00
[2023-03-15T13:36:48.398+0000] {standard_task_runner.py:55} INFO - Started process 53 to run task
[2023-03-15T13:36:48.414+0000] {standard_task_runner.py:82} INFO - Running: ['***', 'tasks', 'run', 'rest_api', 'api_is_active', 'scheduled__2023-03-08T00:00:00+00:00', '--job-id', '86', '--raw', '--subdir', 'DAGS_FOLDER/rest_api.py', '--cfg-path', '/tmp/tmpuui422aq']
[2023-03-15T13:36:48.417+0000] {standard_task_runner.py:83} INFO - Job 86: Subtask api_is_active
[2023-03-15T13:36:48.609+0000] {task_command.py:388} INFO - Running <TaskInstance: rest_api.api_is_active scheduled__2023-03-08T00:00:00+00:00 [running]> on host 99e079803755
[2023-03-15T13:36:48.932+0000] {taskinstance.py:1509} INFO - Exporting the following env vars:
AIRFLOW_CTX_DAG_OWNER=***
AIRFLOW_CTX_DAG_ID=rest_api
AIRFLOW_CTX_TASK_ID=api_is_active
AIRFLOW_CTX_EXECUTION_DATE=2023-03-08T00:00:00+00:00
AIRFLOW_CTX_TRY_NUMBER=1
AIRFLOW_CTX_DAG_RUN_ID=scheduled__2023-03-08T00:00:00+00:00
[2023-03-15T13:36:48.942+0000] {http.py:122} INFO - Poking: posts
[2023-03-15T13:36:49.037+0000] {base.py:73} INFO - Using connection ID 'api_posts' for task execution.
[2023-03-15T13:36:49.901+0000] {base.py:228} INFO - Success criteria met. Exiting.
[2023-03-15T13:36:49.974+0000] {taskinstance.py:1323} INFO - Marking task as SUCCESS. dag_id=rest_api, task_id=api_is_active, execution_date=20230308T000000, start_date=20230315T133648, end_date=20230315T133649
[2023-03-15T13:36:50.157+0000] {local_task_job.py:208} INFO - Task exited with return code 0
[2023-03-15T13:36:50.269+0000] {taskinstance.py:2578} INFO - 0 downstream tasks scheduled from follow-on schedule check
