[2023-03-08T13:29:15.623+0000] {taskinstance.py:1083} INFO - Dependencies all met for <TaskInstance: api_dag.api_is_active scheduled__2023-03-07T00:00:00+00:00 [queued]>
[2023-03-08T13:29:15.639+0000] {taskinstance.py:1083} INFO - Dependencies all met for <TaskInstance: api_dag.api_is_active scheduled__2023-03-07T00:00:00+00:00 [queued]>
[2023-03-08T13:29:15.639+0000] {taskinstance.py:1279} INFO - 
--------------------------------------------------------------------------------
[2023-03-08T13:29:15.640+0000] {taskinstance.py:1280} INFO - Starting attempt 1 of 1
[2023-03-08T13:29:15.640+0000] {taskinstance.py:1281} INFO - 
--------------------------------------------------------------------------------
[2023-03-08T13:29:15.650+0000] {taskinstance.py:1300} INFO - Executing <Task(HttpSensor): api_is_active> on 2023-03-07 00:00:00+00:00
[2023-03-08T13:29:15.656+0000] {standard_task_runner.py:55} INFO - Started process 780 to run task
[2023-03-08T13:29:15.661+0000] {standard_task_runner.py:82} INFO - Running: ['***', 'tasks', 'run', 'api_dag', 'api_is_active', 'scheduled__2023-03-07T00:00:00+00:00', '--job-id', '75', '--raw', '--subdir', 'DAGS_FOLDER/rest_api.py', '--cfg-path', '/tmp/tmp3cigm8bg']
[2023-03-08T13:29:15.662+0000] {standard_task_runner.py:83} INFO - Job 75: Subtask api_is_active
[2023-03-08T13:29:15.773+0000] {task_command.py:388} INFO - Running <TaskInstance: api_dag.api_is_active scheduled__2023-03-07T00:00:00+00:00 [running]> on host 99e079803755
[2023-03-08T13:29:15.868+0000] {taskinstance.py:1509} INFO - Exporting the following env vars:
AIRFLOW_CTX_DAG_OWNER=***
AIRFLOW_CTX_DAG_ID=api_dag
AIRFLOW_CTX_TASK_ID=api_is_active
AIRFLOW_CTX_EXECUTION_DATE=2023-03-07T00:00:00+00:00
AIRFLOW_CTX_TRY_NUMBER=1
AIRFLOW_CTX_DAG_RUN_ID=scheduled__2023-03-07T00:00:00+00:00
[2023-03-08T13:29:15.869+0000] {http.py:122} INFO - Poking: posts
[2023-03-08T13:29:15.884+0000] {base.py:73} INFO - Using connection ID 'api_posts' for task execution.
[2023-03-08T13:29:16.793+0000] {base.py:228} INFO - Success criteria met. Exiting.
[2023-03-08T13:29:16.823+0000] {taskinstance.py:1323} INFO - Marking task as SUCCESS. dag_id=api_dag, task_id=api_is_active, execution_date=20230307T000000, start_date=20230308T132915, end_date=20230308T132916
[2023-03-08T13:29:16.905+0000] {local_task_job.py:208} INFO - Task exited with return code 0
[2023-03-08T13:29:16.952+0000] {taskinstance.py:2578} INFO - 0 downstream tasks scheduled from follow-on schedule check
